2019-11-07 09:45:55,761  INFO:Run started.
2019-11-07 09:45:55,761  INFO: Start variables= lambda(s): [0.031]  type: 
2019-11-07 09:47:10,472  INFO:Run started.
2019-11-07 09:47:10,473  INFO: Start variables= lambda(s): [0.031]  type: 
2019-11-07 09:54:51,528  INFO:Run started.
2019-11-07 09:54:51,529  INFO: Start variables= lambda(s): [0.031]  type: 
2019-11-07 09:56:11,810  INFO:Run started.
2019-11-07 09:56:11,810  INFO: Start variables= lambda(s): [0.031]  type: 
2019-11-07 09:58:39,981  INFO:Run started.
2019-11-07 09:58:39,982  INFO: Start variables= lambda(s): [0.031]  type: 
2019-11-07 10:00:52,877  INFO:Run started.
2019-11-07 10:00:52,877  INFO: Start variables= lambda(s): [0.031]  type: 
2019-11-07 10:02:14,658  INFO:Run started.
2019-11-07 10:02:14,659  INFO: Start variables= lambda(s): [0.031]  type: 
2019-11-07 10:04:12,484  INFO:Run started.
2019-11-07 10:04:12,484  INFO: Start variables= lambda(s): [0.031]  type: 
2019-11-07 10:06:31,327  INFO:Run started.
2019-11-07 10:06:31,327  INFO: Start variables= lambda(s): [0.031]  type: 
2019-11-07 10:08:27,329  INFO:Run started.
2019-11-07 10:08:27,329  INFO: Start variables= lambda(s): [0.031]  type: 
2019-11-07 10:11:15,310  INFO:Run started.
2019-11-07 10:11:15,315  INFO: Start variables= lambda(s): [0.031]  type: 
2019-11-07 10:12:25,661  INFO:Run started.
2019-11-07 10:12:25,662  INFO: Start variables= lambda(s): [0.031]  type: 
2019-11-07 10:16:22,120  INFO:Run started.
2019-11-07 10:16:22,121  INFO: Start variables= lambda(s): [0.031]  type: 
2019-11-07 10:20:50,738  INFO:Run started.
2019-11-07 10:20:50,739  INFO: Start variables= lambda(s): [0.031]  type: 
2019-11-07 10:22:29,306  INFO:Run started.
2019-11-07 10:22:29,307  INFO: Start variables= lambda(s): [0.031]  type: 
2019-11-07 10:40:41,868  INFO:Run started.
2019-11-07 10:40:41,869  INFO: Start variables= lambda(s): [0.031]  type: 
2019-11-07 10:42:58,395  INFO:Run started.
2019-11-07 10:42:58,395  INFO: Start variables= lambda(s): [0.031]  type: 
2019-11-07 10:45:56,925  INFO:Run started.
2019-11-07 10:45:56,926  INFO: Start variables= lambda(s): [0.031]  type: 
2019-11-07 10:46:56,921  INFO:Run started.
2019-11-07 10:46:56,921  INFO: Start variables= lambda(s): [0.031]  type: 
2019-11-07 11:06:16,528  INFO:Run started.
2019-11-07 11:06:16,529  INFO: Start variables= lambda(s): [0.031]  type: 
2019-11-07 11:53:46,513  INFO:Run started.
2019-11-07 11:53:46,514  INFO: Start variables= lambda(s): [0.031]  type: 
2019-11-07 14:06:39,202  INFO:Run started.
2019-11-07 14:06:39,202  INFO: Start variables= lambda(s): [0.031]  type: 
2019-11-07 14:24:15,070  INFO:Run started.
2019-11-07 14:24:15,070  INFO: Start variables= lambda(s): [0.031]  type: 
2019-11-07 15:22:11,359  INFO:Run started.
2019-11-07 15:22:11,359  INFO: Start variables= lambda(s): [0.031]  type: 
2019-11-07 15:26:25,446  INFO:Run started.
2019-11-07 15:26:25,447  INFO: Start variables= lambda(s): [0.031]  type: 
2019-11-07 15:30:21,654  INFO:Run started.
2019-11-07 15:30:21,654  INFO: Start variables= lambda(s): [0.031]  type: 
2019-11-07 15:42:44,112  INFO:Run started.
2019-11-07 15:42:44,113  INFO: Start variables= lambda(s): [0.031]  type: 
2019-11-07 15:48:39,858  INFO:Run started.
2019-11-07 15:48:39,858  INFO: Start variables= lambda(s): [0.031]  type: 
2019-11-07 15:49:20,291  INFO:Run started.
2019-11-07 15:49:20,291  INFO: Start variables= lambda(s): [0.031]  type: 
2019-11-07 18:23:12,758  INFO:Run started.
2019-11-07 18:23:12,759  INFO: Start variables= lambda(s): [0.031]  type: 
2019-11-07 18:24:05,890  INFO:Run started.
2019-11-07 18:24:05,890  INFO: Start variables= lambda(s): [0.031]  type: 
2019-11-07 18:25:25,895  INFO:Run started.
2019-11-07 18:25:25,896  INFO: Start variables= lambda(s): [0.031]  type: 
2019-11-07 18:28:33,339  INFO:Run started.
2019-11-07 18:28:33,339  INFO: Start variables= lambda(s): [0.031]  type: 
2019-11-07 18:29:22,164  INFO:Run started.
2019-11-07 18:29:22,165  INFO: Start variables= lambda(s): [0.031]  type: 
2019-11-07 18:30:04,739  INFO:Run started.
2019-11-07 18:30:04,740  INFO: Start variables= lambda(s): [0.031]  type: 
2019-11-07 18:31:10,571  INFO:Run started.
2019-11-07 18:31:10,572  INFO: Start variables= lambda(s): [0.031]  type: 
2019-11-07 18:32:07,984  INFO:Run started.
2019-11-07 18:32:07,984  INFO: Start variables= lambda(s): [0.031]  type: 
2019-11-07 20:07:21,370  INFO:Run started.
2019-11-07 20:07:21,370  INFO: Start variables= lambda(s): [0.031]  type: 
2019-11-07 20:08:57,981  INFO:Run started.
2019-11-07 20:08:57,981  INFO: Start variables= lambda(s): [0.031]  type: 
2019-11-07 20:11:01,304  INFO:Run started.
2019-11-07 20:11:01,305  INFO: Start variables= lambda(s): [0.031]  type: 
2019-11-07 20:11:44,394  INFO:Run started.
2019-11-07 20:11:44,395  INFO: Start variables= lambda(s): [0.031]  type: 
2019-11-07 20:12:15,776  INFO:Run started.
2019-11-07 20:12:15,777  INFO: Start variables= lambda(s): [0.031]  type: 
2019-11-07 20:14:20,293  INFO:Run started.
2019-11-07 20:14:20,293  INFO: Start variables= lambda(s): [0.031]  type: 
2019-11-07 20:20:57,536  INFO:Run started.
2019-11-07 20:20:57,537  INFO: Start variables= lambda(s): [0.031]  type: 
2019-11-07 21:09:19,443  INFO:Run started.
2019-11-07 21:09:19,444  INFO: Start variables= lambda(s): [0.031]  type: 
2019-11-08 12:48:42,312  INFO:Run started.
2019-11-08 12:48:42,313  INFO: Start variables= lambda(s): [0.031]  type: 
2019-11-08 12:58:11,465  INFO:Run started.
2019-11-08 12:58:11,465  INFO: Start variables= lambda(s): [0.031]  type: 
2019-11-08 12:58:30,856  INFO:FOR MATRIX: X
2019-11-08 12:58:30,895  INFO:
Predicted Packet Type     0
Actual Packet Type         
0                      3033
1                        17
2019-11-08 12:58:30,906  INFO:f1_Score: 0.000000
2019-11-08 12:58:31,278  INFO:FOR MATRIX: CONCAT LS
2019-11-08 12:58:31,299  INFO:
Predicted Packet Type     0
Actual Packet Type         
0                      3033
1                        17
2019-11-08 12:58:31,306  INFO:f1_Score: 0.000000
2019-11-08 12:58:31,787  INFO:FOR MATRIX: CONCAT XLS
2019-11-08 12:58:31,810  INFO:
Predicted Packet Type     0
Actual Packet Type         
0                      3033
1                        17
2019-11-08 12:58:31,817  INFO:f1_Score: 0.000000
