2019-11-08 13:00:36,195  INFO:Run started.
2019-11-08 13:00:36,195  INFO: Start variables= lambda(s): [0.0]  type: 
2019-11-08 13:01:16,217  INFO:Run started.
2019-11-08 13:01:16,217  INFO: Start variables= lambda(s): [0.0]  type: 
2019-11-08 13:04:07,085  INFO:Run started.
2019-11-08 13:04:07,086  INFO: Start variables= lambda(s): [0.0]  type: 
2019-11-08 13:04:10,513  WARNING:L matrix seems to be empty.
2019-11-08 13:04:10,844  INFO:FOR MATRIX: X
2019-11-08 13:04:10,881  INFO:
Predicted Packet Type     0
Actual Packet Type         
0                      3033
1                        17
2019-11-08 13:04:10,890  INFO:f1_Score: 0.000000
2019-11-08 13:04:11,113  INFO:FOR MATRIX: CONCAT LS
2019-11-08 13:04:11,137  INFO:
Predicted Packet Type     0
Actual Packet Type         
0                      3033
1                        17
2019-11-08 13:04:11,150  INFO:f1_Score: 0.000000
2019-11-08 13:04:11,441  INFO:FOR MATRIX: CONCAT XLS
2019-11-08 13:04:11,463  INFO:
Predicted Packet Type     0
Actual Packet Type         
0                      3033
1                        17
2019-11-08 13:04:11,468  INFO:f1_Score: 0.000000
2019-11-08 13:04:33,355  INFO:FOR MATRIX: X
2019-11-08 13:04:33,379  INFO:
Predicted Packet Type     0
Actual Packet Type         
0                      3033
1                        17
2019-11-08 13:04:33,384  INFO:f1_Score: 0.000000
2019-11-08 13:04:33,655  INFO:FOR MATRIX: CONCAT LS
2019-11-08 13:04:33,717  INFO:
Predicted Packet Type     0    1
Actual Packet Type              
0                      2469  564
1                        17    0
2019-11-08 13:04:33,724  INFO:f1_Score: 0.000000
2019-11-08 13:04:34,011  INFO:FOR MATRIX: CONCAT XLS
2019-11-08 13:04:34,035  INFO:
Predicted Packet Type     0    1
Actual Packet Type              
0                      2728  305
1                        17    0
2019-11-08 13:04:34,044  INFO:f1_Score: 0.000000
2019-11-08 13:04:53,451  INFO:FOR MATRIX: X
2019-11-08 13:04:53,478  INFO:
Predicted Packet Type     0
Actual Packet Type         
0                      3033
1                        17
2019-11-08 13:04:53,483  INFO:f1_Score: 0.000000
2019-11-08 13:04:53,752  INFO:FOR MATRIX: CONCAT LS
2019-11-08 13:04:53,777  INFO:
Predicted Packet Type     0
Actual Packet Type         
0                      3033
1                        17
2019-11-08 13:04:53,782  INFO:f1_Score: 0.000000
2019-11-08 13:04:54,077  INFO:FOR MATRIX: CONCAT XLS
2019-11-08 13:04:54,099  INFO:
Predicted Packet Type     0
Actual Packet Type         
0                      3033
1                        17
2019-11-08 13:04:54,104  INFO:f1_Score: 0.000000
2019-11-08 13:06:49,746  INFO:Run started.
2019-11-08 13:06:49,746  INFO: Start variables= lambda(s): [0.0]  type: 
2019-11-08 13:07:10,039  INFO:FOR MATRIX: X
2019-11-08 13:07:10,066  INFO:
Predicted Packet Type     0
Actual Packet Type         
0                      3033
1                        17
2019-11-08 13:07:10,072  INFO:f1_Score: 0.000000
2019-11-08 13:07:10,344  INFO:FOR MATRIX: CONCAT LS
2019-11-08 13:07:10,370  INFO:
Predicted Packet Type     0    1
Actual Packet Type              
0                      2655  378
1                        17    0
2019-11-08 13:07:10,380  INFO:f1_Score: 0.000000
2019-11-08 13:07:10,709  INFO:FOR MATRIX: CONCAT XLS
2019-11-08 13:07:10,736  INFO:
Predicted Packet Type     0    1
Actual Packet Type              
0                      2611  422
1                        17    0
2019-11-08 13:07:10,745  INFO:f1_Score: 0.000000
2019-11-08 13:07:29,431  INFO:FOR MATRIX: X
2019-11-08 13:07:29,458  INFO:
Predicted Packet Type     0
Actual Packet Type         
0                      3033
1                        17
2019-11-08 13:07:29,467  INFO:f1_Score: 0.000000
2019-11-08 13:07:29,738  INFO:FOR MATRIX: CONCAT LS
2019-11-08 13:07:29,764  INFO:
Predicted Packet Type     0
Actual Packet Type         
0                      3033
1                        17
2019-11-08 13:07:29,772  INFO:f1_Score: 0.000000
2019-11-08 13:07:30,074  INFO:FOR MATRIX: CONCAT XLS
2019-11-08 13:07:30,102  INFO:
Predicted Packet Type     0
Actual Packet Type         
0                      3033
1                        17
2019-11-08 13:07:30,110  INFO:f1_Score: 0.000000
2019-11-08 13:07:51,291  INFO:FOR MATRIX: X
2019-11-08 13:07:51,315  INFO:
Predicted Packet Type     0
Actual Packet Type         
0                      3033
1                        17
2019-11-08 13:07:51,320  INFO:f1_Score: 0.000000
2019-11-08 13:07:51,590  INFO:FOR MATRIX: CONCAT LS
2019-11-08 13:07:51,614  INFO:
Predicted Packet Type     0  1
Actual Packet Type            
0                      3025  8
1                        17  0
2019-11-08 13:07:51,620  INFO:f1_Score: 0.000000
2019-11-08 13:07:51,909  INFO:FOR MATRIX: CONCAT XLS
2019-11-08 13:07:51,931  INFO:
Predicted Packet Type     0
Actual Packet Type         
0                      3033
1                        17
2019-11-08 13:07:51,937  INFO:f1_Score: 0.000000
2019-11-08 13:08:13,859  INFO:FOR MATRIX: X
2019-11-08 13:08:13,884  INFO:
Predicted Packet Type     0
Actual Packet Type         
0                      3033
1                        17
2019-11-08 13:08:13,890  INFO:f1_Score: 0.000000
2019-11-08 13:08:14,188  INFO:FOR MATRIX: CONCAT LS
2019-11-08 13:08:14,218  INFO:
Predicted Packet Type     0
Actual Packet Type         
0                      3033
1                        17
2019-11-08 13:08:14,223  INFO:f1_Score: 0.000000
2019-11-08 13:08:14,529  INFO:FOR MATRIX: CONCAT XLS
2019-11-08 13:08:14,553  INFO:
Predicted Packet Type     0
Actual Packet Type         
0                      3033
1                        17
2019-11-08 13:08:14,559  INFO:f1_Score: 0.000000
2019-11-08 13:08:33,163  INFO:FOR MATRIX: X
2019-11-08 13:08:33,191  INFO:
Predicted Packet Type     0
Actual Packet Type         
0                      3033
1                        17
2019-11-08 13:08:33,198  INFO:f1_Score: 0.000000
2019-11-08 13:08:33,456  INFO:FOR MATRIX: CONCAT LS
2019-11-08 13:08:33,478  INFO:
Predicted Packet Type     0
Actual Packet Type         
0                      3033
1                        17
2019-11-08 13:08:33,486  INFO:f1_Score: 0.000000
2019-11-08 13:08:33,770  INFO:FOR MATRIX: CONCAT XLS
2019-11-08 13:08:33,792  INFO:
Predicted Packet Type     0
Actual Packet Type         
0                      3033
1                        17
2019-11-08 13:08:33,798  INFO:f1_Score: 0.000000
2019-11-08 13:08:53,967  INFO:FOR MATRIX: X
2019-11-08 13:08:53,997  INFO:
Predicted Packet Type     0
Actual Packet Type         
0                      3033
1                        17
2019-11-08 13:08:54,010  INFO:f1_Score: 0.000000
2019-11-08 13:08:54,254  INFO:FOR MATRIX: CONCAT LS
2019-11-08 13:08:54,284  INFO:
Predicted Packet Type     0
Actual Packet Type         
0                      3033
1                        17
2019-11-08 13:08:54,295  INFO:f1_Score: 0.000000
2019-11-08 13:08:54,560  INFO:FOR MATRIX: CONCAT XLS
2019-11-08 13:08:54,582  INFO:
Predicted Packet Type     0
Actual Packet Type         
0                      3033
1                        17
2019-11-08 13:08:54,589  INFO:f1_Score: 0.000000
2019-11-08 13:09:12,355  INFO:FOR MATRIX: X
2019-11-08 13:09:12,380  INFO:
Predicted Packet Type     0
Actual Packet Type         
0                      3033
1                        17
2019-11-08 13:09:12,388  INFO:f1_Score: 0.000000
2019-11-08 13:09:12,648  INFO:FOR MATRIX: CONCAT LS
2019-11-08 13:09:12,670  INFO:
Predicted Packet Type     0
Actual Packet Type         
0                      3033
1                        17
2019-11-08 13:09:12,677  INFO:f1_Score: 0.000000
2019-11-08 13:09:12,974  INFO:FOR MATRIX: CONCAT XLS
2019-11-08 13:09:12,997  INFO:
Predicted Packet Type     0
Actual Packet Type         
0                      3033
1                        17
2019-11-08 13:09:13,003  INFO:f1_Score: 0.000000
2019-11-08 13:09:30,111  INFO:FOR MATRIX: X
2019-11-08 13:09:30,139  INFO:
Predicted Packet Type     0
Actual Packet Type         
0                      3033
1                        17
2019-11-08 13:09:30,150  INFO:f1_Score: 0.000000
2019-11-08 13:09:30,414  INFO:FOR MATRIX: CONCAT LS
2019-11-08 13:09:30,438  INFO:
Predicted Packet Type     0
Actual Packet Type         
0                      3033
1                        17
2019-11-08 13:09:30,445  INFO:f1_Score: 0.000000
2019-11-08 13:09:30,720  INFO:FOR MATRIX: CONCAT XLS
2019-11-08 13:09:30,744  INFO:
Predicted Packet Type     0
Actual Packet Type         
0                      3033
1                        17
2019-11-08 13:09:30,750  INFO:f1_Score: 0.000000
2019-11-08 13:09:50,481  INFO:FOR MATRIX: X
2019-11-08 13:09:50,504  INFO:
Predicted Packet Type     0
Actual Packet Type         
0                      3033
1                        17
2019-11-08 13:09:50,511  INFO:f1_Score: 0.000000
2019-11-08 13:09:50,774  INFO:FOR MATRIX: CONCAT LS
2019-11-08 13:09:50,797  INFO:
Predicted Packet Type     0
Actual Packet Type         
0                      3033
1                        17
2019-11-08 13:09:50,803  INFO:f1_Score: 0.000000
2019-11-08 13:09:51,099  INFO:FOR MATRIX: CONCAT XLS
2019-11-08 13:09:51,124  INFO:
Predicted Packet Type     0
Actual Packet Type         
0                      3033
1                        17
2019-11-08 13:09:51,131  INFO:f1_Score: 0.000000
2019-11-08 13:10:02,861  WARNING:L matrix seems to be empty.
2019-11-08 13:10:03,144  INFO:FOR MATRIX: X
2019-11-08 13:10:03,171  INFO:
Predicted Packet Type     0
Actual Packet Type         
0                      3033
1                        17
2019-11-08 13:10:03,179  INFO:f1_Score: 0.000000
2019-11-08 13:10:03,480  INFO:FOR MATRIX: CONCAT LS
2019-11-08 13:10:03,503  INFO:
Predicted Packet Type     0
Actual Packet Type         
0                      3033
1                        17
2019-11-08 13:10:03,508  INFO:f1_Score: 0.000000
2019-11-08 13:10:03,812  INFO:FOR MATRIX: CONCAT XLS
2019-11-08 13:10:03,833  INFO:
Predicted Packet Type     0
Actual Packet Type         
0                      3033
1                        17
2019-11-08 13:10:03,840  INFO:f1_Score: 0.000000
2019-11-08 13:10:15,546  WARNING:L matrix seems to be empty.
2019-11-08 13:10:15,872  INFO:FOR MATRIX: X
2019-11-08 13:10:15,901  INFO:
Predicted Packet Type     0
Actual Packet Type         
0                      3033
1                        17
2019-11-08 13:10:15,907  INFO:f1_Score: 0.000000
2019-11-08 13:10:16,192  INFO:FOR MATRIX: CONCAT LS
2019-11-08 13:10:16,220  INFO:
Predicted Packet Type     0
Actual Packet Type         
0                      3033
1                        17
2019-11-08 13:10:16,225  INFO:f1_Score: 0.000000
2019-11-08 13:10:16,524  INFO:FOR MATRIX: CONCAT XLS
2019-11-08 13:10:16,548  INFO:
Predicted Packet Type     0
Actual Packet Type         
0                      3033
1                        17
2019-11-08 13:10:16,561  INFO:f1_Score: 0.000000
2019-11-08 13:13:58,562  INFO:Run started.
2019-11-08 13:13:58,563  INFO: Start variables= lambda(s): [0.0]  type: 
2019-11-08 13:14:19,322  INFO:FOR MATRIX: X
2019-11-08 13:14:19,352  INFO:
Predicted Packet Type     0
Actual Packet Type         
0                      3033
1                        17
2019-11-08 13:14:19,360  INFO:f1_Score: 0.000000
2019-11-08 13:14:19,608  INFO:FOR MATRIX: CONCAT LS
2019-11-08 13:14:19,635  INFO:
Predicted Packet Type     0   1
Actual Packet Type             
0                      3033   0
1                         0  17
2019-11-08 13:14:19,642  INFO:f1_Score: 1.000000
2019-11-08 13:14:19,913  INFO:FOR MATRIX: CONCAT XLS
2019-11-08 13:14:19,938  INFO:
Predicted Packet Type     0   1
Actual Packet Type             
0                      3033   0
1                         0  17
2019-11-08 13:14:19,945  INFO:f1_Score: 1.000000
2019-11-08 13:14:39,999  INFO:FOR MATRIX: X
2019-11-08 13:14:40,024  INFO:
Predicted Packet Type     0
Actual Packet Type         
0                      3033
1                        17
2019-11-08 13:14:40,031  INFO:f1_Score: 0.000000
2019-11-08 13:14:40,303  INFO:FOR MATRIX: CONCAT LS
2019-11-08 13:14:40,324  INFO:
Predicted Packet Type     0    1
Actual Packet Type              
0                      2417  616
1                        17    0
2019-11-08 13:14:40,331  INFO:f1_Score: 0.000000
2019-11-08 13:14:40,607  INFO:FOR MATRIX: CONCAT XLS
2019-11-08 13:14:40,630  INFO:
Predicted Packet Type     0    1
Actual Packet Type              
0                      2473  560
1                        17    0
2019-11-08 13:14:40,636  INFO:f1_Score: 0.000000
2019-11-08 13:14:58,674  INFO:FOR MATRIX: X
2019-11-08 13:14:58,700  INFO:
Predicted Packet Type     0
Actual Packet Type         
0                      3033
1                        17
2019-11-08 13:14:58,705  INFO:f1_Score: 0.000000
2019-11-08 13:14:58,970  INFO:FOR MATRIX: CONCAT LS
2019-11-08 13:14:58,987  INFO:
Predicted Packet Type     0
Actual Packet Type         
0                      3033
1                        17
2019-11-08 13:14:58,993  INFO:f1_Score: 0.000000
2019-11-08 13:14:59,295  INFO:FOR MATRIX: CONCAT XLS
2019-11-08 13:14:59,314  INFO:
Predicted Packet Type     0
Actual Packet Type         
0                      3033
1                        17
2019-11-08 13:14:59,319  INFO:f1_Score: 0.000000
2019-11-08 13:15:19,839  INFO:FOR MATRIX: X
2019-11-08 13:15:19,866  INFO:
Predicted Packet Type     0
Actual Packet Type         
0                      3033
1                        17
2019-11-08 13:15:19,873  INFO:f1_Score: 0.000000
2019-11-08 13:15:20,147  INFO:FOR MATRIX: CONCAT LS
2019-11-08 13:15:20,170  INFO:
Predicted Packet Type     0
Actual Packet Type         
0                      3033
1                        17
2019-11-08 13:15:20,176  INFO:f1_Score: 0.000000
2019-11-08 13:15:20,474  INFO:FOR MATRIX: CONCAT XLS
2019-11-08 13:15:20,496  INFO:
Predicted Packet Type     0
Actual Packet Type         
0                      3033
1                        17
2019-11-08 13:15:20,502  INFO:f1_Score: 0.000000
2019-11-08 13:15:42,256  INFO:FOR MATRIX: X
2019-11-08 13:15:42,282  INFO:
Predicted Packet Type     0
Actual Packet Type         
0                      3033
1                        17
2019-11-08 13:15:42,288  INFO:f1_Score: 0.000000
2019-11-08 13:15:42,605  INFO:FOR MATRIX: CONCAT LS
2019-11-08 13:15:42,629  INFO:
Predicted Packet Type     0
Actual Packet Type         
0                      3033
1                        17
2019-11-08 13:15:42,636  INFO:f1_Score: 0.000000
2019-11-08 13:15:42,971  INFO:FOR MATRIX: CONCAT XLS
2019-11-08 13:15:42,993  INFO:
Predicted Packet Type     0
Actual Packet Type         
0                      3033
1                        17
2019-11-08 13:15:43,001  INFO:f1_Score: 0.000000
2019-11-08 13:16:05,573  INFO:FOR MATRIX: X
2019-11-08 13:16:05,603  INFO:
Predicted Packet Type     0
Actual Packet Type         
0                      3033
1                        17
2019-11-08 13:16:05,611  INFO:f1_Score: 0.000000
2019-11-08 13:16:06,089  INFO:FOR MATRIX: CONCAT LS
2019-11-08 13:16:06,139  INFO:
Predicted Packet Type     0
Actual Packet Type         
0                      3033
1                        17
2019-11-08 13:16:06,153  INFO:f1_Score: 0.000000
2019-11-08 13:16:06,591  INFO:FOR MATRIX: CONCAT XLS
2019-11-08 13:16:06,613  INFO:
Predicted Packet Type     0
Actual Packet Type         
0                      3033
1                        17
2019-11-08 13:16:06,619  INFO:f1_Score: 0.000000
2019-11-08 13:16:30,738  INFO:FOR MATRIX: X
2019-11-08 13:16:30,757  INFO:
Predicted Packet Type     0
Actual Packet Type         
0                      3033
1                        17
2019-11-08 13:16:30,765  INFO:f1_Score: 0.000000
2019-11-08 13:16:31,022  INFO:FOR MATRIX: CONCAT LS
2019-11-08 13:16:31,047  INFO:
Predicted Packet Type     0
Actual Packet Type         
0                      3033
1                        17
2019-11-08 13:16:31,053  INFO:f1_Score: 0.000000
2019-11-08 13:16:31,335  INFO:FOR MATRIX: CONCAT XLS
2019-11-08 13:16:31,356  INFO:
Predicted Packet Type     0
Actual Packet Type         
0                      3033
1                        17
2019-11-08 13:16:31,362  INFO:f1_Score: 0.000000
2019-11-08 13:16:53,857  INFO:FOR MATRIX: X
2019-11-08 13:16:53,896  INFO:
Predicted Packet Type     0
Actual Packet Type         
0                      3033
1                        17
2019-11-08 13:16:53,904  INFO:f1_Score: 0.000000
2019-11-08 13:16:54,188  INFO:FOR MATRIX: CONCAT LS
2019-11-08 13:16:54,213  INFO:
Predicted Packet Type     0
Actual Packet Type         
0                      3033
1                        17
2019-11-08 13:16:54,222  INFO:f1_Score: 0.000000
2019-11-08 13:16:54,542  INFO:FOR MATRIX: CONCAT XLS
2019-11-08 13:16:54,568  INFO:
Predicted Packet Type     0
Actual Packet Type         
0                      3033
1                        17
2019-11-08 13:16:54,576  INFO:f1_Score: 0.000000
2019-11-08 13:17:18,724  INFO:FOR MATRIX: X
2019-11-08 13:17:18,746  INFO:
Predicted Packet Type     0
Actual Packet Type         
0                      3033
1                        17
2019-11-08 13:17:18,752  INFO:f1_Score: 0.000000
2019-11-08 13:17:19,035  INFO:FOR MATRIX: CONCAT LS
2019-11-08 13:17:19,064  INFO:
Predicted Packet Type     0  1
Actual Packet Type            
0                      3026  7
1                        17  0
2019-11-08 13:17:19,076  INFO:f1_Score: 0.000000
2019-11-08 13:17:19,406  INFO:FOR MATRIX: CONCAT XLS
2019-11-08 13:17:19,441  INFO:
Predicted Packet Type     0
Actual Packet Type         
0                      3033
1                        17
2019-11-08 13:17:19,449  INFO:f1_Score: 0.000000
2019-11-08 13:17:54,848  INFO:FOR MATRIX: X
2019-11-08 13:17:54,896  INFO:
Predicted Packet Type     0
Actual Packet Type         
0                      3033
1                        17
2019-11-08 13:17:54,902  INFO:f1_Score: 0.000000
2019-11-08 13:17:55,278  INFO:FOR MATRIX: CONCAT LS
2019-11-08 13:17:55,313  INFO:
Predicted Packet Type     0
Actual Packet Type         
0                      3033
1                        17
2019-11-08 13:17:55,322  INFO:f1_Score: 0.000000
2019-11-08 13:17:55,678  INFO:FOR MATRIX: CONCAT XLS
2019-11-08 13:17:55,705  INFO:
Predicted Packet Type     0
Actual Packet Type         
0                      3033
1                        17
2019-11-08 13:17:55,712  INFO:f1_Score: 0.000000
2019-11-08 13:18:23,089  INFO:FOR MATRIX: X
2019-11-08 13:18:23,115  INFO:
Predicted Packet Type     0
Actual Packet Type         
0                      3033
1                        17
2019-11-08 13:18:23,121  INFO:f1_Score: 0.000000
2019-11-08 13:18:23,377  INFO:FOR MATRIX: CONCAT LS
2019-11-08 13:18:23,402  INFO:
Predicted Packet Type     0
Actual Packet Type         
0                      3033
1                        17
2019-11-08 13:18:23,410  INFO:f1_Score: 0.000000
2019-11-08 13:18:23,725  INFO:FOR MATRIX: CONCAT XLS
2019-11-08 13:18:23,748  INFO:
Predicted Packet Type     0
Actual Packet Type         
0                      3033
1                        17
2019-11-08 13:18:23,753  INFO:f1_Score: 0.000000
2019-11-08 13:18:44,948  INFO:FOR MATRIX: X
2019-11-08 13:18:44,972  INFO:
Predicted Packet Type     0
Actual Packet Type         
0                      3033
1                        17
2019-11-08 13:18:44,977  INFO:f1_Score: 0.000000
2019-11-08 13:18:45,215  INFO:FOR MATRIX: CONCAT LS
2019-11-08 13:18:45,243  INFO:
Predicted Packet Type     0
Actual Packet Type         
0                      3033
1                        17
2019-11-08 13:18:45,252  INFO:f1_Score: 0.000000
2019-11-08 13:18:45,505  INFO:FOR MATRIX: CONCAT XLS
2019-11-08 13:18:45,528  INFO:
Predicted Packet Type     0
Actual Packet Type         
0                      3033
1                        17
2019-11-08 13:18:45,534  INFO:f1_Score: 0.000000
2019-11-08 13:19:02,128  INFO:FOR MATRIX: X
2019-11-08 13:19:02,196  INFO:
Predicted Packet Type     0
Actual Packet Type         
0                      3033
1                        17
2019-11-08 13:19:02,202  INFO:f1_Score: 0.000000
2019-11-08 13:19:02,495  INFO:FOR MATRIX: CONCAT LS
2019-11-08 13:19:02,522  INFO:
Predicted Packet Type     0
Actual Packet Type         
0                      3033
1                        17
2019-11-08 13:19:02,534  INFO:f1_Score: 0.000000
2019-11-08 13:19:02,804  INFO:FOR MATRIX: CONCAT XLS
2019-11-08 13:19:02,829  INFO:
Predicted Packet Type     0
Actual Packet Type         
0                      3033
1                        17
2019-11-08 13:19:02,841  INFO:f1_Score: 0.000000
2019-11-08 13:19:24,784  INFO:FOR MATRIX: X
2019-11-08 13:19:24,816  INFO:
Predicted Packet Type     0
Actual Packet Type         
0                      3033
1                        17
2019-11-08 13:19:24,826  INFO:f1_Score: 0.000000
2019-11-08 13:19:25,203  INFO:FOR MATRIX: CONCAT LS
2019-11-08 13:19:25,246  INFO:
Predicted Packet Type     0
Actual Packet Type         
0                      3033
1                        17
2019-11-08 13:19:25,265  INFO:f1_Score: 0.000000
2019-11-08 13:19:25,674  INFO:FOR MATRIX: CONCAT XLS
2019-11-08 13:19:25,722  INFO:
Predicted Packet Type     0
Actual Packet Type         
0                      3033
1                        17
2019-11-08 13:19:25,737  INFO:f1_Score: 0.000000
2019-11-08 13:19:40,186  INFO:FOR MATRIX: X
2019-11-08 13:19:40,208  INFO:
Predicted Packet Type     0
Actual Packet Type         
0                      3033
1                        17
2019-11-08 13:19:40,214  INFO:f1_Score: 0.000000
2019-11-08 13:19:40,458  INFO:FOR MATRIX: CONCAT LS
2019-11-08 13:19:40,478  INFO:
Predicted Packet Type     0
Actual Packet Type         
0                      3033
1                        17
2019-11-08 13:19:40,484  INFO:f1_Score: 0.000000
2019-11-08 13:19:40,753  INFO:FOR MATRIX: CONCAT XLS
2019-11-08 13:19:40,775  INFO:
Predicted Packet Type     0
Actual Packet Type         
0                      3033
1                        17
2019-11-08 13:19:40,779  INFO:f1_Score: 0.000000
2019-11-08 13:19:59,169  INFO:FOR MATRIX: X
2019-11-08 13:19:59,193  INFO:
Predicted Packet Type     0
Actual Packet Type         
0                      3033
1                        17
2019-11-08 13:19:59,200  INFO:f1_Score: 0.000000
2019-11-08 13:19:59,494  INFO:FOR MATRIX: CONCAT LS
2019-11-08 13:19:59,524  INFO:
Predicted Packet Type     0
Actual Packet Type         
0                      3033
1                        17
2019-11-08 13:19:59,536  INFO:f1_Score: 0.000000
2019-11-08 13:19:59,830  INFO:FOR MATRIX: CONCAT XLS
2019-11-08 13:19:59,854  INFO:
Predicted Packet Type     0
Actual Packet Type         
0                      3033
1                        17
2019-11-08 13:19:59,864  INFO:f1_Score: 0.000000
2019-11-08 13:20:19,451  INFO:FOR MATRIX: X
2019-11-08 13:20:19,506  INFO:
Predicted Packet Type     0
Actual Packet Type         
0                      3033
1                        17
2019-11-08 13:20:19,520  INFO:f1_Score: 0.000000
2019-11-08 13:20:19,966  INFO:FOR MATRIX: CONCAT LS
2019-11-08 13:20:19,992  INFO:
Predicted Packet Type     0
Actual Packet Type         
0                      3033
1                        17
2019-11-08 13:20:20,011  INFO:f1_Score: 0.000000
2019-11-08 13:20:20,302  INFO:FOR MATRIX: CONCAT XLS
2019-11-08 13:20:20,328  INFO:
Predicted Packet Type     0
Actual Packet Type         
0                      3033
1                        17
2019-11-08 13:20:20,334  INFO:f1_Score: 0.000000
2019-11-08 13:20:40,556  INFO:FOR MATRIX: X
2019-11-08 13:20:40,583  INFO:
Predicted Packet Type     0
Actual Packet Type         
0                      3033
1                        17
2019-11-08 13:20:40,590  INFO:f1_Score: 0.000000
2019-11-08 13:20:40,851  INFO:FOR MATRIX: CONCAT LS
2019-11-08 13:20:40,876  INFO:
Predicted Packet Type     0
Actual Packet Type         
0                      3033
1                        17
2019-11-08 13:20:40,881  INFO:f1_Score: 0.000000
2019-11-08 13:20:41,172  INFO:FOR MATRIX: CONCAT XLS
2019-11-08 13:20:41,198  INFO:
Predicted Packet Type     0
Actual Packet Type         
0                      3033
1                        17
2019-11-08 13:20:41,203  INFO:f1_Score: 0.000000
2019-11-08 13:20:53,042  INFO:FOR MATRIX: X
2019-11-08 13:20:53,066  INFO:
Predicted Packet Type     0
Actual Packet Type         
0                      3033
1                        17
2019-11-08 13:20:53,073  INFO:f1_Score: 0.000000
2019-11-08 13:20:53,363  INFO:FOR MATRIX: CONCAT LS
2019-11-08 13:20:53,383  INFO:
Predicted Packet Type     0
Actual Packet Type         
0                      3033
1                        17
2019-11-08 13:20:53,395  INFO:f1_Score: 0.000000
2019-11-08 13:20:53,704  INFO:FOR MATRIX: CONCAT XLS
2019-11-08 13:20:53,723  INFO:
Predicted Packet Type     0
Actual Packet Type         
0                      3033
1                        17
2019-11-08 13:20:53,728  INFO:f1_Score: 0.000000
2019-11-08 14:20:01,326  INFO:Run started.
2019-11-08 14:20:01,327  INFO: Start variables= lambda(s): [0.0]  type: 
2019-11-08 14:20:24,853  INFO:FOR MATRIX: X
2019-11-08 14:20:24,917  INFO:
Predicted Packet Type     0
Actual Packet Type         
0                      3033
1                        17
2019-11-08 14:20:24,929  INFO:f1_Score: 0.000000
2019-11-08 14:20:25,581  INFO:FOR MATRIX: CONCAT LS
2019-11-08 14:20:25,638  INFO:
Predicted Packet Type     0
Actual Packet Type         
0                      3033
1                        17
2019-11-08 14:20:25,652  INFO:f1_Score: 0.000000
2019-11-08 14:20:26,421  INFO:FOR MATRIX: CONCAT XLS
2019-11-08 14:20:26,475  INFO:
Predicted Packet Type     0
Actual Packet Type         
0                      3033
1                        17
2019-11-08 14:20:26,490  INFO:f1_Score: 0.000000
2019-11-08 14:20:49,902  INFO:FOR MATRIX: X
2019-11-08 14:20:49,956  INFO:
Predicted Packet Type     0
Actual Packet Type         
0                      3033
1                        17
2019-11-08 14:20:49,968  INFO:f1_Score: 0.000000
2019-11-08 14:20:50,663  INFO:FOR MATRIX: CONCAT LS
2019-11-08 14:20:50,718  INFO:
Predicted Packet Type     0
Actual Packet Type         
0                      3033
1                        17
2019-11-08 14:20:50,731  INFO:f1_Score: 0.000000
2019-11-08 14:20:51,578  INFO:FOR MATRIX: CONCAT XLS
2019-11-08 14:20:51,629  INFO:
Predicted Packet Type     0
Actual Packet Type         
0                      3033
1                        17
2019-11-08 14:20:51,640  INFO:f1_Score: 0.000000
2019-11-08 14:21:15,003  INFO:FOR MATRIX: X
2019-11-08 14:21:15,059  INFO:
Predicted Packet Type     0
Actual Packet Type         
0                      3033
1                        17
2019-11-08 14:21:15,070  INFO:f1_Score: 0.000000
2019-11-08 14:21:15,663  INFO:FOR MATRIX: CONCAT LS
2019-11-08 14:21:15,725  INFO:
Predicted Packet Type     0
Actual Packet Type         
0                      3033
1                        17
2019-11-08 14:21:15,737  INFO:f1_Score: 0.000000
2019-11-08 14:21:16,401  INFO:FOR MATRIX: CONCAT XLS
2019-11-08 14:21:16,448  INFO:
Predicted Packet Type     0
Actual Packet Type         
0                      3033
1                        17
2019-11-08 14:21:16,461  INFO:f1_Score: 0.000000
2019-11-08 14:21:39,382  INFO:FOR MATRIX: X
2019-11-08 14:21:39,436  INFO:
Predicted Packet Type     0
Actual Packet Type         
0                      3033
1                        17
2019-11-08 14:21:39,447  INFO:f1_Score: 0.000000
2019-11-08 14:21:39,910  INFO:FOR MATRIX: CONCAT LS
2019-11-08 14:21:39,966  INFO:
Predicted Packet Type     0     1
Actual Packet Type               
0                      1779  1254
1                         0    17
2019-11-08 14:21:39,981  INFO:f1_Score: 0.026398
2019-11-08 14:21:40,555  INFO:FOR MATRIX: CONCAT XLS
2019-11-08 14:21:40,619  INFO:
Predicted Packet Type     0     1
Actual Packet Type               
0                      1788  1245
1                         0    17
2019-11-08 14:21:40,631  INFO:f1_Score: 0.026583
2019-11-08 14:22:08,851  INFO:FOR MATRIX: X
2019-11-08 14:22:08,898  INFO:
Predicted Packet Type     0
Actual Packet Type         
0                      3033
1                        17
2019-11-08 14:22:08,911  INFO:f1_Score: 0.000000
2019-11-08 14:22:09,435  INFO:FOR MATRIX: CONCAT LS
2019-11-08 14:22:09,488  INFO:
Predicted Packet Type     0
Actual Packet Type         
0                      3033
1                        17
2019-11-08 14:22:09,502  INFO:f1_Score: 0.000000
2019-11-08 14:22:10,094  INFO:FOR MATRIX: CONCAT XLS
2019-11-08 14:22:10,135  INFO:
Predicted Packet Type     0
Actual Packet Type         
0                      3033
1                        17
2019-11-08 14:22:10,146  INFO:f1_Score: 0.000000
2019-11-08 14:22:38,834  INFO:FOR MATRIX: X
2019-11-08 14:22:38,891  INFO:
Predicted Packet Type     0
Actual Packet Type         
0                      3033
1                        17
2019-11-08 14:22:38,902  INFO:f1_Score: 0.000000
2019-11-08 14:22:39,427  INFO:FOR MATRIX: CONCAT LS
2019-11-08 14:22:39,500  INFO:
Predicted Packet Type     0     1
Actual Packet Type               
0                      1389  1644
1                        17     0
2019-11-08 14:22:39,521  INFO:f1_Score: 0.000000
2019-11-08 14:22:40,092  INFO:FOR MATRIX: CONCAT XLS
2019-11-08 14:22:40,153  INFO:
Predicted Packet Type     0    1
Actual Packet Type              
0                      2831  202
1                        17    0
2019-11-08 14:22:40,166  INFO:f1_Score: 0.000000
2019-11-08 14:23:07,709  INFO:FOR MATRIX: X
2019-11-08 14:23:07,772  INFO:
Predicted Packet Type     0
Actual Packet Type         
0                      3033
1                        17
2019-11-08 14:23:07,783  INFO:f1_Score: 0.000000
2019-11-08 14:23:08,312  INFO:FOR MATRIX: CONCAT LS
2019-11-08 14:23:08,376  INFO:
Predicted Packet Type     0    1
Actual Packet Type              
0                      2361  672
1                         0   17
2019-11-08 14:23:08,390  INFO:f1_Score: 0.048159
2019-11-08 14:23:08,995  INFO:FOR MATRIX: CONCAT XLS
2019-11-08 14:23:09,058  INFO:
Predicted Packet Type     0    1
Actual Packet Type              
0                      2442  591
1                         0   17
2019-11-08 14:23:09,073  INFO:f1_Score: 0.054400
2019-11-08 14:23:42,036  INFO:FOR MATRIX: X
2019-11-08 14:23:42,088  INFO:
Predicted Packet Type     0
Actual Packet Type         
0                      3033
1                        17
2019-11-08 14:23:42,099  INFO:f1_Score: 0.000000
2019-11-08 14:23:42,632  INFO:FOR MATRIX: CONCAT LS
2019-11-08 14:23:42,680  INFO:
Predicted Packet Type     0
Actual Packet Type         
0                      3033
1                        17
2019-11-08 14:23:42,690  INFO:f1_Score: 0.000000
2019-11-08 14:23:43,274  INFO:FOR MATRIX: CONCAT XLS
2019-11-08 14:23:43,333  INFO:
Predicted Packet Type     0
Actual Packet Type         
0                      3033
1                        17
2019-11-08 14:23:43,344  INFO:f1_Score: 0.000000
2019-11-08 14:24:14,122  INFO:FOR MATRIX: X
2019-11-08 14:24:14,170  INFO:
Predicted Packet Type     0
Actual Packet Type         
0                      3033
1                        17
2019-11-08 14:24:14,186  INFO:f1_Score: 0.000000
2019-11-08 14:24:14,755  INFO:FOR MATRIX: CONCAT LS
2019-11-08 14:24:14,809  INFO:
Predicted Packet Type     0
Actual Packet Type         
0                      3033
1                        17
2019-11-08 14:24:14,821  INFO:f1_Score: 0.000000
2019-11-08 14:24:15,481  INFO:FOR MATRIX: CONCAT XLS
2019-11-08 14:24:15,544  INFO:
Predicted Packet Type     0
Actual Packet Type         
0                      3033
1                        17
2019-11-08 14:24:15,556  INFO:f1_Score: 0.000000
2019-11-08 14:24:47,619  INFO:FOR MATRIX: X
2019-11-08 14:24:47,673  INFO:
Predicted Packet Type     0
Actual Packet Type         
0                      3033
1                        17
2019-11-08 14:24:47,685  INFO:f1_Score: 0.000000
2019-11-08 14:24:48,218  INFO:FOR MATRIX: CONCAT LS
2019-11-08 14:24:48,279  INFO:
Predicted Packet Type     0    1
Actual Packet Type              
0                      2739  294
1                        17    0
2019-11-08 14:24:48,295  INFO:f1_Score: 0.000000
2019-11-08 14:24:48,885  INFO:FOR MATRIX: CONCAT XLS
2019-11-08 14:24:48,951  INFO:
Predicted Packet Type     0    1
Actual Packet Type              
0                      2848  185
1                        17    0
2019-11-08 14:24:48,965  INFO:f1_Score: 0.000000
2019-11-08 14:25:22,695  INFO:FOR MATRIX: X
2019-11-08 14:25:22,745  INFO:
Predicted Packet Type     0
Actual Packet Type         
0                      3033
1                        17
2019-11-08 14:25:22,756  INFO:f1_Score: 0.000000
2019-11-08 14:25:23,365  INFO:FOR MATRIX: CONCAT LS
2019-11-08 14:25:23,408  INFO:
Predicted Packet Type     0
Actual Packet Type         
0                      3033
1                        17
2019-11-08 14:25:23,421  INFO:f1_Score: 0.000000
2019-11-08 14:25:24,150  INFO:FOR MATRIX: CONCAT XLS
2019-11-08 14:25:24,194  INFO:
Predicted Packet Type     0
Actual Packet Type         
0                      3033
1                        17
2019-11-08 14:25:24,213  INFO:f1_Score: 0.000000
2019-11-08 14:26:01,435  INFO:FOR MATRIX: X
2019-11-08 14:26:01,507  INFO:
Predicted Packet Type     0
Actual Packet Type         
0                      3033
1                        17
2019-11-08 14:26:01,520  INFO:f1_Score: 0.000000
2019-11-08 14:26:02,588  INFO:FOR MATRIX: CONCAT LS
2019-11-08 14:26:02,690  INFO:
Predicted Packet Type     0
Actual Packet Type         
0                      3033
1                        17
2019-11-08 14:26:02,724  INFO:f1_Score: 0.000000
2019-11-08 14:26:03,470  INFO:FOR MATRIX: CONCAT XLS
2019-11-08 14:26:03,531  INFO:
Predicted Packet Type     0
Actual Packet Type         
0                      3033
1                        17
2019-11-08 14:26:03,541  INFO:f1_Score: 0.000000
2019-11-08 14:28:35,259  INFO:Run started.
2019-11-08 14:28:35,259  INFO: Start variables= lambda(s): [0.0]  type: 
2019-11-08 14:28:35,259  INFO: Next Lambda: [0.0]
2019-11-08 14:28:58,837  INFO:FOR MATRIX: X
2019-11-08 14:28:58,895  INFO:
Predicted Packet Type     0
Actual Packet Type         
0                      3033
1                        17
2019-11-08 14:28:58,908  INFO:f1_Score: 0.000000
2019-11-08 14:28:59,402  INFO:FOR MATRIX: CONCAT LS
2019-11-08 14:28:59,474  INFO:
Predicted Packet Type     0     1
Actual Packet Type               
0                      1794  1239
1                         0    17
2019-11-08 14:28:59,485  INFO:f1_Score: 0.026709
2019-11-08 14:29:00,109  INFO:FOR MATRIX: CONCAT XLS
2019-11-08 14:29:00,185  INFO:
Predicted Packet Type     0     1
Actual Packet Type               
0                      1763  1270
1                         0    17
2019-11-08 14:29:00,203  INFO:f1_Score: 0.026074
2019-11-08 14:29:00,204  INFO: Next Lambda: [0.0]
2019-11-08 14:29:33,768  INFO:FOR MATRIX: X
2019-11-08 14:29:33,839  INFO:
Predicted Packet Type     0
Actual Packet Type         
0                      3033
1                        17
2019-11-08 14:29:33,867  INFO:f1_Score: 0.000000
2019-11-08 14:29:34,399  INFO:FOR MATRIX: CONCAT LS
2019-11-08 14:29:34,462  INFO:
Predicted Packet Type     0   1
Actual Packet Type             
0                      3033   0
1                         0  17
2019-11-08 14:29:34,476  INFO:f1_Score: 1.000000
2019-11-08 14:29:35,018  INFO:FOR MATRIX: CONCAT XLS
2019-11-08 14:29:35,073  INFO:
Predicted Packet Type     0   1
Actual Packet Type             
0                      3033   0
1                         0  17
2019-11-08 14:29:35,087  INFO:f1_Score: 1.000000
2019-11-08 14:38:33,031  INFO:Run started.
2019-11-08 14:39:05,842  INFO:Run started.
2019-11-08 14:39:05,843  INFO: Start variables= lambda(s): [0.04]  type: 
2019-11-08 14:39:05,843  INFO: Next Lambda: [0.04]
2019-11-08 14:39:28,853  INFO:FOR MATRIX: X
2019-11-08 14:39:28,911  INFO:
Predicted Packet Type     0   1
Actual Packet Type             
0                      3033   0
1                         0  17
2019-11-08 14:39:28,925  INFO:f1_Score: 1.000000
2019-11-08 14:39:29,870  INFO:FOR MATRIX: CONCAT LS
2019-11-08 14:39:29,928  INFO:
Predicted Packet Type     0   1
Actual Packet Type             
0                      3033   0
1                         0  17
2019-11-08 14:39:29,944  INFO:f1_Score: 1.000000
2019-11-08 14:39:31,231  INFO:FOR MATRIX: CONCAT XLS
2019-11-08 14:39:31,289  INFO:
Predicted Packet Type     0   1
Actual Packet Type             
0                      3033   0
1                         0  17
2019-11-08 14:39:31,303  INFO:f1_Score: 1.000000
2019-11-08 14:40:15,364  INFO:Run started.
2019-11-08 14:40:15,365  INFO: Start variables= lambda(s): [0.04, 0.05, 0.06]  type: 
2019-11-08 14:40:15,365  INFO: Next Lambda: [0.04, 0.05, 0.06]
2019-11-08 14:40:38,277  INFO:FOR MATRIX: X
2019-11-08 14:40:38,343  INFO:
Predicted Packet Type     0   1
Actual Packet Type             
0                      3033   0
1                         0  17
2019-11-08 14:40:38,362  INFO:f1_Score: 1.000000
2019-11-08 14:40:39,227  INFO:FOR MATRIX: CONCAT LS
2019-11-08 14:40:39,289  INFO:
Predicted Packet Type     0   1
Actual Packet Type             
0                      3033   0
1                         0  17
2019-11-08 14:40:39,303  INFO:f1_Score: 1.000000
2019-11-08 14:40:40,561  INFO:FOR MATRIX: CONCAT XLS
2019-11-08 14:40:40,625  INFO:
Predicted Packet Type     0   1
Actual Packet Type             
0                      3033   0
1                         0  17
2019-11-08 14:40:40,640  INFO:f1_Score: 1.000000
2019-11-08 14:40:40,642  INFO: Next Lambda: [0.04, 0.05, 0.06]
2019-11-08 14:41:07,940  INFO:FOR MATRIX: X
2019-11-08 14:41:07,993  INFO:
Predicted Packet Type     0   1
Actual Packet Type             
0                      3033   0
1                         0  17
2019-11-08 14:41:08,008  INFO:f1_Score: 1.000000
2019-11-08 14:41:08,957  INFO:FOR MATRIX: CONCAT LS
2019-11-08 14:41:09,012  INFO:
Predicted Packet Type     0   1
Actual Packet Type             
0                      3033   0
1                         0  17
2019-11-08 14:41:09,026  INFO:f1_Score: 1.000000
2019-11-08 14:41:10,190  INFO:FOR MATRIX: CONCAT XLS
2019-11-08 14:41:10,245  INFO:
Predicted Packet Type     0   1
Actual Packet Type             
0                      3033   0
1                         0  17
2019-11-08 14:41:10,258  INFO:f1_Score: 1.000000
2019-11-08 14:41:10,258  INFO: Next Lambda: [0.04, 0.05, 0.06]
2019-11-08 14:41:38,010  INFO:FOR MATRIX: X
2019-11-08 14:41:38,065  INFO:
Predicted Packet Type     0   1
Actual Packet Type             
0                      3033   0
1                         0  17
2019-11-08 14:41:38,078  INFO:f1_Score: 1.000000
2019-11-08 14:41:39,047  INFO:FOR MATRIX: CONCAT LS
2019-11-08 14:41:39,111  INFO:
Predicted Packet Type     0   1
Actual Packet Type             
0                      3033   0
1                         0  17
2019-11-08 14:41:39,125  INFO:f1_Score: 1.000000
2019-11-08 14:41:40,359  INFO:FOR MATRIX: CONCAT XLS
2019-11-08 14:41:40,424  INFO:
Predicted Packet Type     0   1
Actual Packet Type             
0                      3033   0
1                         0  17
2019-11-08 14:41:40,437  INFO:f1_Score: 1.000000
2019-11-13 12:44:37,096  INFO:Run started.
2019-11-13 12:44:37,096  INFO: Start variables= lambda(s): [0.031]  type: 
2019-11-13 12:44:37,097  INFO: Next Lambda: [0.031]
2019-11-13 12:45:25,718  INFO:Run started.
2019-11-13 12:45:25,719  INFO: Start variables= lambda(s): [0.031]  type: 
2019-11-13 12:45:25,719  INFO: Next Lambda: [0.031]
2019-11-13 12:45:48,388  INFO:FOR MATRIX: X
2019-11-13 12:45:48,465  INFO:
Predicted Packet Type     0   1
Actual Packet Type             
0                      3033   0
1                         0  17
2019-11-13 12:45:48,479  INFO:f1_Score: 1.000000
2019-11-13 12:45:49,448  INFO:FOR MATRIX: CONCAT LS
2019-11-13 12:45:49,509  INFO:
Predicted Packet Type     0   1
Actual Packet Type             
0                      3033   0
1                         0  17
2019-11-13 12:45:49,523  INFO:f1_Score: 1.000000
2019-11-13 12:45:50,746  INFO:FOR MATRIX: CONCAT XLS
2019-11-13 12:45:50,804  INFO:
Predicted Packet Type     0   1
Actual Packet Type             
0                      3033   0
1                         0  17
2019-11-13 12:45:50,818  INFO:f1_Score: 1.000000
