2020-01-30 16:22:30,741  INFO: Run started.
2020-01-30 16:22:30,741  INFO: CONFIGURATION USED: TEST
2020-01-30 16:22:30,808  INFO: FEATURES USED [' Source Port', ' Destination IP', ' Destination IP', ' Destination IP', ' Destination IP', ' Destination Port', ' Protocol', ' Flow Duration', ' Total Fwd Packets', ' Total Backward Packets', 'Total Length of Fwd Packets', ' Total Length of Bwd Packets', ' Fwd Packet Length Max', ' Fwd Packet Length Min', ' Fwd Packet Length Mean', ' Fwd Packet Length Std', 'Bwd Packet Length Max', ' Bwd Packet Length Min', ' Bwd Packet Length Mean', ' Bwd Packet Length Std', 'Flow Bytes/s', ' Flow Packets/s', ' Flow IAT Mean', ' Flow IAT Std', ' Flow IAT Max', ' Flow IAT Min', 'Fwd IAT Total', ' Fwd IAT Mean', ' Fwd IAT Std', ' Fwd IAT Max', ' Fwd IAT Min', 'Bwd IAT Total', ' Bwd IAT Mean', ' Bwd IAT Std', ' Bwd IAT Max', ' Bwd IAT Min', 'Fwd PSH Flags', ' Bwd PSH Flags', ' Fwd URG Flags', ' Bwd URG Flags', ' Fwd Header Length', ' Bwd Header Length', 'Fwd Packets/s', ' Bwd Packets/s', ' Min Packet Length', ' Max Packet Length', ' Packet Length Mean', ' Packet Length Std', ' Packet Length Variance', 'FIN Flag Count', ' SYN Flag Count', ' RST Flag Count', ' PSH Flag Count', ' ACK Flag Count', ' URG Flag Count', ' CWE Flag Count', ' ECE Flag Count', ' Down/Up Ratio', ' Average Packet Size', ' Avg Fwd Segment Size', ' Avg Bwd Segment Size', ' Fwd Header Length', 'Fwd Avg Bytes/Bulk', ' Fwd Avg Packets/Bulk', ' Fwd Avg Bulk Rate', ' Bwd Avg Bytes/Bulk', ' Bwd Avg Packets/Bulk', 'Bwd Avg Bulk Rate', 'Subflow Fwd Packets', ' Subflow Fwd Bytes', ' Subflow Bwd Packets', ' Subflow Bwd Bytes', 'Init_Win_bytes_forward', ' Init_Win_bytes_backward', ' act_data_pkt_fwd', ' min_seg_size_forward', 'Active Mean', ' Active Std', ' Active Max', ' Active Min', 'Idle Mean', ' Idle Std', ' Idle Max', ' Idle Min']
2020-01-30 16:22:32,550  INFO: Saving final X matrix to helperFiles/files/normedX
2020-01-30 16:22:32,583  DEBUG: Random seed = 1606
2020-01-30 16:22:32,636  DEBUG: X_train size: (2700, 118)
2020-01-30 16:22:32,636  DEBUG: X_test size: (2700, 118)
2020-01-30 16:22:32,636  DEBUG: X_valid size: (2700, 118)
2020-01-30 16:22:32,637  DEBUG: y_train class counts: (array([0, 1]), array([2676,   24]))
2020-01-30 16:22:32,637  DEBUG: y_test class counts: (array([0, 1]), array([2673,   27]))
2020-01-30 16:22:32,638  DEBUG: y_valid class counts: (array([0, 1]), array([2681,   19]))
2020-01-30 16:22:32,638  INFO: Randomizaiton of X and y matrices complete.
2020-01-30 16:22:32,640  INFO: Lambda: 0.01
2020-01-30 16:22:32,674  DEBUG: Max Rank: 81
2020-01-30 16:22:33,776  DEBUG: Lambda Scale: 0.5196152422706632
2020-01-30 16:22:34,819  DEBUG: criterion1 is the constraint
2020-01-30 16:22:34,820  DEBUG: criterion2 is the solution
2020-01-30 16:22:34,820  DEBUG: iteration criterion1 epsilon1 criterion2 epsilon2 rho      mu
2020-01-30 16:22:37,564  DEBUG:        10   2.97e-02 1.00e-05   2.52e-04 1.00e-04 3.08e+00 1.62e-02
2020-01-30 16:22:40,541  DEBUG:        20   4.35e-03 1.00e-05   1.03e-04 1.00e-04 3.08e+00 4.97e-02
2020-01-30 16:22:43,563  DEBUG:        30   5.48e-04 1.00e-05   1.22e-04 1.00e-04 3.08e+00 4.70e-01
2020-01-30 16:22:46,754  DEBUG:        40   7.34e-05 1.00e-05   9.43e-05 1.00e-04 3.08e+00 4.45e+00
2020-01-30 16:22:49,674  DEBUG:        50   9.46e-06 1.00e-05   3.77e-05 1.00e-04 3.08e+00 4.21e+01
2020-01-30 16:22:49,674  DEBUG:        50   9.46e-06 1.00e-05   3.77e-05 1.00e-04 3.08e+00 4.21e+01
2020-01-30 16:22:49,682  DEBUG: OG SHAPES, X: (2700, 118)  U: (2700, 81)  E: (81, 81)  VT: (81, 118)  L: (2700, 118)
2020-01-30 16:22:49,683  DEBUG: HAT SHAPES, Uhat: (2700, 11)  Ehat: (11, 11)  VThat: (11, 118)  VTta: (70, 118)
2020-01-30 16:22:49,685  DEBUG: X1 SHAPES: X: (2700, 118)  L: (2700, 118)  S: (2700, 118)
2020-01-30 16:22:49,689  DEBUG: X2 SHAPES: X: (2700, 118)  L: (2700, 118)  S: (2700, 118)
2020-01-30 16:22:49,851  INFO: ************ SVM ************
2020-01-30 16:22:49,851  INFO: FOR MATRIX: X
2020-01-30 16:22:49,920  INFO: 
Predicted Packet Type     0   1
Actual Packet Type             
0                      2672   1
1                         9  18
2020-01-30 16:22:49,923  INFO: f1_Score: 0.782609
2020-01-30 16:22:50,201  INFO: ************ SVM ************
2020-01-30 16:22:50,202  INFO: FOR MATRIX: CONCAT LS
2020-01-30 16:22:50,248  INFO: 
Predicted Packet Type     0   1
Actual Packet Type             
0                      2673   0
1                         9  18
2020-01-30 16:22:50,251  INFO: f1_Score: 0.800000
2020-01-30 16:22:50,665  INFO: ************ SVM ************
2020-01-30 16:22:50,665  INFO: FOR MATRIX: CONCAT XLS
2020-01-30 16:22:50,705  INFO: 
Predicted Packet Type     0   1
Actual Packet Type             
0                      2672   1
1                         9  18
2020-01-30 16:22:50,707  INFO: f1_Score: 0.782609
2020-01-30 16:22:50,708  INFO: Validating GOOD Lambda: 0.01
2020-01-30 16:22:50,710  DEBUG: X3 SHAPES: X: (2700, 118)  L: (2700, 118)  S: (2700, 118)
2020-01-30 16:22:50,871  INFO: ************ SVM ************
2020-01-30 16:22:50,871  INFO: FOR MATRIX: X
2020-01-30 16:22:50,911  INFO: 
Predicted Packet Type     0   1
Actual Packet Type             
0                      2680   1
1                         8  11
2020-01-30 16:22:50,913  INFO: f1_Score: 0.709677
2020-01-30 16:22:51,196  INFO: ************ SVM ************
2020-01-30 16:22:51,196  INFO: FOR MATRIX: CONCAT LS
2020-01-30 16:22:51,242  INFO: 
Predicted Packet Type     0   1
Actual Packet Type             
0                      2681   0
1                         8  11
2020-01-30 16:22:51,244  INFO: f1_Score: 0.733333
2020-01-30 16:22:51,657  INFO: ************ SVM ************
2020-01-30 16:22:51,658  INFO: FOR MATRIX: CONCAT XLS
2020-01-30 16:22:51,699  INFO: 
Predicted Packet Type     0   1
Actual Packet Type             
0                      2680   1
1                         8  11
2020-01-30 16:22:51,701  INFO: f1_Score: 0.709677
2020-01-30 16:22:51,701  INFO: Lambda: 0.02
2020-01-30 16:22:51,726  DEBUG: Max Rank: 81
2020-01-30 16:22:52,827  DEBUG: Lambda Scale: 1.0392304845413265
2020-01-30 16:22:53,704  DEBUG: criterion1 is the constraint
2020-01-30 16:22:53,704  DEBUG: criterion2 is the solution
2020-01-30 16:22:53,704  DEBUG: iteration criterion1 epsilon1 criterion2 epsilon2 rho      mu
2020-01-30 16:22:56,426  DEBUG:        10   5.51e-02 1.00e-05   1.08e-04 1.00e-04 3.08e+00 5.26e-03
2020-01-30 16:22:59,562  DEBUG:        20   1.05e-02 1.00e-05   2.97e-04 1.00e-04 3.08e+00 4.97e-02
2020-01-30 16:23:02,594  DEBUG:        30   2.07e-03 1.00e-05   1.18e-04 1.00e-04 3.08e+00 1.53e-01
2020-01-30 16:23:05,552  DEBUG:        40   4.75e-04 1.00e-05   2.44e-04 1.00e-04 3.08e+00 1.45e+00
2020-01-30 16:23:08,546  DEBUG:        50   8.69e-05 1.00e-05   8.87e-05 1.00e-04 3.08e+00 4.45e+00
2020-01-30 16:23:11,411  DEBUG:        60   1.94e-05 1.00e-05   2.81e-05 1.00e-04 3.08e+00 1.37e+01
2020-01-30 16:23:12,611  DEBUG:        64   8.93e-06 1.00e-05   3.34e-05 1.00e-04 3.08e+00 4.21e+01
2020-01-30 16:23:12,621  DEBUG: OG SHAPES, X: (2700, 118)  U: (2700, 81)  E: (81, 81)  VT: (81, 118)  L: (2700, 118)
2020-01-30 16:23:12,621  DEBUG: HAT SHAPES, Uhat: (2700, 37)  Ehat: (37, 37)  VThat: (37, 118)  VTta: (44, 118)
2020-01-30 16:23:12,623  DEBUG: X1 SHAPES: X: (2700, 118)  L: (2700, 118)  S: (2700, 118)
2020-01-30 16:23:12,628  DEBUG: X2 SHAPES: X: (2700, 118)  L: (2700, 118)  S: (2700, 118)
2020-01-30 16:23:12,789  INFO: ************ SVM ************
2020-01-30 16:23:12,789  INFO: FOR MATRIX: X
2020-01-30 16:23:12,832  INFO: 
Predicted Packet Type     0   1
Actual Packet Type             
0                      2672   1
1                         9  18
2020-01-30 16:23:12,835  INFO: f1_Score: 0.782609
2020-01-30 16:23:13,097  INFO: ************ SVM ************
2020-01-30 16:23:13,097  INFO: FOR MATRIX: CONCAT LS
2020-01-30 16:23:13,133  INFO: 
Predicted Packet Type     0
Actual Packet Type         
0                      2673
1                        27
2020-01-30 16:23:13,136  INFO: f1_Score: 0.000000
2020-01-30 16:23:13,503  INFO: ************ SVM ************
2020-01-30 16:23:13,503  INFO: FOR MATRIX: CONCAT XLS
2020-01-30 16:23:13,544  INFO: 
Predicted Packet Type     0
Actual Packet Type         
0                      2673
1                        27
2020-01-30 16:23:13,546  INFO: f1_Score: 0.000000
2020-01-30 16:23:13,546  INFO: Validating GOOD Lambda: 0.02
2020-01-30 16:23:13,552  DEBUG: X3 SHAPES: X: (2700, 118)  L: (2700, 118)  S: (2700, 118)
2020-01-30 16:23:13,700  INFO: ************ SVM ************
2020-01-30 16:23:13,701  INFO: FOR MATRIX: X
2020-01-30 16:23:13,742  INFO: 
Predicted Packet Type     0   1
Actual Packet Type             
0                      2680   1
1                         8  11
2020-01-30 16:23:13,744  INFO: f1_Score: 0.709677
2020-01-30 16:23:14,018  INFO: ************ SVM ************
2020-01-30 16:23:14,018  INFO: FOR MATRIX: CONCAT LS
2020-01-30 16:23:14,066  INFO: 
Predicted Packet Type     0
Actual Packet Type         
0                      2681
1                        19
2020-01-30 16:23:14,068  INFO: f1_Score: 0.000000
2020-01-30 16:23:14,472  INFO: ************ SVM ************
2020-01-30 16:23:14,472  INFO: FOR MATRIX: CONCAT XLS
2020-01-30 16:23:14,518  INFO: 
Predicted Packet Type     0
Actual Packet Type         
0                      2681
1                        19
2020-01-30 16:23:14,520  INFO: f1_Score: 0.000000
2020-01-30 16:23:14,520  INFO: Lambda: 0.03
2020-01-30 16:23:14,546  DEBUG: Max Rank: 81
2020-01-30 16:23:15,667  DEBUG: Lambda Scale: 1.5588457268119895
2020-01-30 16:23:16,536  DEBUG: criterion1 is the constraint
2020-01-30 16:23:16,536  DEBUG: criterion2 is the solution
2020-01-30 16:23:16,536  DEBUG: iteration criterion1 epsilon1 criterion2 epsilon2 rho      mu
2020-01-30 16:23:19,271  DEBUG:        10   6.99e-02 1.00e-05   1.29e-04 1.00e-04 3.08e+00 5.26e-03
2020-01-30 16:23:22,237  DEBUG:        20   1.24e-02 1.00e-05   3.96e-04 1.00e-04 3.08e+00 4.97e-02
2020-01-30 16:23:25,203  DEBUG:        30   2.84e-03 1.00e-05   2.06e-04 1.00e-04 3.08e+00 1.53e-01
2020-01-30 16:23:28,144  DEBUG:        40   6.31e-04 1.00e-05   1.05e-04 1.00e-04 3.08e+00 4.70e-01
2020-01-30 16:23:31,118  DEBUG:        50   1.48e-04 1.00e-05   1.33e-04 1.00e-04 3.08e+00 4.45e+00
2020-01-30 16:23:34,110  DEBUG:        60   2.91e-05 1.00e-05   5.39e-05 1.00e-04 3.08e+00 1.37e+01
2020-01-30 16:23:36,172  DEBUG:        67   9.14e-06 1.00e-05   3.48e-05 1.00e-04 3.08e+00 4.21e+01
2020-01-30 16:23:36,181  DEBUG: OG SHAPES, X: (2700, 118)  U: (2700, 81)  E: (81, 81)  VT: (81, 118)  L: (2700, 118)
2020-01-30 16:23:36,182  DEBUG: HAT SHAPES, Uhat: (2700, 57)  Ehat: (57, 57)  VThat: (57, 118)  VTta: (24, 118)
2020-01-30 16:23:36,184  DEBUG: X1 SHAPES: X: (2700, 118)  L: (2700, 118)  S: (2700, 118)
2020-01-30 16:23:36,190  DEBUG: X2 SHAPES: X: (2700, 118)  L: (2700, 118)  S: (2700, 118)
2020-01-30 16:23:36,344  INFO: ************ SVM ************
2020-01-30 16:23:36,344  INFO: FOR MATRIX: X
2020-01-30 16:23:36,386  INFO: 
Predicted Packet Type     0   1
Actual Packet Type             
0                      2672   1
1                         9  18
2020-01-30 16:23:36,388  INFO: f1_Score: 0.782609
2020-01-30 16:23:36,693  INFO: ************ SVM ************
2020-01-30 16:23:36,693  INFO: FOR MATRIX: CONCAT LS
2020-01-30 16:23:36,734  INFO: 
Predicted Packet Type     0
Actual Packet Type         
0                      2673
1                        27
2020-01-30 16:23:36,736  INFO: f1_Score: 0.000000
2020-01-30 16:23:37,158  INFO: ************ SVM ************
2020-01-30 16:23:37,158  INFO: FOR MATRIX: CONCAT XLS
2020-01-30 16:23:37,201  INFO: 
Predicted Packet Type     0   1
Actual Packet Type             
0                      2672   1
1                         9  18
2020-01-30 16:23:37,204  INFO: f1_Score: 0.782609
2020-01-30 16:23:37,204  INFO: Validating GOOD Lambda: 0.03
2020-01-30 16:23:37,209  DEBUG: X3 SHAPES: X: (2700, 118)  L: (2700, 118)  S: (2700, 118)
2020-01-30 16:23:37,370  INFO: ************ SVM ************
2020-01-30 16:23:37,371  INFO: FOR MATRIX: X
2020-01-30 16:23:37,415  INFO: 
Predicted Packet Type     0   1
Actual Packet Type             
0                      2680   1
1                         8  11
2020-01-30 16:23:37,417  INFO: f1_Score: 0.709677
2020-01-30 16:23:37,694  INFO: ************ SVM ************
2020-01-30 16:23:37,694  INFO: FOR MATRIX: CONCAT LS
2020-01-30 16:23:37,731  INFO: 
Predicted Packet Type     0
Actual Packet Type         
0                      2681
1                        19
2020-01-30 16:23:37,733  INFO: f1_Score: 0.000000
2020-01-30 16:23:38,147  INFO: ************ SVM ************
2020-01-30 16:23:38,147  INFO: FOR MATRIX: CONCAT XLS
2020-01-30 16:23:38,185  INFO: 
Predicted Packet Type     0   1
Actual Packet Type             
0                      2680   1
1                         8  11
2020-01-30 16:23:38,187  INFO: f1_Score: 0.709677
2020-01-30 16:23:38,188  INFO: Lambda: 0.04
2020-01-30 16:23:38,208  DEBUG: Max Rank: 81
2020-01-30 16:23:39,293  DEBUG: Lambda Scale: 2.078460969082653
2020-01-30 16:23:40,176  DEBUG: criterion1 is the constraint
2020-01-30 16:23:40,177  DEBUG: criterion2 is the solution
2020-01-30 16:23:40,177  DEBUG: iteration criterion1 epsilon1 criterion2 epsilon2 rho      mu
2020-01-30 16:23:42,931  DEBUG:        10   7.77e-02 1.00e-05   1.93e-04 1.00e-04 3.08e+00 5.26e-03
2020-01-30 16:23:45,879  DEBUG:        20   2.09e-02 1.00e-05   1.41e-04 1.00e-04 3.08e+00 1.62e-02
2020-01-30 16:23:48,895  DEBUG:        30   6.24e-03 1.00e-05   2.62e-04 1.00e-04 3.08e+00 1.53e-01
2020-01-30 16:23:51,929  DEBUG:        40   9.99e-04 1.00e-05   2.46e-04 1.00e-04 3.08e+00 4.70e-01
2020-01-30 16:23:54,927  DEBUG:        50   2.05e-04 1.00e-05   8.75e-05 1.00e-04 3.08e+00 1.45e+00
2020-01-30 16:23:57,933  DEBUG:        60   3.81e-05 1.00e-05   8.44e-05 1.00e-04 3.08e+00 1.37e+01
2020-01-30 16:24:00,418  DEBUG:        68   8.74e-06 1.00e-05   3.11e-05 1.00e-04 3.08e+00 4.21e+01
2020-01-30 16:24:00,426  DEBUG: OG SHAPES, X: (2700, 118)  U: (2700, 81)  E: (81, 81)  VT: (81, 118)  L: (2700, 118)
2020-01-30 16:24:00,427  DEBUG: HAT SHAPES, Uhat: (2700, 62)  Ehat: (62, 62)  VThat: (62, 118)  VTta: (19, 118)
2020-01-30 16:24:00,429  DEBUG: X1 SHAPES: X: (2700, 118)  L: (2700, 118)  S: (2700, 118)
2020-01-30 16:24:00,433  DEBUG: X2 SHAPES: X: (2700, 118)  L: (2700, 118)  S: (2700, 118)
2020-01-30 16:24:00,581  INFO: ************ SVM ************
2020-01-30 16:24:00,581  INFO: FOR MATRIX: X
2020-01-30 16:24:00,633  INFO: 
Predicted Packet Type     0   1
Actual Packet Type             
0                      2672   1
1                         9  18
2020-01-30 16:24:00,635  INFO: f1_Score: 0.782609
2020-01-30 16:24:00,928  INFO: ************ SVM ************
2020-01-30 16:24:00,929  INFO: FOR MATRIX: CONCAT LS
2020-01-30 16:24:00,970  INFO: 
Predicted Packet Type     0   1
Actual Packet Type             
0                      2672   1
1                         9  18
2020-01-30 16:24:00,973  INFO: f1_Score: 0.782609
2020-01-30 16:24:01,387  INFO: ************ SVM ************
2020-01-30 16:24:01,387  INFO: FOR MATRIX: CONCAT XLS
2020-01-30 16:24:01,431  INFO: 
Predicted Packet Type     0   1
Actual Packet Type             
0                      2671   2
1                         9  18
2020-01-30 16:24:01,433  INFO: f1_Score: 0.765957
2020-01-30 16:24:01,434  INFO: Validating GOOD Lambda: 0.04
2020-01-30 16:24:01,438  DEBUG: X3 SHAPES: X: (2700, 118)  L: (2700, 118)  S: (2700, 118)
2020-01-30 16:24:01,600  INFO: ************ SVM ************
2020-01-30 16:24:01,601  INFO: FOR MATRIX: X
2020-01-30 16:24:01,646  INFO: 
Predicted Packet Type     0   1
Actual Packet Type             
0                      2680   1
1                         8  11
2020-01-30 16:24:01,648  INFO: f1_Score: 0.709677
2020-01-30 16:24:01,933  INFO: ************ SVM ************
2020-01-30 16:24:01,934  INFO: FOR MATRIX: CONCAT LS
2020-01-30 16:24:01,975  INFO: 
Predicted Packet Type     0   1
Actual Packet Type             
0                      2680   1
1                         8  11
2020-01-30 16:24:01,977  INFO: f1_Score: 0.709677
2020-01-30 16:24:02,420  INFO: ************ SVM ************
2020-01-30 16:24:02,420  INFO: FOR MATRIX: CONCAT XLS
2020-01-30 16:24:02,468  INFO: 
Predicted Packet Type     0   1
Actual Packet Type             
0                      2679   2
1                         8  11
2020-01-30 16:24:02,470  INFO: f1_Score: 0.687500
2020-01-30 16:24:02,471  INFO: Lambda: 0.05
2020-01-30 16:24:02,516  DEBUG: Max Rank: 81
2020-01-30 16:24:03,616  DEBUG: Lambda Scale: 2.598076211353316
2020-01-30 16:24:04,482  DEBUG: criterion1 is the constraint
2020-01-30 16:24:04,482  DEBUG: criterion2 is the solution
2020-01-30 16:24:04,483  DEBUG: iteration criterion1 epsilon1 criterion2 epsilon2 rho      mu
2020-01-30 16:24:07,181  DEBUG:        10   8.26e-02 1.00e-05   1.49e-04 1.00e-04 3.08e+00 5.26e-03
2020-01-30 16:24:10,163  DEBUG:        20   2.09e-02 1.00e-05   1.24e-04 1.00e-04 3.08e+00 1.62e-02
2020-01-30 16:24:13,232  DEBUG:        30   5.78e-03 1.00e-05   2.95e-04 1.00e-04 3.08e+00 1.53e-01
2020-01-30 16:24:16,354  DEBUG:        40   9.18e-04 1.00e-05   2.19e-04 1.00e-04 3.08e+00 4.70e-01
2020-01-30 16:24:19,359  DEBUG:        50   1.58e-04 1.00e-05   1.27e-04 1.00e-04 3.08e+00 4.45e+00
2020-01-30 16:24:22,298  DEBUG:        60   2.36e-05 1.00e-05   3.56e-05 1.00e-04 3.08e+00 1.37e+01
2020-01-30 16:24:23,688  DEBUG:        65   9.03e-06 1.00e-05   3.56e-05 1.00e-04 3.08e+00 4.21e+01
2020-01-30 16:24:23,695  DEBUG: OG SHAPES, X: (2700, 118)  U: (2700, 81)  E: (81, 81)  VT: (81, 118)  L: (2700, 118)
2020-01-30 16:24:23,696  DEBUG: HAT SHAPES, Uhat: (2700, 65)  Ehat: (65, 65)  VThat: (65, 118)  VTta: (16, 118)
2020-01-30 16:24:23,699  DEBUG: X1 SHAPES: X: (2700, 118)  L: (2700, 118)  S: (2700, 118)
2020-01-30 16:24:23,705  DEBUG: X2 SHAPES: X: (2700, 118)  L: (2700, 118)  S: (2700, 118)
2020-01-30 16:24:23,863  INFO: ************ SVM ************
2020-01-30 16:24:23,863  INFO: FOR MATRIX: X
2020-01-30 16:24:23,906  INFO: 
Predicted Packet Type     0   1
Actual Packet Type             
0                      2672   1
1                         9  18
2020-01-30 16:24:23,908  INFO: f1_Score: 0.782609
2020-01-30 16:24:24,171  INFO: ************ SVM ************
2020-01-30 16:24:24,172  INFO: FOR MATRIX: CONCAT LS
2020-01-30 16:24:24,216  INFO: 
Predicted Packet Type     0   1
Actual Packet Type             
0                      2671   2
1                         9  18
2020-01-30 16:24:24,219  INFO: f1_Score: 0.765957
2020-01-30 16:24:24,622  INFO: ************ SVM ************
2020-01-30 16:24:24,622  INFO: FOR MATRIX: CONCAT XLS
2020-01-30 16:24:24,667  INFO: 
Predicted Packet Type     0   1
Actual Packet Type             
0                      2671   2
1                         9  18
2020-01-30 16:24:24,669  INFO: f1_Score: 0.765957
2020-01-30 16:24:24,669  INFO: Validating GOOD Lambda: 0.05
2020-01-30 16:24:24,675  DEBUG: X3 SHAPES: X: (2700, 118)  L: (2700, 118)  S: (2700, 118)
2020-01-30 16:24:24,840  INFO: ************ SVM ************
2020-01-30 16:24:24,841  INFO: FOR MATRIX: X
2020-01-30 16:24:24,883  INFO: 
Predicted Packet Type     0   1
Actual Packet Type             
0                      2680   1
1                         8  11
2020-01-30 16:24:24,886  INFO: f1_Score: 0.709677
2020-01-30 16:24:25,151  INFO: ************ SVM ************
2020-01-30 16:24:25,152  INFO: FOR MATRIX: CONCAT LS
2020-01-30 16:24:25,194  INFO: 
Predicted Packet Type     0   1
Actual Packet Type             
0                      2679   2
1                         8  11
2020-01-30 16:24:25,197  INFO: f1_Score: 0.687500
2020-01-30 16:24:25,591  INFO: ************ SVM ************
2020-01-30 16:24:25,591  INFO: FOR MATRIX: CONCAT XLS
2020-01-30 16:24:25,638  INFO: 
Predicted Packet Type     0   1
Actual Packet Type             
0                      2679   2
1                         8  11
2020-01-30 16:24:25,641  INFO: f1_Score: 0.687500
2020-01-30 16:24:25,642  INFO: Lambda: 0.060000000000000005
2020-01-30 16:24:25,699  DEBUG: Max Rank: 81
2020-01-30 16:24:26,849  DEBUG: Lambda Scale: 3.1176914536239795
2020-01-30 16:24:27,865  DEBUG: criterion1 is the constraint
2020-01-30 16:24:27,865  DEBUG: criterion2 is the solution
2020-01-30 16:24:27,866  DEBUG: iteration criterion1 epsilon1 criterion2 epsilon2 rho      mu
2020-01-30 16:24:30,579  DEBUG:        10   8.26e-02 1.00e-05   1.55e-04 1.00e-04 3.08e+00 5.26e-03
2020-01-30 16:24:33,522  DEBUG:        20   1.98e-02 1.00e-05   1.26e-04 1.00e-04 3.08e+00 1.62e-02
2020-01-30 16:24:36,530  DEBUG:        30   5.93e-03 1.00e-05   2.41e-04 1.00e-04 3.08e+00 1.53e-01
2020-01-30 16:24:39,479  DEBUG:        40   9.52e-04 1.00e-05   1.98e-04 1.00e-04 3.08e+00 4.70e-01
2020-01-30 16:24:42,371  DEBUG:        50   1.43e-04 1.00e-05   1.89e-04 1.00e-04 3.08e+00 4.45e+00
2020-01-30 16:24:45,385  DEBUG:        60   2.37e-05 1.00e-05   4.81e-05 1.00e-04 3.08e+00 1.37e+01
2020-01-30 16:24:46,895  DEBUG:        65   8.50e-06 1.00e-05   4.17e-05 1.00e-04 3.08e+00 4.21e+01
2020-01-30 16:24:46,901  DEBUG: OG SHAPES, X: (2700, 118)  U: (2700, 81)  E: (81, 81)  VT: (81, 118)  L: (2700, 118)
2020-01-30 16:24:46,902  DEBUG: HAT SHAPES, Uhat: (2700, 65)  Ehat: (65, 65)  VThat: (65, 118)  VTta: (16, 118)
2020-01-30 16:24:46,905  DEBUG: X1 SHAPES: X: (2700, 118)  L: (2700, 118)  S: (2700, 118)
2020-01-30 16:24:46,913  DEBUG: X2 SHAPES: X: (2700, 118)  L: (2700, 118)  S: (2700, 118)
2020-01-30 16:24:47,063  INFO: ************ SVM ************
2020-01-30 16:24:47,064  INFO: FOR MATRIX: X
2020-01-30 16:24:47,104  INFO: 
Predicted Packet Type     0   1
Actual Packet Type             
0                      2672   1
1                         9  18
2020-01-30 16:24:47,107  INFO: f1_Score: 0.782609
2020-01-30 16:24:47,378  INFO: ************ SVM ************
2020-01-30 16:24:47,378  INFO: FOR MATRIX: CONCAT LS
2020-01-30 16:24:47,421  INFO: 
Predicted Packet Type     0   1
Actual Packet Type             
0                      2671   2
1                         9  18
2020-01-30 16:24:47,423  INFO: f1_Score: 0.765957
2020-01-30 16:24:47,824  INFO: ************ SVM ************
2020-01-30 16:24:47,825  INFO: FOR MATRIX: CONCAT XLS
2020-01-30 16:24:47,867  INFO: 
Predicted Packet Type     0   1
Actual Packet Type             
0                      2671   2
1                         9  18
2020-01-30 16:24:47,869  INFO: f1_Score: 0.765957
2020-01-30 16:24:47,869  INFO: Validating GOOD Lambda: 0.060000000000000005
2020-01-30 16:24:47,876  DEBUG: X3 SHAPES: X: (2700, 118)  L: (2700, 118)  S: (2700, 118)
2020-01-30 16:24:48,026  INFO: ************ SVM ************
2020-01-30 16:24:48,026  INFO: FOR MATRIX: X
2020-01-30 16:24:48,069  INFO: 
Predicted Packet Type     0   1
Actual Packet Type             
0                      2680   1
1                         8  11
2020-01-30 16:24:48,072  INFO: f1_Score: 0.709677
2020-01-30 16:24:48,349  INFO: ************ SVM ************
2020-01-30 16:24:48,349  INFO: FOR MATRIX: CONCAT LS
2020-01-30 16:24:48,391  INFO: 
Predicted Packet Type     0   1
Actual Packet Type             
0                      2679   2
1                         8  11
2020-01-30 16:24:48,393  INFO: f1_Score: 0.687500
2020-01-30 16:24:48,797  INFO: ************ SVM ************
2020-01-30 16:24:48,798  INFO: FOR MATRIX: CONCAT XLS
2020-01-30 16:24:48,838  INFO: 
Predicted Packet Type     0   1
Actual Packet Type             
0                      2679   2
1                         8  11
2020-01-30 16:24:48,840  INFO: f1_Score: 0.687500
2020-01-30 16:24:48,840  INFO: Lambda: 0.07
2020-01-30 16:24:48,887  DEBUG: Max Rank: 81
2020-01-30 16:24:49,972  DEBUG: Lambda Scale: 3.637306695894643
2020-01-30 16:24:50,837  DEBUG: criterion1 is the constraint
2020-01-30 16:24:50,837  DEBUG: criterion2 is the solution
2020-01-30 16:24:50,838  DEBUG: iteration criterion1 epsilon1 criterion2 epsilon2 rho      mu
2020-01-30 16:24:53,558  DEBUG:        10   8.11e-02 1.00e-05   1.91e-04 1.00e-04 3.08e+00 5.26e-03
2020-01-30 16:24:56,536  DEBUG:        20   1.56e-02 1.00e-05   4.46e-04 1.00e-04 3.08e+00 4.97e-02
2020-01-30 16:24:59,692  DEBUG:        30   3.78e-03 1.00e-05   3.78e-04 1.00e-04 3.08e+00 1.53e-01
2020-01-30 16:25:02,680  DEBUG:        40   5.81e-04 1.00e-05   1.28e-04 1.00e-04 3.08e+00 4.70e-01
2020-01-30 16:25:05,697  DEBUG:        50   7.39e-05 1.00e-05   1.02e-04 1.00e-04 3.08e+00 4.45e+00
2020-01-30 16:25:08,439  DEBUG:        59   9.39e-06 1.00e-05   6.47e-05 1.00e-04 3.08e+00 4.21e+01
2020-01-30 16:25:08,446  DEBUG: OG SHAPES, X: (2700, 118)  U: (2700, 81)  E: (81, 81)  VT: (81, 118)  L: (2700, 118)
2020-01-30 16:25:08,447  DEBUG: HAT SHAPES, Uhat: (2700, 66)  Ehat: (66, 66)  VThat: (66, 118)  VTta: (15, 118)
2020-01-30 16:25:08,448  DEBUG: X1 SHAPES: X: (2700, 118)  L: (2700, 118)  S: (2700, 118)
2020-01-30 16:25:08,454  DEBUG: X2 SHAPES: X: (2700, 118)  L: (2700, 118)  S: (2700, 118)
2020-01-30 16:25:08,613  INFO: ************ SVM ************
2020-01-30 16:25:08,613  INFO: FOR MATRIX: X
2020-01-30 16:25:08,658  INFO: 
Predicted Packet Type     0   1
Actual Packet Type             
0                      2672   1
1                         9  18
2020-01-30 16:25:08,660  INFO: f1_Score: 0.782609
2020-01-30 16:25:08,927  INFO: ************ SVM ************
2020-01-30 16:25:08,927  INFO: FOR MATRIX: CONCAT LS
2020-01-30 16:25:08,969  INFO: 
Predicted Packet Type     0   1
Actual Packet Type             
0                      2669   4
1                         9  18
2020-01-30 16:25:08,972  INFO: f1_Score: 0.734694
2020-01-30 16:25:09,380  INFO: ************ SVM ************
2020-01-30 16:25:09,381  INFO: FOR MATRIX: CONCAT XLS
2020-01-30 16:25:09,424  INFO: 
Predicted Packet Type     0   1
Actual Packet Type             
0                      2671   2
1                         9  18
2020-01-30 16:25:09,426  INFO: f1_Score: 0.765957
2020-01-30 16:25:09,426  INFO: Validating GOOD Lambda: 0.07
2020-01-30 16:25:09,435  DEBUG: X3 SHAPES: X: (2700, 118)  L: (2700, 118)  S: (2700, 118)
2020-01-30 16:25:09,595  INFO: ************ SVM ************
2020-01-30 16:25:09,595  INFO: FOR MATRIX: X
2020-01-30 16:25:09,644  INFO: 
Predicted Packet Type     0   1
Actual Packet Type             
0                      2680   1
1                         8  11
2020-01-30 16:25:09,646  INFO: f1_Score: 0.709677
2020-01-30 16:25:09,922  INFO: ************ SVM ************
2020-01-30 16:25:09,923  INFO: FOR MATRIX: CONCAT LS
2020-01-30 16:25:09,965  INFO: 
Predicted Packet Type     0   1
Actual Packet Type             
0                      2673   8
1                         8  11
2020-01-30 16:25:09,967  INFO: f1_Score: 0.578947
2020-01-30 16:25:10,387  INFO: ************ SVM ************
2020-01-30 16:25:10,387  INFO: FOR MATRIX: CONCAT XLS
2020-01-30 16:25:10,431  INFO: 
Predicted Packet Type     0   1
Actual Packet Type             
0                      2679   2
1                         8  11
2020-01-30 16:25:10,433  INFO: f1_Score: 0.687500
2020-01-30 16:25:10,434  INFO: Lambda: 0.08
2020-01-30 16:25:10,487  DEBUG: Max Rank: 81
2020-01-30 16:25:11,613  DEBUG: Lambda Scale: 4.156921938165306
2020-01-30 16:25:12,491  DEBUG: criterion1 is the constraint
2020-01-30 16:25:12,492  DEBUG: criterion2 is the solution
2020-01-30 16:25:12,492  DEBUG: iteration criterion1 epsilon1 criterion2 epsilon2 rho      mu
2020-01-30 16:25:15,187  DEBUG:        10   8.14e-02 1.00e-05   2.15e-04 1.00e-04 3.08e+00 5.26e-03
2020-01-30 16:25:18,214  DEBUG:        20   2.13e-02 1.00e-05   2.41e-04 1.00e-04 3.08e+00 4.97e-02
2020-01-30 16:25:21,270  DEBUG:        30   4.30e-03 1.00e-05   4.56e-04 1.00e-04 3.08e+00 1.53e-01
2020-01-30 16:25:24,163  DEBUG:        40   5.88e-04 1.00e-05   1.55e-04 1.00e-04 3.08e+00 4.70e-01
2020-01-30 16:25:27,327  DEBUG:        50   8.26e-05 1.00e-05   1.70e-04 1.00e-04 3.08e+00 4.45e+00
2020-01-30 16:25:30,665  DEBUG:        60   8.43e-06 1.00e-05   4.74e-05 1.00e-04 3.08e+00 4.21e+01
2020-01-30 16:25:30,665  DEBUG:        60   8.43e-06 1.00e-05   4.74e-05 1.00e-04 3.08e+00 4.21e+01
2020-01-30 16:25:30,671  DEBUG: OG SHAPES, X: (2700, 118)  U: (2700, 81)  E: (81, 81)  VT: (81, 118)  L: (2700, 118)
2020-01-30 16:25:30,672  DEBUG: HAT SHAPES, Uhat: (2700, 66)  Ehat: (66, 66)  VThat: (66, 118)  VTta: (15, 118)
2020-01-30 16:25:30,673  DEBUG: X1 SHAPES: X: (2700, 118)  L: (2700, 118)  S: (2700, 118)
2020-01-30 16:25:30,680  DEBUG: X2 SHAPES: X: (2700, 118)  L: (2700, 118)  S: (2700, 118)
2020-01-30 16:25:30,825  INFO: ************ SVM ************
2020-01-30 16:25:30,825  INFO: FOR MATRIX: X
2020-01-30 16:25:30,869  INFO: 
Predicted Packet Type     0   1
Actual Packet Type             
0                      2672   1
1                         9  18
2020-01-30 16:25:30,872  INFO: f1_Score: 0.782609
2020-01-30 16:25:31,123  INFO: ************ SVM ************
2020-01-30 16:25:31,123  INFO: FOR MATRIX: CONCAT LS
2020-01-30 16:25:31,165  INFO: 
Predicted Packet Type     0   1
Actual Packet Type             
0                      2669   4
1                         9  18
2020-01-30 16:25:31,167  INFO: f1_Score: 0.734694
2020-01-30 16:25:31,550  INFO: ************ SVM ************
2020-01-30 16:25:31,550  INFO: FOR MATRIX: CONCAT XLS
2020-01-30 16:25:31,593  INFO: 
Predicted Packet Type     0   1
Actual Packet Type             
0                      2671   2
1                         9  18
2020-01-30 16:25:31,596  INFO: f1_Score: 0.765957
2020-01-30 16:25:31,597  INFO: Validating GOOD Lambda: 0.08
2020-01-30 16:25:31,610  DEBUG: X3 SHAPES: X: (2700, 118)  L: (2700, 118)  S: (2700, 118)
2020-01-30 16:25:31,780  INFO: ************ SVM ************
2020-01-30 16:25:31,780  INFO: FOR MATRIX: X
2020-01-30 16:25:31,822  INFO: 
Predicted Packet Type     0   1
Actual Packet Type             
0                      2680   1
1                         8  11
2020-01-30 16:25:31,824  INFO: f1_Score: 0.709677
2020-01-30 16:25:32,081  INFO: ************ SVM ************
2020-01-30 16:25:32,081  INFO: FOR MATRIX: CONCAT LS
2020-01-30 16:25:32,130  INFO: 
Predicted Packet Type     0   1
Actual Packet Type             
0                      2675   6
1                         8  11
2020-01-30 16:25:32,132  INFO: f1_Score: 0.611111
2020-01-30 16:25:32,527  INFO: ************ SVM ************
2020-01-30 16:25:32,527  INFO: FOR MATRIX: CONCAT XLS
2020-01-30 16:25:32,567  INFO: 
Predicted Packet Type     0   1
Actual Packet Type             
0                      2679   2
1                         8  11
2020-01-30 16:25:32,570  INFO: f1_Score: 0.687500
2020-01-30 16:25:32,570  INFO: Lambda: 0.09
2020-01-30 16:25:32,598  DEBUG: Max Rank: 81
2020-01-30 16:25:33,669  DEBUG: Lambda Scale: 4.676537180435969
2020-01-30 16:25:34,556  DEBUG: criterion1 is the constraint
2020-01-30 16:25:34,557  DEBUG: criterion2 is the solution
2020-01-30 16:25:34,557  DEBUG: iteration criterion1 epsilon1 criterion2 epsilon2 rho      mu
2020-01-30 16:25:37,315  DEBUG:        10   8.29e-02 1.00e-05   1.95e-04 1.00e-04 3.08e+00 5.26e-03
2020-01-30 16:25:40,850  DEBUG:        20   1.57e-02 1.00e-05   4.12e-04 1.00e-04 3.08e+00 4.97e-02
2020-01-30 16:25:43,821  DEBUG:        30   3.35e-03 1.00e-05   2.50e-04 1.00e-04 3.08e+00 1.53e-01
2020-01-30 16:25:46,877  DEBUG:        40   5.64e-04 1.00e-05   1.11e-04 1.00e-04 3.08e+00 4.70e-01
2020-01-30 16:25:49,816  DEBUG:        50   6.79e-05 1.00e-05   9.64e-05 1.00e-04 3.08e+00 4.45e+00
2020-01-30 16:25:52,525  DEBUG:        59   8.19e-06 1.00e-05   4.09e-05 1.00e-04 3.08e+00 4.21e+01
2020-01-30 16:25:52,532  DEBUG: OG SHAPES, X: (2700, 118)  U: (2700, 81)  E: (81, 81)  VT: (81, 118)  L: (2700, 118)
2020-01-30 16:25:52,532  DEBUG: HAT SHAPES, Uhat: (2700, 66)  Ehat: (66, 66)  VThat: (66, 118)  VTta: (15, 118)
2020-01-30 16:25:52,534  DEBUG: X1 SHAPES: X: (2700, 118)  L: (2700, 118)  S: (2700, 118)
2020-01-30 16:25:52,543  DEBUG: X2 SHAPES: X: (2700, 118)  L: (2700, 118)  S: (2700, 118)
2020-01-30 16:25:52,701  INFO: ************ SVM ************
2020-01-30 16:25:52,702  INFO: FOR MATRIX: X
2020-01-30 16:25:52,755  INFO: 
Predicted Packet Type     0   1
Actual Packet Type             
0                      2672   1
1                         9  18
2020-01-30 16:25:52,758  INFO: f1_Score: 0.782609
2020-01-30 16:25:53,094  INFO: ************ SVM ************
2020-01-30 16:25:53,094  INFO: FOR MATRIX: CONCAT LS
2020-01-30 16:25:53,138  INFO: 
Predicted Packet Type     0   1
Actual Packet Type             
0                      2671   2
1                         9  18
2020-01-30 16:25:53,140  INFO: f1_Score: 0.765957
2020-01-30 16:25:53,545  INFO: ************ SVM ************
2020-01-30 16:25:53,545  INFO: FOR MATRIX: CONCAT XLS
2020-01-30 16:25:53,587  INFO: 
Predicted Packet Type     0   1
Actual Packet Type             
0                      2671   2
1                         9  18
2020-01-30 16:25:53,589  INFO: f1_Score: 0.765957
2020-01-30 16:25:53,589  INFO: Validating GOOD Lambda: 0.09
2020-01-30 16:25:53,595  DEBUG: X3 SHAPES: X: (2700, 118)  L: (2700, 118)  S: (2700, 118)
2020-01-30 16:25:53,728  INFO: ************ SVM ************
2020-01-30 16:25:53,729  INFO: FOR MATRIX: X
2020-01-30 16:25:53,772  INFO: 
Predicted Packet Type     0   1
Actual Packet Type             
0                      2680   1
1                         8  11
2020-01-30 16:25:53,775  INFO: f1_Score: 0.709677
2020-01-30 16:25:54,038  INFO: ************ SVM ************
2020-01-30 16:25:54,038  INFO: FOR MATRIX: CONCAT LS
2020-01-30 16:25:54,079  INFO: 
Predicted Packet Type     0   1
Actual Packet Type             
0                      2679   2
1                         8  11
2020-01-30 16:25:54,081  INFO: f1_Score: 0.687500
2020-01-30 16:25:54,492  INFO: ************ SVM ************
2020-01-30 16:25:54,494  INFO: FOR MATRIX: CONCAT XLS
2020-01-30 16:25:54,583  INFO: 
Predicted Packet Type     0   1
Actual Packet Type             
0                      2679   2
1                         8  11
2020-01-30 16:25:54,585  INFO: f1_Score: 0.687500
2020-01-30 16:25:54,585  INFO: Lambda: 0.09999999999999999
2020-01-30 16:25:54,622  DEBUG: Max Rank: 81
2020-01-30 16:25:55,688  DEBUG: Lambda Scale: 5.196152422706632
2020-01-30 16:25:56,574  DEBUG: criterion1 is the constraint
2020-01-30 16:25:56,574  DEBUG: criterion2 is the solution
2020-01-30 16:25:56,574  DEBUG: iteration criterion1 epsilon1 criterion2 epsilon2 rho      mu
2020-01-30 16:25:59,127  DEBUG:        10   8.16e-02 1.00e-05   2.09e-04 1.00e-04 3.08e+00 5.26e-03
2020-01-30 16:26:02,183  DEBUG:        20   1.93e-02 1.00e-05   1.17e-04 1.00e-04 3.08e+00 1.62e-02
2020-01-30 16:26:05,186  DEBUG:        30   5.81e-03 1.00e-05   2.41e-04 1.00e-04 3.08e+00 1.53e-01
2020-01-30 16:26:08,217  DEBUG:        40   1.07e-03 1.00e-05   2.08e-04 1.00e-04 3.08e+00 4.70e-01
2020-01-30 16:26:11,217  DEBUG:        50   1.27e-04 1.00e-05   1.60e-04 1.00e-04 3.08e+00 4.45e+00
2020-01-30 16:26:14,419  DEBUG:        60   1.13e-05 1.00e-05   6.46e-05 1.00e-04 3.08e+00 4.21e+01
2020-01-30 16:26:14,735  DEBUG:        61   7.45e-06 1.00e-05   4.58e-05 1.00e-04 3.08e+00 4.21e+01
2020-01-30 16:26:14,741  DEBUG: OG SHAPES, X: (2700, 118)  U: (2700, 81)  E: (81, 81)  VT: (81, 118)  L: (2700, 118)
2020-01-30 16:26:14,741  DEBUG: HAT SHAPES, Uhat: (2700, 68)  Ehat: (68, 68)  VThat: (68, 118)  VTta: (13, 118)
2020-01-30 16:26:14,743  DEBUG: X1 SHAPES: X: (2700, 118)  L: (2700, 118)  S: (2700, 118)
2020-01-30 16:26:14,748  DEBUG: X2 SHAPES: X: (2700, 118)  L: (2700, 118)  S: (2700, 118)
2020-01-30 16:26:14,909  INFO: ************ SVM ************
2020-01-30 16:26:14,909  INFO: FOR MATRIX: X
2020-01-30 16:26:14,960  INFO: 
Predicted Packet Type     0   1
Actual Packet Type             
0                      2672   1
1                         9  18
2020-01-30 16:26:14,963  INFO: f1_Score: 0.782609
2020-01-30 16:26:15,321  INFO: ************ SVM ************
2020-01-30 16:26:15,322  INFO: FOR MATRIX: CONCAT LS
2020-01-30 16:26:15,378  INFO: 
Predicted Packet Type     0   1
Actual Packet Type             
0                      2671   2
1                         9  18
2020-01-30 16:26:15,381  INFO: f1_Score: 0.765957
2020-01-30 16:26:15,792  INFO: ************ SVM ************
2020-01-30 16:26:15,794  INFO: FOR MATRIX: CONCAT XLS
2020-01-30 16:26:15,839  INFO: 
Predicted Packet Type     0   1
Actual Packet Type             
0                      2672   1
1                         9  18
2020-01-30 16:26:15,843  INFO: f1_Score: 0.782609
2020-01-30 16:26:15,843  INFO: Validating GOOD Lambda: 0.09999999999999999
2020-01-30 16:26:15,849  DEBUG: X3 SHAPES: X: (2700, 118)  L: (2700, 118)  S: (2700, 118)
2020-01-30 16:26:16,002  INFO: ************ SVM ************
2020-01-30 16:26:16,002  INFO: FOR MATRIX: X
2020-01-30 16:26:16,039  INFO: 
Predicted Packet Type     0   1
Actual Packet Type             
0                      2680   1
1                         8  11
2020-01-30 16:26:16,041  INFO: f1_Score: 0.709677
2020-01-30 16:26:16,324  INFO: ************ SVM ************
2020-01-30 16:26:16,325  INFO: FOR MATRIX: CONCAT LS
2020-01-30 16:26:16,366  INFO: 
Predicted Packet Type     0   1
Actual Packet Type             
0                      2679   2
1                         8  11
2020-01-30 16:26:16,368  INFO: f1_Score: 0.687500
2020-01-30 16:26:16,768  INFO: ************ SVM ************
2020-01-30 16:26:16,768  INFO: FOR MATRIX: CONCAT XLS
2020-01-30 16:26:16,815  INFO: 
Predicted Packet Type     0   1
Actual Packet Type             
0                      2680   1
1                         8  11
2020-01-30 16:26:16,817  INFO: f1_Score: 0.709677
