2020-02-19 14:23:02,505  INFO: Run started.
2020-02-19 14:23:02,505  INFO: CONFIGURATION USED: MAIN
2020-02-19 14:26:09,294  INFO: Run started.
2020-02-19 14:26:09,294  INFO: CONFIGURATION USED: MAIN
2020-02-19 14:32:11,423  INFO: Run started.
2020-02-19 14:32:11,423  INFO: CONFIGURATION USED: MAIN
2020-02-19 14:32:38,010  INFO: Run started.
2020-02-19 14:32:38,010  INFO: CONFIGURATION USED: MAIN
2020-02-19 14:33:58,860  INFO: Run started.
2020-02-19 14:33:58,860  INFO: CONFIGURATION USED: MAIN
2020-02-19 14:34:15,287  INFO: Run started.
2020-02-19 14:34:15,287  INFO: CONFIGURATION USED: MAIN
2020-02-19 14:35:29,848  INFO: Run started.
2020-02-19 14:35:29,848  INFO: CONFIGURATION USED: MAIN
2020-02-19 14:35:53,539  INFO: Run started.
2020-02-19 14:35:53,543  INFO: CONFIGURATION USED: MAIN
2020-02-19 14:36:05,617  INFO: Run started.
2020-02-19 14:36:05,618  INFO: CONFIGURATION USED: MAIN
2020-02-19 14:37:49,770  INFO: Run started.
2020-02-19 14:37:49,770  INFO: CONFIGURATION USED: MAIN
2020-02-19 14:39:20,094  INFO: Run started.
2020-02-19 14:39:20,094  INFO: CONFIGURATION USED: MAIN
2020-02-19 14:40:26,233  INFO: Run started.
2020-02-19 14:40:26,233  INFO: CONFIGURATION USED: MAIN
2020-02-19 14:42:03,266  INFO: Run started.
2020-02-19 14:42:03,266  INFO: CONFIGURATION USED: MAIN
2020-02-19 14:43:14,519  INFO: Run started.
2020-02-19 14:43:14,520  INFO: CONFIGURATION USED: MAIN
2020-02-19 14:43:26,405  INFO: Run started.
2020-02-19 14:43:26,405  INFO: CONFIGURATION USED: MAIN
2020-02-19 14:43:54,865  INFO: Run started.
2020-02-19 14:43:54,865  INFO: CONFIGURATION USED: MAIN
2020-02-19 14:43:59,512  INFO: Run started.
2020-02-19 14:43:59,512  INFO: CONFIGURATION USED: MAIN
2020-02-19 14:44:56,421  INFO: Run started.
2020-02-19 14:44:56,421  INFO: CONFIGURATION USED: MAIN
2020-02-19 14:46:33,197  INFO: Run started.
2020-02-19 14:46:33,198  INFO: CONFIGURATION USED: MAIN
2020-02-19 14:46:54,400  INFO: Run started.
2020-02-19 14:46:54,400  INFO: CONFIGURATION USED: MAIN
2020-02-19 14:46:54,429  INFO: FEATURES USED [' Source Port', ' Destination IP', ' Destination IP', ' Destination IP', ' Destination IP', ' Destination Port', ' Protocol', ' Flow Duration', ' Total Fwd Packets', ' Total Backward Packets', 'Total Length of Fwd Packets', ' Total Length of Bwd Packets', ' Fwd Packet Length Max', ' Fwd Packet Length Min', ' Fwd Packet Length Mean', ' Fwd Packet Length Std', 'Bwd Packet Length Max', ' Bwd Packet Length Min', ' Bwd Packet Length Mean', ' Bwd Packet Length Std', 'Flow Bytes/s', ' Flow Packets/s', ' Flow IAT Mean', ' Flow IAT Std', ' Flow IAT Max', ' Flow IAT Min', 'Fwd IAT Total', ' Fwd IAT Mean', ' Fwd IAT Std', ' Fwd IAT Max', ' Fwd IAT Min', 'Bwd IAT Total', ' Bwd IAT Mean', ' Bwd IAT Std', ' Bwd IAT Max', ' Bwd IAT Min', 'Fwd PSH Flags', ' Bwd PSH Flags', ' Fwd URG Flags', ' Bwd URG Flags', ' Fwd Header Length', ' Bwd Header Length', 'Fwd Packets/s', ' Bwd Packets/s', ' Min Packet Length', ' Max Packet Length', ' Packet Length Mean', ' Packet Length Std', ' Packet Length Variance', 'FIN Flag Count', ' SYN Flag Count', ' RST Flag Count', ' PSH Flag Count', ' ACK Flag Count', ' URG Flag Count', ' CWE Flag Count', ' ECE Flag Count', ' Down/Up Ratio', ' Average Packet Size', ' Avg Fwd Segment Size', ' Avg Bwd Segment Size', ' Fwd Header Length', 'Fwd Avg Bytes/Bulk', ' Fwd Avg Packets/Bulk', ' Fwd Avg Bulk Rate', ' Bwd Avg Bytes/Bulk', ' Bwd Avg Packets/Bulk', 'Bwd Avg Bulk Rate', 'Subflow Fwd Packets', ' Subflow Fwd Bytes', ' Subflow Bwd Packets', ' Subflow Bwd Bytes', 'Init_Win_bytes_forward', ' Init_Win_bytes_backward', ' act_data_pkt_fwd', ' min_seg_size_forward', 'Active Mean', ' Active Std', ' Active Max', ' Active Min', 'Idle Mean', ' Idle Std', ' Idle Max', ' Idle Min']
2020-02-19 14:46:56,702  INFO: Saving final X matrix to helperFiles/files/normedX
2020-02-19 14:49:36,239  INFO: Run started.
2020-02-19 14:49:36,239  INFO: CONFIGURATION USED: MAIN
2020-02-19 14:49:36,271  INFO: FEATURES USED [' Source Port', ' Destination IP', ' Destination IP', ' Destination IP', ' Destination IP', ' Destination Port', ' Protocol', ' Flow Duration', ' Total Fwd Packets', ' Total Backward Packets', 'Total Length of Fwd Packets', ' Total Length of Bwd Packets', ' Fwd Packet Length Max', ' Fwd Packet Length Min', ' Fwd Packet Length Mean', ' Fwd Packet Length Std', 'Bwd Packet Length Max', ' Bwd Packet Length Min', ' Bwd Packet Length Mean', ' Bwd Packet Length Std', 'Flow Bytes/s', ' Flow Packets/s', ' Flow IAT Mean', ' Flow IAT Std', ' Flow IAT Max', ' Flow IAT Min', 'Fwd IAT Total', ' Fwd IAT Mean', ' Fwd IAT Std', ' Fwd IAT Max', ' Fwd IAT Min', 'Bwd IAT Total', ' Bwd IAT Mean', ' Bwd IAT Std', ' Bwd IAT Max', ' Bwd IAT Min', 'Fwd PSH Flags', ' Bwd PSH Flags', ' Fwd URG Flags', ' Bwd URG Flags', ' Fwd Header Length', ' Bwd Header Length', 'Fwd Packets/s', ' Bwd Packets/s', ' Min Packet Length', ' Max Packet Length', ' Packet Length Mean', ' Packet Length Std', ' Packet Length Variance', 'FIN Flag Count', ' SYN Flag Count', ' RST Flag Count', ' PSH Flag Count', ' ACK Flag Count', ' URG Flag Count', ' CWE Flag Count', ' ECE Flag Count', ' Down/Up Ratio', ' Average Packet Size', ' Avg Fwd Segment Size', ' Avg Bwd Segment Size', ' Fwd Header Length', 'Fwd Avg Bytes/Bulk', ' Fwd Avg Packets/Bulk', ' Fwd Avg Bulk Rate', ' Bwd Avg Bytes/Bulk', ' Bwd Avg Packets/Bulk', 'Bwd Avg Bulk Rate', 'Subflow Fwd Packets', ' Subflow Fwd Bytes', ' Subflow Bwd Packets', ' Subflow Bwd Bytes', 'Init_Win_bytes_forward', ' Init_Win_bytes_backward', ' act_data_pkt_fwd', ' min_seg_size_forward', 'Active Mean', ' Active Std', ' Active Max', ' Active Min', 'Idle Mean', ' Idle Std', ' Idle Max', ' Idle Min']
2020-02-19 14:49:37,665  INFO: Saving final X matrix to helperFiles/files/normedX
2020-02-19 14:52:35,166  INFO: Run started.
2020-02-19 14:52:35,166  INFO: CONFIGURATION USED: MAIN
2020-02-19 14:52:35,234  INFO: FEATURES USED [' Source Port', ' Destination IP', ' Destination IP', ' Destination IP', ' Destination IP', ' Destination Port', ' Protocol', ' Flow Duration', ' Total Fwd Packets', ' Total Backward Packets', 'Total Length of Fwd Packets', ' Total Length of Bwd Packets', ' Fwd Packet Length Max', ' Fwd Packet Length Min', ' Fwd Packet Length Mean', ' Fwd Packet Length Std', 'Bwd Packet Length Max', ' Bwd Packet Length Min', ' Bwd Packet Length Mean', ' Bwd Packet Length Std', 'Flow Bytes/s', ' Flow Packets/s', ' Flow IAT Mean', ' Flow IAT Std', ' Flow IAT Max', ' Flow IAT Min', 'Fwd IAT Total', ' Fwd IAT Mean', ' Fwd IAT Std', ' Fwd IAT Max', ' Fwd IAT Min', 'Bwd IAT Total', ' Bwd IAT Mean', ' Bwd IAT Std', ' Bwd IAT Max', ' Bwd IAT Min', 'Fwd PSH Flags', ' Bwd PSH Flags', ' Fwd URG Flags', ' Bwd URG Flags', ' Fwd Header Length', ' Bwd Header Length', 'Fwd Packets/s', ' Bwd Packets/s', ' Min Packet Length', ' Max Packet Length', ' Packet Length Mean', ' Packet Length Std', ' Packet Length Variance', 'FIN Flag Count', ' SYN Flag Count', ' RST Flag Count', ' PSH Flag Count', ' ACK Flag Count', ' URG Flag Count', ' CWE Flag Count', ' ECE Flag Count', ' Down/Up Ratio', ' Average Packet Size', ' Avg Fwd Segment Size', ' Avg Bwd Segment Size', ' Fwd Header Length', 'Fwd Avg Bytes/Bulk', ' Fwd Avg Packets/Bulk', ' Fwd Avg Bulk Rate', ' Bwd Avg Bytes/Bulk', ' Bwd Avg Packets/Bulk', 'Bwd Avg Bulk Rate', 'Subflow Fwd Packets', ' Subflow Fwd Bytes', ' Subflow Bwd Packets', ' Subflow Bwd Bytes', 'Init_Win_bytes_forward', ' Init_Win_bytes_backward', ' act_data_pkt_fwd', ' min_seg_size_forward', 'Active Mean', ' Active Std', ' Active Max', ' Active Min', 'Idle Mean', ' Idle Std', ' Idle Max', ' Idle Min']
2020-02-19 14:52:37,050  INFO: Saving final X matrix to helperFiles/files/normedX
2020-02-19 14:52:37,084  DEBUG: Random seed = 7175
2020-02-19 14:52:37,134  DEBUG: X_train size: (2700, 118)
2020-02-19 14:52:37,134  DEBUG: X_test size: (2700, 118)
2020-02-19 14:52:37,134  DEBUG: X_valid size: (2700, 118)
2020-02-19 14:52:37,135  DEBUG: y_train class counts: (array([0, 1]), array([2677,   23]))
2020-02-19 14:52:37,136  DEBUG: y_test class counts: (array([0, 1]), array([2675,   25]))
2020-02-19 14:52:37,137  DEBUG: y_valid class counts: (array([0, 1]), array([2678,   22]))
2020-02-19 14:52:37,140  INFO: Randomizaiton of X and y matrices complete.
2020-02-19 15:07:55,174  INFO: Run started.
2020-02-19 15:07:55,174  INFO: CONFIGURATION USED: MAIN
2020-02-19 15:07:55,237  INFO: FEATURES USED [' Source Port', ' Destination IP', ' Destination IP', ' Destination IP', ' Destination IP', ' Destination Port', ' Protocol', ' Flow Duration', ' Total Fwd Packets', ' Total Backward Packets', 'Total Length of Fwd Packets', ' Total Length of Bwd Packets', ' Fwd Packet Length Max', ' Fwd Packet Length Min', ' Fwd Packet Length Mean', ' Fwd Packet Length Std', 'Bwd Packet Length Max', ' Bwd Packet Length Min', ' Bwd Packet Length Mean', ' Bwd Packet Length Std', 'Flow Bytes/s', ' Flow Packets/s', ' Flow IAT Mean', ' Flow IAT Std', ' Flow IAT Max', ' Flow IAT Min', 'Fwd IAT Total', ' Fwd IAT Mean', ' Fwd IAT Std', ' Fwd IAT Max', ' Fwd IAT Min', 'Bwd IAT Total', ' Bwd IAT Mean', ' Bwd IAT Std', ' Bwd IAT Max', ' Bwd IAT Min', 'Fwd PSH Flags', ' Bwd PSH Flags', ' Fwd URG Flags', ' Bwd URG Flags', ' Fwd Header Length', ' Bwd Header Length', 'Fwd Packets/s', ' Bwd Packets/s', ' Min Packet Length', ' Max Packet Length', ' Packet Length Mean', ' Packet Length Std', ' Packet Length Variance', 'FIN Flag Count', ' SYN Flag Count', ' RST Flag Count', ' PSH Flag Count', ' ACK Flag Count', ' URG Flag Count', ' CWE Flag Count', ' ECE Flag Count', ' Down/Up Ratio', ' Average Packet Size', ' Avg Fwd Segment Size', ' Avg Bwd Segment Size', ' Fwd Header Length', 'Fwd Avg Bytes/Bulk', ' Fwd Avg Packets/Bulk', ' Fwd Avg Bulk Rate', ' Bwd Avg Bytes/Bulk', ' Bwd Avg Packets/Bulk', 'Bwd Avg Bulk Rate', 'Subflow Fwd Packets', ' Subflow Fwd Bytes', ' Subflow Bwd Packets', ' Subflow Bwd Bytes', 'Init_Win_bytes_forward', ' Init_Win_bytes_backward', ' act_data_pkt_fwd', ' min_seg_size_forward', 'Active Mean', ' Active Std', ' Active Max', ' Active Min', 'Idle Mean', ' Idle Std', ' Idle Max', ' Idle Min']
2020-02-19 15:07:56,577  INFO: Saving final X matrix to helperFiles/files/normedX
2020-02-19 15:07:56,601  DEBUG: Random seed = 377
2020-02-19 15:07:56,636  DEBUG: X_train size: (2700, 118)
2020-02-19 15:07:56,636  DEBUG: X_test size: (2700, 118)
2020-02-19 15:07:56,636  DEBUG: X_valid size: (2700, 118)
2020-02-19 15:07:56,636  DEBUG: y_train class counts: (array([0, 1]), array([2675,   25]))
2020-02-19 15:07:56,637  DEBUG: y_test class counts: (array([0, 1]), array([2674,   26]))
2020-02-19 15:07:56,638  DEBUG: y_valid class counts: (array([0, 1]), array([2681,   19]))
2020-02-19 15:07:56,638  INFO: Randomizaiton of X and y matrices complete.
2020-02-19 15:07:56,641  INFO: Lambda: 0.005
2020-02-19 15:41:29,219  INFO: Run started.
2020-02-19 15:41:29,219  INFO: CONFIGURATION USED: MAIN
2020-02-19 15:41:29,219  INFO: FEATURES USED [' Source Port', ' Destination IP', ' Destination IP', ' Destination IP', ' Destination IP', ' Destination Port', ' Protocol', ' Flow Duration', ' Total Fwd Packets', ' Total Backward Packets', 'Total Length of Fwd Packets', ' Total Length of Bwd Packets', ' Fwd Packet Length Max', ' Fwd Packet Length Min', ' Fwd Packet Length Mean', ' Fwd Packet Length Std', 'Bwd Packet Length Max', ' Bwd Packet Length Min', ' Bwd Packet Length Mean', ' Bwd Packet Length Std', 'Flow Bytes/s', ' Flow Packets/s', ' Flow IAT Mean', ' Flow IAT Std', ' Flow IAT Max', ' Flow IAT Min', 'Fwd IAT Total', ' Fwd IAT Mean', ' Fwd IAT Std', ' Fwd IAT Max', ' Fwd IAT Min', 'Bwd IAT Total', ' Bwd IAT Mean', ' Bwd IAT Std', ' Bwd IAT Max', ' Bwd IAT Min', 'Fwd PSH Flags', ' Bwd PSH Flags', ' Fwd URG Flags', ' Bwd URG Flags', ' Fwd Header Length', ' Bwd Header Length', 'Fwd Packets/s', ' Bwd Packets/s', ' Min Packet Length', ' Max Packet Length', ' Packet Length Mean', ' Packet Length Std', ' Packet Length Variance', 'FIN Flag Count', ' SYN Flag Count', ' RST Flag Count', ' PSH Flag Count', ' ACK Flag Count', ' URG Flag Count', ' CWE Flag Count', ' ECE Flag Count', ' Down/Up Ratio', ' Average Packet Size', ' Avg Fwd Segment Size', ' Avg Bwd Segment Size', ' Fwd Header Length', 'Fwd Avg Bytes/Bulk', ' Fwd Avg Packets/Bulk', ' Fwd Avg Bulk Rate', ' Bwd Avg Bytes/Bulk', ' Bwd Avg Packets/Bulk', 'Bwd Avg Bulk Rate', 'Subflow Fwd Packets', ' Subflow Fwd Bytes', ' Subflow Bwd Packets', ' Subflow Bwd Bytes', 'Init_Win_bytes_forward', ' Init_Win_bytes_backward', ' act_data_pkt_fwd', ' min_seg_size_forward', 'Active Mean', ' Active Std', ' Active Max', ' Active Min', 'Idle Mean', ' Idle Std', ' Idle Max', ' Idle Min']
2020-02-19 15:41:54,802  INFO: Run started.
2020-02-19 15:41:54,803  INFO: CONFIGURATION USED: MAIN
2020-02-19 15:41:54,803  INFO: FEATURES USED [' Source Port', ' Destination IP', ' Destination IP', ' Destination IP', ' Destination IP', ' Destination Port', ' Protocol', ' Flow Duration', ' Total Fwd Packets', ' Total Backward Packets', 'Total Length of Fwd Packets', ' Total Length of Bwd Packets', ' Fwd Packet Length Max', ' Fwd Packet Length Min', ' Fwd Packet Length Mean', ' Fwd Packet Length Std', 'Bwd Packet Length Max', ' Bwd Packet Length Min', ' Bwd Packet Length Mean', ' Bwd Packet Length Std', 'Flow Bytes/s', ' Flow Packets/s', ' Flow IAT Mean', ' Flow IAT Std', ' Flow IAT Max', ' Flow IAT Min', 'Fwd IAT Total', ' Fwd IAT Mean', ' Fwd IAT Std', ' Fwd IAT Max', ' Fwd IAT Min', 'Bwd IAT Total', ' Bwd IAT Mean', ' Bwd IAT Std', ' Bwd IAT Max', ' Bwd IAT Min', 'Fwd PSH Flags', ' Bwd PSH Flags', ' Fwd URG Flags', ' Bwd URG Flags', ' Fwd Header Length', ' Bwd Header Length', 'Fwd Packets/s', ' Bwd Packets/s', ' Min Packet Length', ' Max Packet Length', ' Packet Length Mean', ' Packet Length Std', ' Packet Length Variance', 'FIN Flag Count', ' SYN Flag Count', ' RST Flag Count', ' PSH Flag Count', ' ACK Flag Count', ' URG Flag Count', ' CWE Flag Count', ' ECE Flag Count', ' Down/Up Ratio', ' Average Packet Size', ' Avg Fwd Segment Size', ' Avg Bwd Segment Size', ' Fwd Header Length', 'Fwd Avg Bytes/Bulk', ' Fwd Avg Packets/Bulk', ' Fwd Avg Bulk Rate', ' Bwd Avg Bytes/Bulk', ' Bwd Avg Packets/Bulk', 'Bwd Avg Bulk Rate', 'Subflow Fwd Packets', ' Subflow Fwd Bytes', ' Subflow Bwd Packets', ' Subflow Bwd Bytes', 'Init_Win_bytes_forward', ' Init_Win_bytes_backward', ' act_data_pkt_fwd', ' min_seg_size_forward', 'Active Mean', ' Active Std', ' Active Max', ' Active Min', 'Idle Mean', ' Idle Std', ' Idle Max', ' Idle Min']
2020-02-19 15:41:55,621  INFO: Saving final X matrix to helperFiles/files/normedX
2020-02-19 15:41:55,639  DEBUG: Random seed = 7247
2020-02-19 15:41:55,664  DEBUG: X_train size: (2700, 118)
2020-02-19 15:41:55,665  DEBUG: X_test size: (2700, 118)
2020-02-19 15:41:55,665  DEBUG: X_valid size: (2700, 118)
2020-02-19 15:41:55,665  DEBUG: y_train class counts: (array([0, 1]), array([2678,   22]))
2020-02-19 15:41:55,666  DEBUG: y_test class counts: (array([0, 1]), array([2676,   24]))
2020-02-19 15:41:55,666  DEBUG: y_valid class counts: (array([0, 1]), array([2676,   24]))
2020-02-19 15:41:55,666  INFO: Randomizaiton of X and y matrices complete.
2020-02-19 15:41:55,667  INFO: Lambda: 0.005
2020-02-19 15:42:35,004  INFO: Run started.
2020-02-19 15:42:35,004  INFO: CONFIGURATION USED: MAIN
2020-02-19 15:42:35,004  INFO: FEATURES USED [' Source Port', ' Destination IP', ' Destination IP', ' Destination IP', ' Destination IP', ' Destination Port', ' Protocol', ' Flow Duration', ' Total Fwd Packets', ' Total Backward Packets', 'Total Length of Fwd Packets', ' Total Length of Bwd Packets', ' Fwd Packet Length Max', ' Fwd Packet Length Min', ' Fwd Packet Length Mean', ' Fwd Packet Length Std', 'Bwd Packet Length Max', ' Bwd Packet Length Min', ' Bwd Packet Length Mean', ' Bwd Packet Length Std', 'Flow Bytes/s', ' Flow Packets/s', ' Flow IAT Mean', ' Flow IAT Std', ' Flow IAT Max', ' Flow IAT Min', 'Fwd IAT Total', ' Fwd IAT Mean', ' Fwd IAT Std', ' Fwd IAT Max', ' Fwd IAT Min', 'Bwd IAT Total', ' Bwd IAT Mean', ' Bwd IAT Std', ' Bwd IAT Max', ' Bwd IAT Min', 'Fwd PSH Flags', ' Bwd PSH Flags', ' Fwd URG Flags', ' Bwd URG Flags', ' Fwd Header Length', ' Bwd Header Length', 'Fwd Packets/s', ' Bwd Packets/s', ' Min Packet Length', ' Max Packet Length', ' Packet Length Mean', ' Packet Length Std', ' Packet Length Variance', 'FIN Flag Count', ' SYN Flag Count', ' RST Flag Count', ' PSH Flag Count', ' ACK Flag Count', ' URG Flag Count', ' CWE Flag Count', ' ECE Flag Count', ' Down/Up Ratio', ' Average Packet Size', ' Avg Fwd Segment Size', ' Avg Bwd Segment Size', ' Fwd Header Length', 'Fwd Avg Bytes/Bulk', ' Fwd Avg Packets/Bulk', ' Fwd Avg Bulk Rate', ' Bwd Avg Bytes/Bulk', ' Bwd Avg Packets/Bulk', 'Bwd Avg Bulk Rate', 'Subflow Fwd Packets', ' Subflow Fwd Bytes', ' Subflow Bwd Packets', ' Subflow Bwd Bytes', 'Init_Win_bytes_forward', ' Init_Win_bytes_backward', ' act_data_pkt_fwd', ' min_seg_size_forward', 'Active Mean', ' Active Std', ' Active Max', ' Active Min', 'Idle Mean', ' Idle Std', ' Idle Max', ' Idle Min']
2020-02-19 15:42:35,828  INFO: Saving final X matrix to helperFiles/files/normedX
2020-02-19 15:42:35,847  DEBUG: Random seed = 7180
2020-02-19 15:42:35,872  DEBUG: X_train size: (2700, 118)
2020-02-19 15:42:35,872  DEBUG: X_test size: (2700, 118)
2020-02-19 15:42:35,872  DEBUG: X_valid size: (2700, 118)
2020-02-19 15:42:35,872  DEBUG: y_train class counts: (array([0, 1]), array([2677,   23]))
2020-02-19 15:42:35,872  DEBUG: y_test class counts: (array([0, 1]), array([2679,   21]))
2020-02-19 15:42:35,873  DEBUG: y_valid class counts: (array([0, 1]), array([2674,   26]))
2020-02-19 15:42:35,873  INFO: Randomizaiton of X and y matrices complete.
2020-02-19 15:42:35,873  INFO: Lambda: 0.005
2020-02-19 15:42:35,914  DEBUG: Max Rank: 83
2020-02-19 15:42:36,375  DEBUG: Lambda Scale: 0.2598076211353316
2020-02-19 15:42:36,841  DEBUG: criterion1 is the constraint
2020-02-19 15:42:36,842  DEBUG: criterion2 is the solution
2020-02-19 15:42:36,842  DEBUG: iteration criterion1 epsilon1 criterion2 epsilon2 rho      mu
2020-02-19 15:42:38,147  DEBUG:        10   1.14e-02 1.00e-05   1.23e-04 1.00e-04 3.08e+00 1.64e-02
2020-02-19 15:42:39,641  DEBUG:        20   5.15e-04 1.00e-05   2.04e-04 1.00e-04 3.08e+00 4.77e-01
2020-02-19 15:42:41,118  DEBUG:        30   2.51e-05 1.00e-05   7.68e-05 1.00e-04 3.08e+00 1.39e+01
2020-02-19 15:42:41,534  DEBUG:        33   9.08e-06 1.00e-05   4.61e-05 1.00e-04 3.08e+00 4.27e+01
2020-02-19 15:42:41,541  DEBUG: OG SHAPES, X: (2700, 118)  U: (2700, 83)  E: (83, 83)  VT: (83, 118)  L: (2700, 118)
2020-02-19 15:42:41,541  DEBUG: HAT SHAPES, Uhat: (2700, 2)  Ehat: (2, 2)  VThat: (2, 118)  VTta: (81, 118)
2020-02-19 15:42:41,542  DEBUG: X1 SHAPES: X: (2700, 118)  L: (2700, 118)  S: (2700, 118)
2020-02-19 15:42:41,544  DEBUG: X2 SHAPES: X: (2700, 118)  L: (2700, 118)  S: (2700, 118)
2020-02-19 15:42:41,624  INFO: ************ SVM ************
2020-02-19 15:42:41,624  INFO: FOR MATRIX: X
2020-02-19 15:42:41,662  INFO: 
Predicted Packet Type     0   1
Actual Packet Type             
0                      2679   0
1                         8  13
2020-02-19 15:42:41,663  INFO: f1_Score: 0.764706
2020-02-19 15:42:41,783  INFO: ************ SVM ************
2020-02-19 15:42:41,783  INFO: FOR MATRIX: CONCAT LS
2020-02-19 15:42:41,803  INFO: 
Predicted Packet Type     0   1
Actual Packet Type             
0                      2679   0
1                         8  13
2020-02-19 15:42:41,804  INFO: f1_Score: 0.764706
2020-02-19 15:42:41,975  INFO: ************ SVM ************
2020-02-19 15:42:41,975  INFO: FOR MATRIX: CONCAT XLS
2020-02-19 15:42:41,994  INFO: 
Predicted Packet Type     0   1
Actual Packet Type             
0                      2679   0
1                         8  13
2020-02-19 15:42:41,995  INFO: f1_Score: 0.764706
2020-02-19 15:42:41,995  INFO: Validating GOOD Lambda: 0.005
2020-02-19 15:42:41,997  DEBUG: X3 SHAPES: X: (2700, 118)  L: (2700, 118)  S: (2700, 118)
2020-02-19 15:42:42,072  INFO: ************ SVM ************
2020-02-19 15:42:42,072  INFO: FOR MATRIX: X
2020-02-19 15:42:42,090  INFO: 
Predicted Packet Type     0   1
Actual Packet Type             
0                      2672   2
1                         9  17
2020-02-19 15:42:42,091  INFO: f1_Score: 0.755556
2020-02-19 15:42:42,214  INFO: ************ SVM ************
2020-02-19 15:42:42,214  INFO: FOR MATRIX: CONCAT LS
2020-02-19 15:42:42,233  INFO: 
Predicted Packet Type     0   1
Actual Packet Type             
0                      2674   0
1                         9  17
2020-02-19 15:42:42,234  INFO: f1_Score: 0.790698
2020-02-19 15:42:42,405  INFO: ************ SVM ************
2020-02-19 15:42:42,406  INFO: FOR MATRIX: CONCAT XLS
2020-02-19 15:42:42,425  INFO: 
Predicted Packet Type     0   1
Actual Packet Type             
0                      2672   2
1                         9  17
2020-02-19 15:42:42,426  INFO: f1_Score: 0.755556
2020-02-19 15:45:53,608  INFO: Run started.
2020-02-19 15:45:53,608  INFO: CONFIGURATION USED: MAIN
2020-02-19 15:45:53,608  INFO: FEATURES USED [' Source Port', ' Destination IP', ' Destination IP', ' Destination IP', ' Destination IP', ' Destination Port', ' Protocol', ' Flow Duration', ' Total Fwd Packets', ' Total Backward Packets', 'Total Length of Fwd Packets', ' Total Length of Bwd Packets', ' Fwd Packet Length Max', ' Fwd Packet Length Min', ' Fwd Packet Length Mean', ' Fwd Packet Length Std', 'Bwd Packet Length Max', ' Bwd Packet Length Min', ' Bwd Packet Length Mean', ' Bwd Packet Length Std', 'Flow Bytes/s', ' Flow Packets/s', ' Flow IAT Mean', ' Flow IAT Std', ' Flow IAT Max', ' Flow IAT Min', 'Fwd IAT Total', ' Fwd IAT Mean', ' Fwd IAT Std', ' Fwd IAT Max', ' Fwd IAT Min', 'Bwd IAT Total', ' Bwd IAT Mean', ' Bwd IAT Std', ' Bwd IAT Max', ' Bwd IAT Min', 'Fwd PSH Flags', ' Bwd PSH Flags', ' Fwd URG Flags', ' Bwd URG Flags', ' Fwd Header Length', ' Bwd Header Length', 'Fwd Packets/s', ' Bwd Packets/s', ' Min Packet Length', ' Max Packet Length', ' Packet Length Mean', ' Packet Length Std', ' Packet Length Variance', 'FIN Flag Count', ' SYN Flag Count', ' RST Flag Count', ' PSH Flag Count', ' ACK Flag Count', ' URG Flag Count', ' CWE Flag Count', ' ECE Flag Count', ' Down/Up Ratio', ' Average Packet Size', ' Avg Fwd Segment Size', ' Avg Bwd Segment Size', ' Fwd Header Length', 'Fwd Avg Bytes/Bulk', ' Fwd Avg Packets/Bulk', ' Fwd Avg Bulk Rate', ' Bwd Avg Bytes/Bulk', ' Bwd Avg Packets/Bulk', 'Bwd Avg Bulk Rate', 'Subflow Fwd Packets', ' Subflow Fwd Bytes', ' Subflow Bwd Packets', ' Subflow Bwd Bytes', 'Init_Win_bytes_forward', ' Init_Win_bytes_backward', ' act_data_pkt_fwd', ' min_seg_size_forward', 'Active Mean', ' Active Std', ' Active Max', ' Active Min', 'Idle Mean', ' Idle Std', ' Idle Max', ' Idle Min']
2020-02-19 15:45:54,460  INFO: Saving final X matrix to helperFiles/files/normedX
2020-02-19 15:45:54,482  DEBUG: Random seed = 778
2020-02-19 15:45:54,505  DEBUG: X_train size: (2700, 118)
2020-02-19 15:45:54,505  DEBUG: X_test size: (2700, 118)
2020-02-19 15:45:54,506  DEBUG: X_valid size: (2700, 118)
2020-02-19 15:45:54,506  DEBUG: y_train class counts: (array([0, 1]), array([2676,   24]))
2020-02-19 15:45:54,506  DEBUG: y_test class counts: (array([0, 1]), array([2675,   25]))
2020-02-19 15:45:54,506  DEBUG: y_valid class counts: (array([0, 1]), array([2679,   21]))
2020-02-19 15:45:54,506  INFO: Randomizaiton of X and y matrices complete.
2020-02-19 15:45:54,507  INFO: Lambda: 0.005
2020-02-19 15:45:54,532  DEBUG: Max Rank: 84
2020-02-19 15:45:55,007  DEBUG: Lambda Scale: 0.2598076211353316
2020-02-19 15:45:55,453  DEBUG: criterion1 is the constraint
2020-02-19 15:45:55,453  DEBUG: criterion2 is the solution
2020-02-19 15:45:55,453  DEBUG: iteration criterion1 epsilon1 criterion2 epsilon2 rho      mu
2020-02-19 15:45:56,748  DEBUG:        10   1.09e-02 1.00e-05   1.20e-04 1.00e-04 3.08e+00 1.66e-02
2020-02-19 15:45:58,226  DEBUG:        20   3.72e-04 1.00e-05   1.48e-04 1.00e-04 3.08e+00 4.83e-01
2020-02-19 15:46:25,626  INFO: Run started.
2020-02-19 15:46:25,626  INFO: CONFIGURATION USED: MAIN
2020-02-19 15:46:25,626  INFO: FEATURES USED [' Source Port', ' Destination IP', ' Destination IP', ' Destination IP', ' Destination IP', ' Destination Port', ' Protocol', ' Flow Duration', ' Total Fwd Packets', ' Total Backward Packets', 'Total Length of Fwd Packets', ' Total Length of Bwd Packets', ' Fwd Packet Length Max', ' Fwd Packet Length Min', ' Fwd Packet Length Mean', ' Fwd Packet Length Std', 'Bwd Packet Length Max', ' Bwd Packet Length Min', ' Bwd Packet Length Mean', ' Bwd Packet Length Std', 'Flow Bytes/s', ' Flow Packets/s', ' Flow IAT Mean', ' Flow IAT Std', ' Flow IAT Max', ' Flow IAT Min', 'Fwd IAT Total', ' Fwd IAT Mean', ' Fwd IAT Std', ' Fwd IAT Max', ' Fwd IAT Min', 'Bwd IAT Total', ' Bwd IAT Mean', ' Bwd IAT Std', ' Bwd IAT Max', ' Bwd IAT Min', 'Fwd PSH Flags', ' Bwd PSH Flags', ' Fwd URG Flags', ' Bwd URG Flags', ' Fwd Header Length', ' Bwd Header Length', 'Fwd Packets/s', ' Bwd Packets/s', ' Min Packet Length', ' Max Packet Length', ' Packet Length Mean', ' Packet Length Std', ' Packet Length Variance', 'FIN Flag Count', ' SYN Flag Count', ' RST Flag Count', ' PSH Flag Count', ' ACK Flag Count', ' URG Flag Count', ' CWE Flag Count', ' ECE Flag Count', ' Down/Up Ratio', ' Average Packet Size', ' Avg Fwd Segment Size', ' Avg Bwd Segment Size', ' Fwd Header Length', 'Fwd Avg Bytes/Bulk', ' Fwd Avg Packets/Bulk', ' Fwd Avg Bulk Rate', ' Bwd Avg Bytes/Bulk', ' Bwd Avg Packets/Bulk', 'Bwd Avg Bulk Rate', 'Subflow Fwd Packets', ' Subflow Fwd Bytes', ' Subflow Bwd Packets', ' Subflow Bwd Bytes', 'Init_Win_bytes_forward', ' Init_Win_bytes_backward', ' act_data_pkt_fwd', ' min_seg_size_forward', 'Active Mean', ' Active Std', ' Active Max', ' Active Min', 'Idle Mean', ' Idle Std', ' Idle Max', ' Idle Min']
2020-02-19 15:46:26,428  INFO: Saving final X matrix to helperFiles/files/normedX
2020-02-19 15:46:26,447  DEBUG: Random seed = 1905
2020-02-19 15:46:26,467  DEBUG: X_train size: (2700, 118)
2020-02-19 15:46:26,468  DEBUG: X_test size: (2700, 118)
2020-02-19 15:46:26,468  DEBUG: X_valid size: (2700, 118)
2020-02-19 15:46:26,468  DEBUG: y_train class counts: (array([0, 1]), array([2676,   24]))
2020-02-19 15:46:26,468  DEBUG: y_test class counts: (array([0, 1]), array([2675,   25]))
2020-02-19 15:46:26,469  DEBUG: y_valid class counts: (array([0, 1]), array([2679,   21]))
2020-02-19 15:46:26,469  INFO: Randomizaiton of X and y matrices complete.
2020-02-19 15:46:26,470  INFO: Lambda: 0.005
2020-02-19 15:46:26,488  DEBUG: Max Rank: 83
2020-02-19 15:46:26,955  DEBUG: Lambda Scale: 0.2598076211353316
2020-02-19 15:46:27,386  DEBUG: criterion1 is the constraint
2020-02-19 15:46:27,386  DEBUG: criterion2 is the solution
2020-02-19 15:46:27,386  DEBUG: iteration criterion1 epsilon1 criterion2 epsilon2 rho      mu
2020-02-19 15:46:28,732  DEBUG:        10   1.18e-02 1.00e-05   1.12e-04 1.00e-04 3.08e+00 1.50e-02
2020-02-19 15:46:47,819  INFO: Run started.
2020-02-19 15:46:47,819  INFO: CONFIGURATION USED: MAIN
2020-02-19 15:46:47,820  INFO: FEATURES USED [' Source Port', ' Destination IP', ' Destination IP', ' Destination IP', ' Destination IP', ' Destination Port', ' Protocol', ' Flow Duration', ' Total Fwd Packets', ' Total Backward Packets', 'Total Length of Fwd Packets', ' Total Length of Bwd Packets', ' Fwd Packet Length Max', ' Fwd Packet Length Min', ' Fwd Packet Length Mean', ' Fwd Packet Length Std', 'Bwd Packet Length Max', ' Bwd Packet Length Min', ' Bwd Packet Length Mean', ' Bwd Packet Length Std', 'Flow Bytes/s', ' Flow Packets/s', ' Flow IAT Mean', ' Flow IAT Std', ' Flow IAT Max', ' Flow IAT Min', 'Fwd IAT Total', ' Fwd IAT Mean', ' Fwd IAT Std', ' Fwd IAT Max', ' Fwd IAT Min', 'Bwd IAT Total', ' Bwd IAT Mean', ' Bwd IAT Std', ' Bwd IAT Max', ' Bwd IAT Min', 'Fwd PSH Flags', ' Bwd PSH Flags', ' Fwd URG Flags', ' Bwd URG Flags', ' Fwd Header Length', ' Bwd Header Length', 'Fwd Packets/s', ' Bwd Packets/s', ' Min Packet Length', ' Max Packet Length', ' Packet Length Mean', ' Packet Length Std', ' Packet Length Variance', 'FIN Flag Count', ' SYN Flag Count', ' RST Flag Count', ' PSH Flag Count', ' ACK Flag Count', ' URG Flag Count', ' CWE Flag Count', ' ECE Flag Count', ' Down/Up Ratio', ' Average Packet Size', ' Avg Fwd Segment Size', ' Avg Bwd Segment Size', ' Fwd Header Length', 'Fwd Avg Bytes/Bulk', ' Fwd Avg Packets/Bulk', ' Fwd Avg Bulk Rate', ' Bwd Avg Bytes/Bulk', ' Bwd Avg Packets/Bulk', 'Bwd Avg Bulk Rate', 'Subflow Fwd Packets', ' Subflow Fwd Bytes', ' Subflow Bwd Packets', ' Subflow Bwd Bytes', 'Init_Win_bytes_forward', ' Init_Win_bytes_backward', ' act_data_pkt_fwd', ' min_seg_size_forward', 'Active Mean', ' Active Std', ' Active Max', ' Active Min', 'Idle Mean', ' Idle Std', ' Idle Max', ' Idle Min']
2020-02-19 15:46:48,623  INFO: Saving final X matrix to helperFiles/files/normedX
2020-02-19 15:46:48,640  DEBUG: Random seed = 2196
2020-02-19 15:46:48,665  DEBUG: X_train size: (2700, 118)
2020-02-19 15:46:48,665  DEBUG: X_test size: (2700, 118)
2020-02-19 15:46:48,665  DEBUG: X_valid size: (2700, 118)
2020-02-19 15:46:48,665  DEBUG: y_train class counts: (array([0, 1]), array([2675,   25]))
2020-02-19 15:46:48,665  DEBUG: y_test class counts: (array([0, 1]), array([2676,   24]))
2020-02-19 15:46:48,666  DEBUG: y_valid class counts: (array([0, 1]), array([2679,   21]))
2020-02-19 15:46:48,666  INFO: Randomizaiton of X and y matrices complete.
2020-02-19 15:46:48,667  INFO: Lambda: 0.005
2020-02-19 15:46:48,688  DEBUG: Max Rank: 84
2020-02-19 15:46:49,131  DEBUG: Lambda Scale: 0.2598076211353316
2020-02-19 15:46:49,559  DEBUG: criterion1 is the constraint
2020-02-19 15:46:49,559  DEBUG: criterion2 is the solution
2020-02-19 15:46:49,560  DEBUG: iteration criterion1 epsilon1 criterion2 epsilon2 rho      mu
2020-02-19 15:48:36,961  INFO: Run started.
2020-02-19 15:48:36,962  INFO: CONFIGURATION USED: MAIN
2020-02-19 15:48:36,962  INFO: FEATURES USED [' Source Port', ' Destination IP', ' Destination IP', ' Destination IP', ' Destination IP', ' Destination Port', ' Protocol', ' Flow Duration', ' Total Fwd Packets', ' Total Backward Packets', 'Total Length of Fwd Packets', ' Total Length of Bwd Packets', ' Fwd Packet Length Max', ' Fwd Packet Length Min', ' Fwd Packet Length Mean', ' Fwd Packet Length Std', 'Bwd Packet Length Max', ' Bwd Packet Length Min', ' Bwd Packet Length Mean', ' Bwd Packet Length Std', 'Flow Bytes/s', ' Flow Packets/s', ' Flow IAT Mean', ' Flow IAT Std', ' Flow IAT Max', ' Flow IAT Min', 'Fwd IAT Total', ' Fwd IAT Mean', ' Fwd IAT Std', ' Fwd IAT Max', ' Fwd IAT Min', 'Bwd IAT Total', ' Bwd IAT Mean', ' Bwd IAT Std', ' Bwd IAT Max', ' Bwd IAT Min', 'Fwd PSH Flags', ' Bwd PSH Flags', ' Fwd URG Flags', ' Bwd URG Flags', ' Fwd Header Length', ' Bwd Header Length', 'Fwd Packets/s', ' Bwd Packets/s', ' Min Packet Length', ' Max Packet Length', ' Packet Length Mean', ' Packet Length Std', ' Packet Length Variance', 'FIN Flag Count', ' SYN Flag Count', ' RST Flag Count', ' PSH Flag Count', ' ACK Flag Count', ' URG Flag Count', ' CWE Flag Count', ' ECE Flag Count', ' Down/Up Ratio', ' Average Packet Size', ' Avg Fwd Segment Size', ' Avg Bwd Segment Size', ' Fwd Header Length', 'Fwd Avg Bytes/Bulk', ' Fwd Avg Packets/Bulk', ' Fwd Avg Bulk Rate', ' Bwd Avg Bytes/Bulk', ' Bwd Avg Packets/Bulk', 'Bwd Avg Bulk Rate', 'Subflow Fwd Packets', ' Subflow Fwd Bytes', ' Subflow Bwd Packets', ' Subflow Bwd Bytes', 'Init_Win_bytes_forward', ' Init_Win_bytes_backward', ' act_data_pkt_fwd', ' min_seg_size_forward', 'Active Mean', ' Active Std', ' Active Max', ' Active Min', 'Idle Mean', ' Idle Std', ' Idle Max', ' Idle Min']
2020-02-19 15:48:37,752  INFO: Saving final X matrix to helperFiles/files/normedX
2020-02-19 15:48:37,767  DEBUG: Random seed = 3915
2020-02-19 15:48:37,788  DEBUG: X_train size: (2700, 118)
2020-02-19 15:48:37,789  DEBUG: X_test size: (2700, 118)
2020-02-19 15:48:37,789  DEBUG: X_valid size: (2700, 118)
2020-02-19 15:48:37,789  DEBUG: y_train class counts: (array([0, 1]), array([2676,   24]))
2020-02-19 15:48:37,789  DEBUG: y_test class counts: (array([0, 1]), array([2680,   20]))
2020-02-19 15:48:37,789  DEBUG: y_valid class counts: (array([0, 1]), array([2674,   26]))
2020-02-19 15:48:37,790  INFO: Randomizaiton of X and y matrices complete.
2020-02-19 15:48:37,790  INFO: Lambda: 0.005
2020-02-19 15:52:02,628  INFO: Run started.
2020-02-19 15:52:02,628  INFO: CONFIGURATION USED: MAIN
2020-02-19 15:52:32,514  INFO: Run started.
2020-02-19 15:52:32,514  INFO: CONFIGURATION USED: MAIN
2020-02-19 15:52:32,515  INFO: FEATURES USED [' Source Port', ' Destination IP', ' Destination IP', ' Destination IP', ' Destination IP', ' Destination Port', ' Protocol', ' Flow Duration', ' Total Fwd Packets', ' Total Backward Packets', 'Total Length of Fwd Packets', ' Total Length of Bwd Packets', ' Fwd Packet Length Max', ' Fwd Packet Length Min', ' Fwd Packet Length Mean', ' Fwd Packet Length Std', 'Bwd Packet Length Max', ' Bwd Packet Length Min', ' Bwd Packet Length Mean', ' Bwd Packet Length Std', 'Flow Bytes/s', ' Flow Packets/s', ' Flow IAT Mean', ' Flow IAT Std', ' Flow IAT Max', ' Flow IAT Min', 'Fwd IAT Total', ' Fwd IAT Mean', ' Fwd IAT Std', ' Fwd IAT Max', ' Fwd IAT Min', 'Bwd IAT Total', ' Bwd IAT Mean', ' Bwd IAT Std', ' Bwd IAT Max', ' Bwd IAT Min', 'Fwd PSH Flags', ' Bwd PSH Flags', ' Fwd URG Flags', ' Bwd URG Flags', ' Fwd Header Length', ' Bwd Header Length', 'Fwd Packets/s', ' Bwd Packets/s', ' Min Packet Length', ' Max Packet Length', ' Packet Length Mean', ' Packet Length Std', ' Packet Length Variance', 'FIN Flag Count', ' SYN Flag Count', ' RST Flag Count', ' PSH Flag Count', ' ACK Flag Count', ' URG Flag Count', ' CWE Flag Count', ' ECE Flag Count', ' Down/Up Ratio', ' Average Packet Size', ' Avg Fwd Segment Size', ' Avg Bwd Segment Size', ' Fwd Header Length', 'Fwd Avg Bytes/Bulk', ' Fwd Avg Packets/Bulk', ' Fwd Avg Bulk Rate', ' Bwd Avg Bytes/Bulk', ' Bwd Avg Packets/Bulk', 'Bwd Avg Bulk Rate', 'Subflow Fwd Packets', ' Subflow Fwd Bytes', ' Subflow Bwd Packets', ' Subflow Bwd Bytes', 'Init_Win_bytes_forward', ' Init_Win_bytes_backward', ' act_data_pkt_fwd', ' min_seg_size_forward', 'Active Mean', ' Active Std', ' Active Max', ' Active Min', 'Idle Mean', ' Idle Std', ' Idle Max', ' Idle Min']
2020-02-19 15:52:33,317  INFO: Saving final X matrix to helperFiles/files/normedX
2020-02-19 15:52:33,333  DEBUG: Random seed = 5251
2020-02-19 15:52:33,356  DEBUG: X_train size: (2700, 118)
2020-02-19 15:52:33,356  DEBUG: X_test size: (2700, 118)
2020-02-19 15:52:33,356  DEBUG: X_valid size: (2700, 118)
2020-02-19 15:52:33,357  DEBUG: y_train class counts: (array([0, 1]), array([2670,   30]))
2020-02-19 15:52:33,357  DEBUG: y_test class counts: (array([0, 1]), array([2677,   23]))
2020-02-19 15:52:33,357  DEBUG: y_valid class counts: (array([0, 1]), array([2683,   17]))
2020-02-19 15:52:33,357  INFO: Randomizaiton of X and y matrices complete.
2020-02-19 15:52:33,358  INFO: Lambda: 0.005
2020-02-19 15:52:33,380  DEBUG: Max Rank: 83
2020-02-19 15:52:33,926  DEBUG: Lambda Scale: 0.2598076211353316
2020-02-19 15:52:34,371  DEBUG: criterion1 is the constraint
2020-02-19 15:52:34,371  DEBUG: criterion2 is the solution
2020-02-19 15:52:34,371  DEBUG: iteration criterion1 epsilon1 criterion2 epsilon2 rho      mu
2020-02-19 15:52:35,675  DEBUG:        10   1.54e-02 1.00e-05   3.00e-04 1.00e-04 3.08e+00 3.38e-02
2020-02-19 15:52:37,143  DEBUG:        20   4.60e-04 1.00e-05   1.26e-04 1.00e-04 3.08e+00 3.20e-01
2020-02-19 15:52:38,565  DEBUG:        30   1.91e-05 1.00e-05   5.43e-05 1.00e-04 3.08e+00 9.32e+00
2020-02-19 15:52:38,842  DEBUG:        32   9.61e-06 1.00e-05   4.91e-05 1.00e-04 3.08e+00 2.87e+01
2020-02-19 15:52:38,846  DEBUG: OG SHAPES, X: (2700, 118)  U: (2700, 83)  E: (83, 83)  VT: (83, 118)  L: (2700, 118)
2020-02-19 15:52:38,847  DEBUG: HAT SHAPES, Uhat: (2700, 2)  Ehat: (2, 2)  VThat: (2, 118)  VTta: (81, 118)
2020-02-19 15:52:38,847  DEBUG: X1 SHAPES: X: (2700, 118)  L: (2700, 118)  S: (2700, 118)
2020-02-19 15:52:38,849  DEBUG: X2 SHAPES: X: (2700, 118)  L: (2700, 118)  S: (2700, 118)
2020-02-19 15:52:38,934  INFO: ************ SVM ************
2020-02-19 15:52:38,935  INFO: FOR MATRIX: X
2020-02-19 15:52:38,957  INFO: 
Predicted Packet Type     0   1
Actual Packet Type             
0                      2677   0
1                         6  17
2020-02-19 15:52:38,958  INFO: f1_Score: 0.850000
2020-02-19 15:52:39,101  INFO: ************ SVM ************
2020-02-19 15:52:39,101  INFO: FOR MATRIX: CONCAT LS
2020-02-19 15:52:39,118  INFO: 
Predicted Packet Type     0
Actual Packet Type         
0                      2677
1                        23
2020-02-19 15:52:39,119  INFO: f1_Score: 0.000000
2020-02-19 15:52:39,328  INFO: ************ SVM ************
2020-02-19 15:52:39,328  INFO: FOR MATRIX: CONCAT XLS
2020-02-19 15:52:39,347  INFO: 
Predicted Packet Type     0   1
Actual Packet Type             
0                      2677   0
1                         6  17
2020-02-19 15:52:39,348  INFO: f1_Score: 0.850000
2020-02-19 15:52:39,348  INFO: Validating GOOD Lambda: 0.005
2020-02-19 15:52:39,349  DEBUG: X3 SHAPES: X: (2700, 118)  L: (2700, 118)  S: (2700, 118)
2020-02-19 15:52:39,443  INFO: ************ SVM ************
2020-02-19 15:52:39,443  INFO: FOR MATRIX: X
2020-02-19 15:52:39,461  INFO: 
Predicted Packet Type     0   1
Actual Packet Type             
0                      2683   0
1                         4  13
2020-02-19 15:52:39,462  INFO: f1_Score: 0.866667
2020-02-19 15:52:39,611  INFO: ************ SVM ************
2020-02-19 15:52:39,611  INFO: FOR MATRIX: CONCAT LS
2020-02-19 15:52:39,627  INFO: 
Predicted Packet Type     0
Actual Packet Type         
0                      2683
1                        17
2020-02-19 15:52:39,628  INFO: f1_Score: 0.000000
2020-02-19 15:52:39,832  INFO: ************ SVM ************
2020-02-19 15:52:39,832  INFO: FOR MATRIX: CONCAT XLS
2020-02-19 15:52:39,852  INFO: 
Predicted Packet Type     0   1
Actual Packet Type             
0                      2683   0
1                         5  12
2020-02-19 15:52:39,853  INFO: f1_Score: 0.827586
2020-02-19 15:52:39,853  INFO: FEATURES USED [' Source Port', ' Destination IP', ' Destination IP', ' Destination IP', ' Destination IP', ' Destination Port', ' Protocol', ' Flow Duration', ' Total Fwd Packets', ' Total Backward Packets', 'Total Length of Fwd Packets', ' Total Length of Bwd Packets', ' Fwd Packet Length Max', ' Fwd Packet Length Min', ' Fwd Packet Length Mean', ' Fwd Packet Length Std', 'Bwd Packet Length Max', ' Bwd Packet Length Min', ' Bwd Packet Length Mean', ' Bwd Packet Length Std', 'Flow Bytes/s', ' Flow Packets/s', ' Flow IAT Mean', ' Flow IAT Std', ' Flow IAT Max', ' Flow IAT Min', 'Fwd IAT Total', ' Fwd IAT Mean', ' Fwd IAT Std', ' Fwd IAT Max', ' Fwd IAT Min', 'Bwd IAT Total', ' Bwd IAT Mean', ' Bwd IAT Std', ' Bwd IAT Max', ' Bwd IAT Min', 'Fwd PSH Flags', ' Bwd PSH Flags', ' Fwd URG Flags', ' Bwd URG Flags', ' Fwd Header Length', ' Bwd Header Length', 'Fwd Packets/s', ' Bwd Packets/s', ' Min Packet Length', ' Max Packet Length', ' Packet Length Mean', ' Packet Length Std', ' Packet Length Variance', 'FIN Flag Count', ' SYN Flag Count', ' RST Flag Count', ' PSH Flag Count', ' ACK Flag Count', ' URG Flag Count', ' CWE Flag Count', ' ECE Flag Count', ' Down/Up Ratio', ' Average Packet Size', ' Avg Fwd Segment Size', ' Avg Bwd Segment Size', ' Fwd Header Length', 'Fwd Avg Bytes/Bulk', ' Fwd Avg Packets/Bulk', ' Fwd Avg Bulk Rate', ' Bwd Avg Bytes/Bulk', ' Bwd Avg Packets/Bulk', 'Bwd Avg Bulk Rate', 'Subflow Fwd Packets', ' Subflow Fwd Bytes', ' Subflow Bwd Packets', ' Subflow Bwd Bytes', 'Init_Win_bytes_forward', ' Init_Win_bytes_backward', ' act_data_pkt_fwd', ' min_seg_size_forward', 'Active Mean', ' Active Std', ' Active Max', ' Active Min', 'Idle Mean', ' Idle Std', ' Idle Max', ' Idle Min']
2020-02-19 15:52:40,504  INFO: Saving final X matrix to helperFiles/files/normedX
2020-02-19 15:52:40,520  DEBUG: Random seed = 2689
2020-02-19 15:52:40,542  DEBUG: X_train size: (2700, 118)
2020-02-19 15:52:40,542  DEBUG: X_test size: (2700, 118)
2020-02-19 15:52:40,542  DEBUG: X_valid size: (2700, 118)
2020-02-19 15:52:40,543  DEBUG: y_train class counts: (array([0, 1]), array([2681,   19]))
2020-02-19 15:52:40,543  DEBUG: y_test class counts: (array([0, 1]), array([2671,   29]))
2020-02-19 15:52:40,543  DEBUG: y_valid class counts: (array([0, 1]), array([2678,   22]))
2020-02-19 15:52:40,543  INFO: Randomizaiton of X and y matrices complete.
2020-02-19 15:52:40,544  INFO: Lambda: 0.005
2020-02-19 15:52:40,554  DEBUG: Max Rank: 84
2020-02-19 15:52:41,013  DEBUG: Lambda Scale: 0.2598076211353316
2020-02-19 15:52:41,387  DEBUG: criterion1 is the constraint
2020-02-19 15:52:41,388  DEBUG: criterion2 is the solution
2020-02-19 15:52:41,388  DEBUG: iteration criterion1 epsilon1 criterion2 epsilon2 rho      mu
2020-02-19 15:52:42,671  DEBUG:        10   1.25e-02 1.00e-05   1.11e-04 1.00e-04 3.08e+00 1.42e-02
2020-02-19 15:52:44,086  DEBUG:        20   5.02e-04 1.00e-05   1.68e-04 1.00e-04 3.08e+00 4.12e-01
2020-02-19 15:52:45,500  DEBUG:        30   2.23e-05 1.00e-05   6.44e-05 1.00e-04 3.08e+00 1.20e+01
2020-02-19 15:52:45,944  DEBUG:        33   9.18e-06 1.00e-05   4.06e-05 1.00e-04 3.08e+00 3.69e+01
2020-02-19 15:52:45,948  DEBUG: OG SHAPES, X: (2700, 118)  U: (2700, 84)  E: (84, 84)  VT: (84, 118)  L: (2700, 118)
2020-02-19 15:52:45,948  DEBUG: HAT SHAPES, Uhat: (2700, 2)  Ehat: (2, 2)  VThat: (2, 118)  VTta: (82, 118)
2020-02-19 15:52:45,949  DEBUG: X1 SHAPES: X: (2700, 118)  L: (2700, 118)  S: (2700, 118)
2020-02-19 15:52:45,950  DEBUG: X2 SHAPES: X: (2700, 118)  L: (2700, 118)  S: (2700, 118)
2020-02-19 15:52:46,023  INFO: ************ SVM ************
2020-02-19 15:52:46,023  INFO: FOR MATRIX: X
2020-02-19 15:52:46,041  INFO: 
Predicted Packet Type     0
Actual Packet Type         
0                      2671
1                        29
2020-02-19 15:52:46,042  INFO: f1_Score: 0.000000
2020-02-19 15:52:46,145  INFO: ************ SVM ************
2020-02-19 15:52:46,146  INFO: FOR MATRIX: CONCAT LS
2020-02-19 15:52:46,162  INFO: 
Predicted Packet Type     0
Actual Packet Type         
0                      2671
1                        29
2020-02-19 15:52:46,163  INFO: f1_Score: 0.000000
2020-02-19 15:52:46,314  INFO: ************ SVM ************
2020-02-19 15:52:46,314  INFO: FOR MATRIX: CONCAT XLS
2020-02-19 15:52:46,330  INFO: 
Predicted Packet Type     0
Actual Packet Type         
0                      2671
1                        29
2020-02-19 15:52:46,331  INFO: f1_Score: 0.000000
2020-02-19 15:52:46,331  INFO: FEATURES USED [' Source Port', ' Destination IP', ' Destination IP', ' Destination IP', ' Destination IP', ' Destination Port', ' Protocol', ' Flow Duration', ' Total Fwd Packets', ' Total Backward Packets', 'Total Length of Fwd Packets', ' Total Length of Bwd Packets', ' Fwd Packet Length Max', ' Fwd Packet Length Min', ' Fwd Packet Length Mean', ' Fwd Packet Length Std', 'Bwd Packet Length Max', ' Bwd Packet Length Min', ' Bwd Packet Length Mean', ' Bwd Packet Length Std', 'Flow Bytes/s', ' Flow Packets/s', ' Flow IAT Mean', ' Flow IAT Std', ' Flow IAT Max', ' Flow IAT Min', 'Fwd IAT Total', ' Fwd IAT Mean', ' Fwd IAT Std', ' Fwd IAT Max', ' Fwd IAT Min', 'Bwd IAT Total', ' Bwd IAT Mean', ' Bwd IAT Std', ' Bwd IAT Max', ' Bwd IAT Min', 'Fwd PSH Flags', ' Bwd PSH Flags', ' Fwd URG Flags', ' Bwd URG Flags', ' Fwd Header Length', ' Bwd Header Length', 'Fwd Packets/s', ' Bwd Packets/s', ' Min Packet Length', ' Max Packet Length', ' Packet Length Mean', ' Packet Length Std', ' Packet Length Variance', 'FIN Flag Count', ' SYN Flag Count', ' RST Flag Count', ' PSH Flag Count', ' ACK Flag Count', ' URG Flag Count', ' CWE Flag Count', ' ECE Flag Count', ' Down/Up Ratio', ' Average Packet Size', ' Avg Fwd Segment Size', ' Avg Bwd Segment Size', ' Fwd Header Length', 'Fwd Avg Bytes/Bulk', ' Fwd Avg Packets/Bulk', ' Fwd Avg Bulk Rate', ' Bwd Avg Bytes/Bulk', ' Bwd Avg Packets/Bulk', 'Bwd Avg Bulk Rate', 'Subflow Fwd Packets', ' Subflow Fwd Bytes', ' Subflow Bwd Packets', ' Subflow Bwd Bytes', 'Init_Win_bytes_forward', ' Init_Win_bytes_backward', ' act_data_pkt_fwd', ' min_seg_size_forward', 'Active Mean', ' Active Std', ' Active Max', ' Active Min', 'Idle Mean', ' Idle Std', ' Idle Max', ' Idle Min']
2020-02-19 15:52:47,044  INFO: Saving final X matrix to helperFiles/files/normedX
2020-02-19 15:52:47,061  DEBUG: Random seed = 337
2020-02-19 15:52:47,084  DEBUG: X_train size: (2700, 118)
2020-02-19 15:52:47,084  DEBUG: X_test size: (2700, 118)
2020-02-19 15:52:47,084  DEBUG: X_valid size: (2700, 118)
2020-02-19 15:52:47,084  DEBUG: y_train class counts: (array([0, 1]), array([2671,   29]))
2020-02-19 15:52:47,084  DEBUG: y_test class counts: (array([0, 1]), array([2681,   19]))
2020-02-19 15:52:47,085  DEBUG: y_valid class counts: (array([0, 1]), array([2678,   22]))
2020-02-19 15:52:47,085  INFO: Randomizaiton of X and y matrices complete.
2020-02-19 15:52:47,086  INFO: Lambda: 0.005
2020-02-19 15:52:47,097  DEBUG: Max Rank: 83
2020-02-19 15:52:47,565  DEBUG: Lambda Scale: 0.2598076211353316
2020-02-19 15:52:47,936  DEBUG: criterion1 is the constraint
2020-02-19 15:52:47,936  DEBUG: criterion2 is the solution
2020-02-19 15:52:47,936  DEBUG: iteration criterion1 epsilon1 criterion2 epsilon2 rho      mu
2020-02-19 15:52:49,217  DEBUG:        10   1.15e-02 1.00e-05   1.17e-04 1.00e-04 3.08e+00 1.59e-02
2020-02-19 15:52:50,680  DEBUG:        20   3.83e-04 1.00e-05   1.50e-04 1.00e-04 3.08e+00 4.62e-01
2020-02-19 15:52:52,114  DEBUG:        30   2.42e-05 1.00e-05   6.80e-05 1.00e-04 3.08e+00 1.34e+01
2020-02-19 15:52:52,527  DEBUG:        33   9.15e-06 1.00e-05   4.26e-05 1.00e-04 3.08e+00 4.13e+01
2020-02-19 15:52:52,531  DEBUG: OG SHAPES, X: (2700, 118)  U: (2700, 83)  E: (83, 83)  VT: (83, 118)  L: (2700, 118)
2020-02-19 15:52:52,531  DEBUG: HAT SHAPES, Uhat: (2700, 2)  Ehat: (2, 2)  VThat: (2, 118)  VTta: (81, 118)
2020-02-19 15:52:52,532  DEBUG: X1 SHAPES: X: (2700, 118)  L: (2700, 118)  S: (2700, 118)
2020-02-19 15:52:52,533  DEBUG: X2 SHAPES: X: (2700, 118)  L: (2700, 118)  S: (2700, 118)
2020-02-19 15:52:52,633  INFO: ************ SVM ************
2020-02-19 15:52:52,634  INFO: FOR MATRIX: X
2020-02-19 15:52:52,652  INFO: 
Predicted Packet Type     0   1
Actual Packet Type             
0                      2680   1
1                         4  15
2020-02-19 15:52:52,653  INFO: f1_Score: 0.857143
2020-02-19 15:52:52,803  INFO: ************ SVM ************
2020-02-19 15:52:52,803  INFO: FOR MATRIX: CONCAT LS
2020-02-19 15:52:52,822  INFO: 
Predicted Packet Type     0   1
Actual Packet Type             
0                      2681   0
1                         4  15
2020-02-19 15:52:52,823  INFO: f1_Score: 0.882353
2020-02-19 15:52:53,038  INFO: ************ SVM ************
2020-02-19 15:52:53,038  INFO: FOR MATRIX: CONCAT XLS
2020-02-19 15:52:53,057  INFO: 
Predicted Packet Type     0   1
Actual Packet Type             
0                      2681   0
1                         4  15
2020-02-19 15:52:53,058  INFO: f1_Score: 0.882353
2020-02-19 15:52:53,058  INFO: Validating GOOD Lambda: 0.005
2020-02-19 15:52:53,060  DEBUG: X3 SHAPES: X: (2700, 118)  L: (2700, 118)  S: (2700, 118)
2020-02-19 15:52:53,154  INFO: ************ SVM ************
2020-02-19 15:52:53,154  INFO: FOR MATRIX: X
2020-02-19 15:52:53,173  INFO: 
Predicted Packet Type     0   1
Actual Packet Type             
0                      2678   0
1                         9  13
2020-02-19 15:52:53,174  INFO: f1_Score: 0.742857
2020-02-19 15:52:53,332  INFO: ************ SVM ************
2020-02-19 15:52:53,333  INFO: FOR MATRIX: CONCAT LS
2020-02-19 15:52:53,351  INFO: 
Predicted Packet Type     0   1
Actual Packet Type             
0                      2678   0
1                         9  13
2020-02-19 15:52:53,352  INFO: f1_Score: 0.742857
2020-02-19 15:52:53,570  INFO: ************ SVM ************
2020-02-19 15:52:53,571  INFO: FOR MATRIX: CONCAT XLS
2020-02-19 15:52:53,589  INFO: 
Predicted Packet Type     0   1
Actual Packet Type             
0                      2678   0
1                         9  13
2020-02-19 15:52:53,590  INFO: f1_Score: 0.742857
2020-02-19 15:52:53,590  INFO: FEATURES USED [' Source Port', ' Destination IP', ' Destination IP', ' Destination IP', ' Destination IP', ' Destination Port', ' Protocol', ' Flow Duration', ' Total Fwd Packets', ' Total Backward Packets', 'Total Length of Fwd Packets', ' Total Length of Bwd Packets', ' Fwd Packet Length Max', ' Fwd Packet Length Min', ' Fwd Packet Length Mean', ' Fwd Packet Length Std', 'Bwd Packet Length Max', ' Bwd Packet Length Min', ' Bwd Packet Length Mean', ' Bwd Packet Length Std', 'Flow Bytes/s', ' Flow Packets/s', ' Flow IAT Mean', ' Flow IAT Std', ' Flow IAT Max', ' Flow IAT Min', 'Fwd IAT Total', ' Fwd IAT Mean', ' Fwd IAT Std', ' Fwd IAT Max', ' Fwd IAT Min', 'Bwd IAT Total', ' Bwd IAT Mean', ' Bwd IAT Std', ' Bwd IAT Max', ' Bwd IAT Min', 'Fwd PSH Flags', ' Bwd PSH Flags', ' Fwd URG Flags', ' Bwd URG Flags', ' Fwd Header Length', ' Bwd Header Length', 'Fwd Packets/s', ' Bwd Packets/s', ' Min Packet Length', ' Max Packet Length', ' Packet Length Mean', ' Packet Length Std', ' Packet Length Variance', 'FIN Flag Count', ' SYN Flag Count', ' RST Flag Count', ' PSH Flag Count', ' ACK Flag Count', ' URG Flag Count', ' CWE Flag Count', ' ECE Flag Count', ' Down/Up Ratio', ' Average Packet Size', ' Avg Fwd Segment Size', ' Avg Bwd Segment Size', ' Fwd Header Length', 'Fwd Avg Bytes/Bulk', ' Fwd Avg Packets/Bulk', ' Fwd Avg Bulk Rate', ' Bwd Avg Bytes/Bulk', ' Bwd Avg Packets/Bulk', 'Bwd Avg Bulk Rate', 'Subflow Fwd Packets', ' Subflow Fwd Bytes', ' Subflow Bwd Packets', ' Subflow Bwd Bytes', 'Init_Win_bytes_forward', ' Init_Win_bytes_backward', ' act_data_pkt_fwd', ' min_seg_size_forward', 'Active Mean', ' Active Std', ' Active Max', ' Active Min', 'Idle Mean', ' Idle Std', ' Idle Max', ' Idle Min']
2020-02-19 15:52:54,225  INFO: Saving final X matrix to helperFiles/files/normedX
2020-02-19 15:52:54,240  DEBUG: Random seed = 5065
2020-02-19 15:52:54,266  DEBUG: X_train size: (2700, 118)
2020-02-19 15:52:54,266  DEBUG: X_test size: (2700, 118)
2020-02-19 15:52:54,266  DEBUG: X_valid size: (2700, 118)
2020-02-19 15:52:54,266  DEBUG: y_train class counts: (array([0, 1]), array([2672,   28]))
2020-02-19 15:52:54,266  DEBUG: y_test class counts: (array([0, 1]), array([2680,   20]))
2020-02-19 15:52:54,267  DEBUG: y_valid class counts: (array([0, 1]), array([2678,   22]))
2020-02-19 15:52:54,267  INFO: Randomizaiton of X and y matrices complete.
2020-02-19 15:52:54,268  INFO: Lambda: 0.005
2020-02-19 15:52:54,278  DEBUG: Max Rank: 84
2020-02-19 15:52:54,881  DEBUG: Lambda Scale: 0.2598076211353316
2020-02-19 15:52:55,281  DEBUG: criterion1 is the constraint
2020-02-19 15:52:55,281  DEBUG: criterion2 is the solution
2020-02-19 15:52:55,281  DEBUG: iteration criterion1 epsilon1 criterion2 epsilon2 rho      mu
2020-02-19 15:52:56,597  DEBUG:        10   1.05e-02 1.00e-05   1.29e-04 1.00e-04 3.08e+00 1.80e-02
2020-02-19 15:52:58,124  DEBUG:        20   3.58e-04 1.00e-05   1.53e-04 1.00e-04 3.08e+00 5.23e-01
2020-02-19 15:52:59,697  DEBUG:        30   2.15e-05 1.00e-05   6.94e-05 1.00e-04 3.08e+00 1.52e+01
2020-02-19 15:53:00,161  DEBUG:        33   7.99e-06 1.00e-05   4.18e-05 1.00e-04 3.08e+00 4.68e+01
2020-02-19 15:53:00,164  DEBUG: OG SHAPES, X: (2700, 118)  U: (2700, 84)  E: (84, 84)  VT: (84, 118)  L: (2700, 118)
2020-02-19 15:53:00,164  DEBUG: HAT SHAPES, Uhat: (2700, 2)  Ehat: (2, 2)  VThat: (2, 118)  VTta: (82, 118)
2020-02-19 15:53:00,165  DEBUG: X1 SHAPES: X: (2700, 118)  L: (2700, 118)  S: (2700, 118)
2020-02-19 15:53:00,167  DEBUG: X2 SHAPES: X: (2700, 118)  L: (2700, 118)  S: (2700, 118)
2020-02-19 15:53:00,251  INFO: ************ SVM ************
2020-02-19 15:53:00,251  INFO: FOR MATRIX: X
2020-02-19 15:53:00,271  INFO: 
Predicted Packet Type     0   1
Actual Packet Type             
0                      2678   2
1                        10  10
2020-02-19 15:53:00,272  INFO: f1_Score: 0.625000
2020-02-19 15:53:00,415  INFO: ************ SVM ************
2020-02-19 15:53:00,416  INFO: FOR MATRIX: CONCAT LS
2020-02-19 15:53:00,434  INFO: 
Predicted Packet Type     0   1
Actual Packet Type             
0                      2678   2
1                        10  10
2020-02-19 15:53:00,435  INFO: f1_Score: 0.625000
2020-02-19 15:53:00,631  INFO: ************ SVM ************
2020-02-19 15:53:00,631  INFO: FOR MATRIX: CONCAT XLS
2020-02-19 15:53:00,648  INFO: 
Predicted Packet Type     0   1
Actual Packet Type             
0                      2678   2
1                        10  10
2020-02-19 15:53:00,649  INFO: f1_Score: 0.625000
2020-02-19 15:53:00,649  INFO: Validating GOOD Lambda: 0.005
2020-02-19 15:53:00,651  DEBUG: X3 SHAPES: X: (2700, 118)  L: (2700, 118)  S: (2700, 118)
2020-02-19 15:53:00,734  INFO: ************ SVM ************
2020-02-19 15:53:00,734  INFO: FOR MATRIX: X
2020-02-19 15:53:00,754  INFO: 
Predicted Packet Type     0   1
Actual Packet Type             
0                      2678   0
1                         6  16
2020-02-19 15:53:00,755  INFO: f1_Score: 0.842105
2020-02-19 15:53:00,894  INFO: ************ SVM ************
2020-02-19 15:53:00,894  INFO: FOR MATRIX: CONCAT LS
2020-02-19 15:53:00,914  INFO: 
Predicted Packet Type     0   1
Actual Packet Type             
0                      2678   0
1                         6  16
2020-02-19 15:53:00,915  INFO: f1_Score: 0.842105
2020-02-19 15:53:01,109  INFO: ************ SVM ************
2020-02-19 15:53:01,109  INFO: FOR MATRIX: CONCAT XLS
2020-02-19 15:53:01,128  INFO: 
Predicted Packet Type     0   1
Actual Packet Type             
0                      2678   0
1                         6  16
2020-02-19 15:53:01,129  INFO: f1_Score: 0.842105
2020-02-19 15:53:01,129  INFO: FEATURES USED [' Source Port', ' Destination IP', ' Destination IP', ' Destination IP', ' Destination IP', ' Destination Port', ' Protocol', ' Flow Duration', ' Total Fwd Packets', ' Total Backward Packets', 'Total Length of Fwd Packets', ' Total Length of Bwd Packets', ' Fwd Packet Length Max', ' Fwd Packet Length Min', ' Fwd Packet Length Mean', ' Fwd Packet Length Std', 'Bwd Packet Length Max', ' Bwd Packet Length Min', ' Bwd Packet Length Mean', ' Bwd Packet Length Std', 'Flow Bytes/s', ' Flow Packets/s', ' Flow IAT Mean', ' Flow IAT Std', ' Flow IAT Max', ' Flow IAT Min', 'Fwd IAT Total', ' Fwd IAT Mean', ' Fwd IAT Std', ' Fwd IAT Max', ' Fwd IAT Min', 'Bwd IAT Total', ' Bwd IAT Mean', ' Bwd IAT Std', ' Bwd IAT Max', ' Bwd IAT Min', 'Fwd PSH Flags', ' Bwd PSH Flags', ' Fwd URG Flags', ' Bwd URG Flags', ' Fwd Header Length', ' Bwd Header Length', 'Fwd Packets/s', ' Bwd Packets/s', ' Min Packet Length', ' Max Packet Length', ' Packet Length Mean', ' Packet Length Std', ' Packet Length Variance', 'FIN Flag Count', ' SYN Flag Count', ' RST Flag Count', ' PSH Flag Count', ' ACK Flag Count', ' URG Flag Count', ' CWE Flag Count', ' ECE Flag Count', ' Down/Up Ratio', ' Average Packet Size', ' Avg Fwd Segment Size', ' Avg Bwd Segment Size', ' Fwd Header Length', 'Fwd Avg Bytes/Bulk', ' Fwd Avg Packets/Bulk', ' Fwd Avg Bulk Rate', ' Bwd Avg Bytes/Bulk', ' Bwd Avg Packets/Bulk', 'Bwd Avg Bulk Rate', 'Subflow Fwd Packets', ' Subflow Fwd Bytes', ' Subflow Bwd Packets', ' Subflow Bwd Bytes', 'Init_Win_bytes_forward', ' Init_Win_bytes_backward', ' act_data_pkt_fwd', ' min_seg_size_forward', 'Active Mean', ' Active Std', ' Active Max', ' Active Min', 'Idle Mean', ' Idle Std', ' Idle Max', ' Idle Min']
2020-02-19 15:53:01,773  INFO: Saving final X matrix to helperFiles/files/normedX
2020-02-19 15:53:01,787  DEBUG: Random seed = 4060
2020-02-19 15:53:01,806  DEBUG: X_train size: (2700, 118)
2020-02-19 15:53:01,807  DEBUG: X_test size: (2700, 118)
2020-02-19 15:53:01,807  DEBUG: X_valid size: (2700, 118)
2020-02-19 15:53:01,808  DEBUG: y_train class counts: (array([0, 1]), array([2679,   21]))
2020-02-19 15:53:01,809  DEBUG: y_test class counts: (array([0, 1]), array([2671,   29]))
2020-02-19 15:53:01,809  DEBUG: y_valid class counts: (array([0, 1]), array([2680,   20]))
2020-02-19 15:53:01,809  INFO: Randomizaiton of X and y matrices complete.
2020-02-19 15:53:01,810  INFO: Lambda: 0.005
2020-02-19 15:53:01,820  DEBUG: Max Rank: 83
2020-02-19 15:53:02,285  DEBUG: Lambda Scale: 0.2598076211353316
2020-02-19 15:53:02,678  DEBUG: criterion1 is the constraint
2020-02-19 15:53:02,678  DEBUG: criterion2 is the solution
2020-02-19 15:53:02,678  DEBUG: iteration criterion1 epsilon1 criterion2 epsilon2 rho      mu
2020-02-19 15:53:03,962  DEBUG:        10   1.15e-02 1.00e-05   1.26e-04 1.00e-04 3.08e+00 1.62e-02
2020-02-19 15:53:05,421  DEBUG:        20   5.20e-04 1.00e-05   2.22e-04 1.00e-04 3.08e+00 4.72e-01
2020-02-19 15:53:06,830  DEBUG:        30   2.40e-05 1.00e-05   7.99e-05 1.00e-04 3.08e+00 1.37e+01
2020-02-19 15:53:07,245  DEBUG:        33   9.13e-06 1.00e-05   4.25e-05 1.00e-04 3.08e+00 4.23e+01
2020-02-19 15:53:07,249  DEBUG: OG SHAPES, X: (2700, 118)  U: (2700, 83)  E: (83, 83)  VT: (83, 118)  L: (2700, 118)
2020-02-19 15:53:07,249  DEBUG: HAT SHAPES, Uhat: (2700, 2)  Ehat: (2, 2)  VThat: (2, 118)  VTta: (81, 118)
2020-02-19 15:53:07,250  DEBUG: X1 SHAPES: X: (2700, 118)  L: (2700, 118)  S: (2700, 118)
2020-02-19 15:53:07,252  DEBUG: X2 SHAPES: X: (2700, 118)  L: (2700, 118)  S: (2700, 118)
2020-02-19 15:53:07,319  INFO: ************ SVM ************
2020-02-19 15:53:07,320  INFO: FOR MATRIX: X
2020-02-19 15:53:07,343  INFO: 
Predicted Packet Type     0   1
Actual Packet Type             
0                      2670   1
1                        11  18
2020-02-19 15:53:07,345  INFO: f1_Score: 0.750000
2020-02-19 15:53:07,450  INFO: ************ SVM ************
2020-02-19 15:53:07,450  INFO: FOR MATRIX: CONCAT LS
2020-02-19 15:53:07,469  INFO: 
Predicted Packet Type     0   1
Actual Packet Type             
0                      2671   0
1                        11  18
2020-02-19 15:53:07,470  INFO: f1_Score: 0.765957
2020-02-19 15:53:07,620  INFO: ************ SVM ************
2020-02-19 15:53:07,620  INFO: FOR MATRIX: CONCAT XLS
2020-02-19 15:53:07,637  INFO: 
Predicted Packet Type     0   1
Actual Packet Type             
0                      2670   1
1                        11  18
2020-02-19 15:53:07,638  INFO: f1_Score: 0.750000
2020-02-19 15:53:07,639  INFO: Validating GOOD Lambda: 0.005
2020-02-19 15:53:07,640  DEBUG: X3 SHAPES: X: (2700, 118)  L: (2700, 118)  S: (2700, 118)
2020-02-19 15:53:07,707  INFO: ************ SVM ************
2020-02-19 15:53:07,707  INFO: FOR MATRIX: X
2020-02-19 15:53:07,725  INFO: 
Predicted Packet Type     0   1
Actual Packet Type             
0                      2679   1
1                         7  13
2020-02-19 15:53:07,726  INFO: f1_Score: 0.764706
2020-02-19 15:53:07,828  INFO: ************ SVM ************
2020-02-19 15:53:07,828  INFO: FOR MATRIX: CONCAT LS
2020-02-19 15:53:07,847  INFO: 
Predicted Packet Type     0   1
Actual Packet Type             
0                      2680   0
1                         7  13
2020-02-19 15:53:07,848  INFO: f1_Score: 0.787879
2020-02-19 15:53:07,997  INFO: ************ SVM ************
2020-02-19 15:53:07,997  INFO: FOR MATRIX: CONCAT XLS
2020-02-19 15:53:08,020  INFO: 
Predicted Packet Type     0   1
Actual Packet Type             
0                      2679   1
1                         7  13
2020-02-19 15:53:08,021  INFO: f1_Score: 0.764706
2020-02-19 15:53:08,022  INFO: FEATURES USED [' Source Port', ' Destination IP', ' Destination IP', ' Destination IP', ' Destination IP', ' Destination Port', ' Protocol', ' Flow Duration', ' Total Fwd Packets', ' Total Backward Packets', 'Total Length of Fwd Packets', ' Total Length of Bwd Packets', ' Fwd Packet Length Max', ' Fwd Packet Length Min', ' Fwd Packet Length Mean', ' Fwd Packet Length Std', 'Bwd Packet Length Max', ' Bwd Packet Length Min', ' Bwd Packet Length Mean', ' Bwd Packet Length Std', 'Flow Bytes/s', ' Flow Packets/s', ' Flow IAT Mean', ' Flow IAT Std', ' Flow IAT Max', ' Flow IAT Min', 'Fwd IAT Total', ' Fwd IAT Mean', ' Fwd IAT Std', ' Fwd IAT Max', ' Fwd IAT Min', 'Bwd IAT Total', ' Bwd IAT Mean', ' Bwd IAT Std', ' Bwd IAT Max', ' Bwd IAT Min', 'Fwd PSH Flags', ' Bwd PSH Flags', ' Fwd URG Flags', ' Bwd URG Flags', ' Fwd Header Length', ' Bwd Header Length', 'Fwd Packets/s', ' Bwd Packets/s', ' Min Packet Length', ' Max Packet Length', ' Packet Length Mean', ' Packet Length Std', ' Packet Length Variance', 'FIN Flag Count', ' SYN Flag Count', ' RST Flag Count', ' PSH Flag Count', ' ACK Flag Count', ' URG Flag Count', ' CWE Flag Count', ' ECE Flag Count', ' Down/Up Ratio', ' Average Packet Size', ' Avg Fwd Segment Size', ' Avg Bwd Segment Size', ' Fwd Header Length', 'Fwd Avg Bytes/Bulk', ' Fwd Avg Packets/Bulk', ' Fwd Avg Bulk Rate', ' Bwd Avg Bytes/Bulk', ' Bwd Avg Packets/Bulk', 'Bwd Avg Bulk Rate', 'Subflow Fwd Packets', ' Subflow Fwd Bytes', ' Subflow Bwd Packets', ' Subflow Bwd Bytes', 'Init_Win_bytes_forward', ' Init_Win_bytes_backward', ' act_data_pkt_fwd', ' min_seg_size_forward', 'Active Mean', ' Active Std', ' Active Max', ' Active Min', 'Idle Mean', ' Idle Std', ' Idle Max', ' Idle Min']
2020-02-19 15:53:08,660  INFO: Saving final X matrix to helperFiles/files/normedX
2020-02-19 15:53:08,674  DEBUG: Random seed = 2535
2020-02-19 15:53:08,695  DEBUG: X_train size: (2700, 118)
2020-02-19 15:53:08,696  DEBUG: X_test size: (2700, 118)
2020-02-19 15:53:08,696  DEBUG: X_valid size: (2700, 118)
2020-02-19 15:53:08,696  DEBUG: y_train class counts: (array([0, 1]), array([2670,   30]))
2020-02-19 15:53:08,697  DEBUG: y_test class counts: (array([0, 1]), array([2681,   19]))
2020-02-19 15:53:08,697  DEBUG: y_valid class counts: (array([0, 1]), array([2679,   21]))
2020-02-19 15:53:08,697  INFO: Randomizaiton of X and y matrices complete.
2020-02-19 15:53:08,698  INFO: Lambda: 0.005
2020-02-19 15:53:08,707  DEBUG: Max Rank: 85
2020-02-19 15:53:19,079  INFO: Run started.
2020-02-19 15:53:19,079  INFO: CONFIGURATION USED: MAIN
2020-02-19 15:53:19,080  INFO: FEATURES USED [' Source Port', ' Destination IP', ' Destination IP', ' Destination IP', ' Destination IP', ' Destination Port', ' Protocol', ' Flow Duration', ' Total Fwd Packets', ' Total Backward Packets', 'Total Length of Fwd Packets', ' Total Length of Bwd Packets', ' Fwd Packet Length Max', ' Fwd Packet Length Min', ' Fwd Packet Length Mean', ' Fwd Packet Length Std', 'Bwd Packet Length Max', ' Bwd Packet Length Min', ' Bwd Packet Length Mean', ' Bwd Packet Length Std', 'Flow Bytes/s', ' Flow Packets/s', ' Flow IAT Mean', ' Flow IAT Std', ' Flow IAT Max', ' Flow IAT Min', 'Fwd IAT Total', ' Fwd IAT Mean', ' Fwd IAT Std', ' Fwd IAT Max', ' Fwd IAT Min', 'Bwd IAT Total', ' Bwd IAT Mean', ' Bwd IAT Std', ' Bwd IAT Max', ' Bwd IAT Min', 'Fwd PSH Flags', ' Bwd PSH Flags', ' Fwd URG Flags', ' Bwd URG Flags', ' Fwd Header Length', ' Bwd Header Length', 'Fwd Packets/s', ' Bwd Packets/s', ' Min Packet Length', ' Max Packet Length', ' Packet Length Mean', ' Packet Length Std', ' Packet Length Variance', 'FIN Flag Count', ' SYN Flag Count', ' RST Flag Count', ' PSH Flag Count', ' ACK Flag Count', ' URG Flag Count', ' CWE Flag Count', ' ECE Flag Count', ' Down/Up Ratio', ' Average Packet Size', ' Avg Fwd Segment Size', ' Avg Bwd Segment Size', ' Fwd Header Length', 'Fwd Avg Bytes/Bulk', ' Fwd Avg Packets/Bulk', ' Fwd Avg Bulk Rate', ' Bwd Avg Bytes/Bulk', ' Bwd Avg Packets/Bulk', 'Bwd Avg Bulk Rate', 'Subflow Fwd Packets', ' Subflow Fwd Bytes', ' Subflow Bwd Packets', ' Subflow Bwd Bytes', 'Init_Win_bytes_forward', ' Init_Win_bytes_backward', ' act_data_pkt_fwd', ' min_seg_size_forward', 'Active Mean', ' Active Std', ' Active Max', ' Active Min', 'Idle Mean', ' Idle Std', ' Idle Max', ' Idle Min']
2020-02-19 15:53:19,975  INFO: Saving final X matrix to helperFiles/files/normedX
2020-02-19 15:53:19,991  DEBUG: Random seed = 6300
2020-02-19 15:53:20,012  DEBUG: X_train size: (2700, 118)
2020-02-19 15:53:20,012  DEBUG: X_test size: (2700, 118)
2020-02-19 15:53:20,012  DEBUG: X_valid size: (2700, 118)
2020-02-19 15:53:20,012  DEBUG: y_train class counts: (array([0, 1]), array([2678,   22]))
2020-02-19 15:53:20,013  DEBUG: y_test class counts: (array([0, 1]), array([2676,   24]))
2020-02-19 15:53:20,013  DEBUG: y_valid class counts: (array([0, 1]), array([2676,   24]))
2020-02-19 15:53:20,013  INFO: Randomizaiton of X and y matrices complete.
2020-02-19 15:53:20,014  INFO: Lambda: 0.005
2020-02-19 15:53:20,024  DEBUG: Max Rank: 83
2020-02-19 15:53:20,504  DEBUG: Lambda Scale: 0.2598076211353316
2020-02-19 15:53:21,077  DEBUG: criterion1 is the constraint
2020-02-19 15:53:21,077  DEBUG: criterion2 is the solution
2020-02-19 15:53:21,077  DEBUG: iteration criterion1 epsilon1 criterion2 epsilon2 rho      mu
2020-02-19 15:53:22,492  DEBUG:        10   1.12e-02 1.00e-05   1.28e-04 1.00e-04 3.08e+00 1.72e-02
2020-02-19 15:53:24,054  DEBUG:        20   4.72e-04 1.00e-05   1.71e-04 1.00e-04 3.08e+00 5.01e-01
2020-02-19 15:53:25,535  DEBUG:        30   3.18e-05 1.00e-05   7.34e-05 1.00e-04 3.08e+00 1.46e+01
2020-02-19 15:53:26,125  DEBUG:        34   8.44e-06 1.00e-05   4.21e-05 1.00e-04 3.08e+00 4.49e+01
2020-02-19 15:53:26,130  DEBUG: OG SHAPES, X: (2700, 118)  U: (2700, 83)  E: (83, 83)  VT: (83, 118)  L: (2700, 118)
2020-02-19 15:53:26,130  DEBUG: HAT SHAPES, Uhat: (2700, 2)  Ehat: (2, 2)  VThat: (2, 118)  VTta: (81, 118)
2020-02-19 15:53:26,131  DEBUG: X1 SHAPES: X: (2700, 118)  L: (2700, 118)  S: (2700, 118)
2020-02-19 15:53:26,133  DEBUG: X2 SHAPES: X: (2700, 118)  L: (2700, 118)  S: (2700, 118)
2020-02-19 15:53:26,228  INFO: ************ SVM ************
2020-02-19 15:53:26,229  INFO: FOR MATRIX: X
2020-02-19 15:53:26,250  INFO: 
Predicted Packet Type     0  1
Actual Packet Type            
0                      2676  0
1                        23  1
2020-02-19 15:53:26,251  INFO: f1_Score: 0.080000
2020-02-19 15:53:26,380  INFO: ************ SVM ************
2020-02-19 15:53:26,380  INFO: FOR MATRIX: CONCAT LS
2020-02-19 15:53:26,397  INFO: 
Predicted Packet Type     0
Actual Packet Type         
0                      2676
1                        24
2020-02-19 15:53:26,398  INFO: f1_Score: 0.000000
2020-02-19 15:53:26,576  INFO: ************ SVM ************
2020-02-19 15:53:26,576  INFO: FOR MATRIX: CONCAT XLS
2020-02-19 15:53:26,593  INFO: 
Predicted Packet Type     0
Actual Packet Type         
0                      2676
1                        24
2020-02-19 15:53:26,594  INFO: f1_Score: 0.000000
2020-02-19 15:53:26,594  INFO: Validating GOOD Lambda: 0.005
2020-02-19 15:53:26,596  DEBUG: X3 SHAPES: X: (2700, 118)  L: (2700, 118)  S: (2700, 118)
2020-02-19 15:53:26,689  INFO: ************ SVM ************
2020-02-19 15:53:26,689  INFO: FOR MATRIX: X
2020-02-19 15:53:26,707  INFO: 
Predicted Packet Type     0
Actual Packet Type         
0                      2676
1                        24
2020-02-19 15:53:26,708  INFO: f1_Score: 0.000000
2020-02-19 15:53:26,822  INFO: ************ SVM ************
2020-02-19 15:53:26,822  INFO: FOR MATRIX: CONCAT LS
2020-02-19 15:53:26,839  INFO: 
Predicted Packet Type     0
Actual Packet Type         
0                      2676
1                        24
2020-02-19 15:53:26,840  INFO: f1_Score: 0.000000
2020-02-19 15:53:27,012  INFO: ************ SVM ************
2020-02-19 15:53:27,013  INFO: FOR MATRIX: CONCAT XLS
2020-02-19 15:53:27,029  INFO: 
Predicted Packet Type     0
Actual Packet Type         
0                      2676
1                        24
2020-02-19 15:53:27,030  INFO: f1_Score: 0.000000
2020-02-19 15:53:57,013  INFO: Run started.
2020-02-19 15:53:57,013  INFO: CONFIGURATION USED: MAIN
2020-02-19 15:53:57,014  INFO: FEATURES USED [' Source Port', ' Destination IP', ' Destination IP', ' Destination IP', ' Destination IP', ' Destination Port', ' Protocol', ' Flow Duration', ' Total Fwd Packets', ' Total Backward Packets', 'Total Length of Fwd Packets', ' Total Length of Bwd Packets', ' Fwd Packet Length Max', ' Fwd Packet Length Min', ' Fwd Packet Length Mean', ' Fwd Packet Length Std', 'Bwd Packet Length Max', ' Bwd Packet Length Min', ' Bwd Packet Length Mean', ' Bwd Packet Length Std', 'Flow Bytes/s', ' Flow Packets/s', ' Flow IAT Mean', ' Flow IAT Std', ' Flow IAT Max', ' Flow IAT Min', 'Fwd IAT Total', ' Fwd IAT Mean', ' Fwd IAT Std', ' Fwd IAT Max', ' Fwd IAT Min', 'Bwd IAT Total', ' Bwd IAT Mean', ' Bwd IAT Std', ' Bwd IAT Max', ' Bwd IAT Min', 'Fwd PSH Flags', ' Bwd PSH Flags', ' Fwd URG Flags', ' Bwd URG Flags', ' Fwd Header Length', ' Bwd Header Length', 'Fwd Packets/s', ' Bwd Packets/s', ' Min Packet Length', ' Max Packet Length', ' Packet Length Mean', ' Packet Length Std', ' Packet Length Variance', 'FIN Flag Count', ' SYN Flag Count', ' RST Flag Count', ' PSH Flag Count', ' ACK Flag Count', ' URG Flag Count', ' CWE Flag Count', ' ECE Flag Count', ' Down/Up Ratio', ' Average Packet Size', ' Avg Fwd Segment Size', ' Avg Bwd Segment Size', ' Fwd Header Length', 'Fwd Avg Bytes/Bulk', ' Fwd Avg Packets/Bulk', ' Fwd Avg Bulk Rate', ' Bwd Avg Bytes/Bulk', ' Bwd Avg Packets/Bulk', 'Bwd Avg Bulk Rate', 'Subflow Fwd Packets', ' Subflow Fwd Bytes', ' Subflow Bwd Packets', ' Subflow Bwd Bytes', 'Init_Win_bytes_forward', ' Init_Win_bytes_backward', ' act_data_pkt_fwd', ' min_seg_size_forward', 'Active Mean', ' Active Std', ' Active Max', ' Active Min', 'Idle Mean', ' Idle Std', ' Idle Max', ' Idle Min']
2020-02-19 15:53:57,822  INFO: Saving final X matrix to helperFiles/files/normedX
2020-02-19 15:53:57,837  DEBUG: Random seed = 6708
2020-02-19 15:53:57,858  DEBUG: X_train size: (2700, 118)
2020-02-19 15:53:57,858  DEBUG: X_test size: (2700, 118)
2020-02-19 15:53:57,858  DEBUG: X_valid size: (2700, 118)
2020-02-19 15:53:57,859  DEBUG: y_train class counts: (array([0, 1]), array([2675,   25]))
2020-02-19 15:53:57,859  DEBUG: y_test class counts: (array([0, 1]), array([2675,   25]))
2020-02-19 15:53:57,859  DEBUG: y_valid class counts: (array([0, 1]), array([2680,   20]))
2020-02-19 15:53:57,859  INFO: Randomizaiton of X and y matrices complete.
2020-02-19 15:53:57,860  INFO: Lambda: 0.005
2020-02-19 15:53:57,878  DEBUG: Max Rank: 84
2020-02-19 15:53:58,322  DEBUG: Lambda Scale: 0.2598076211353316
2020-02-19 15:53:58,744  DEBUG: criterion1 is the constraint
2020-02-19 15:53:58,744  DEBUG: criterion2 is the solution
2020-02-19 15:53:58,744  DEBUG: iteration criterion1 epsilon1 criterion2 epsilon2 rho      mu
2020-02-19 15:54:00,106  DEBUG:        10   1.03e-02 1.00e-05   1.26e-04 1.00e-04 3.08e+00 1.83e-02
2020-02-19 15:54:01,823  DEBUG:        20   3.58e-04 1.00e-05   1.60e-04 1.00e-04 3.08e+00 5.34e-01
2020-02-19 15:54:03,389  DEBUG:        30   2.11e-05 1.00e-05   6.53e-05 1.00e-04 3.08e+00 1.55e+01
2020-02-19 15:54:03,745  DEBUG:        32   9.83e-06 1.00e-05   3.34e-05 1.00e-04 3.08e+00 1.55e+01
2020-02-19 15:54:03,749  DEBUG: OG SHAPES, X: (2700, 118)  U: (2700, 84)  E: (84, 84)  VT: (84, 118)  L: (2700, 118)
2020-02-19 15:54:03,750  DEBUG: HAT SHAPES, Uhat: (2700, 2)  Ehat: (2, 2)  VThat: (2, 118)  VTta: (82, 118)
2020-02-19 15:54:03,751  DEBUG: X1 SHAPES: X: (2700, 118)  L: (2700, 118)  S: (2700, 118)
2020-02-19 15:54:03,753  DEBUG: X2 SHAPES: X: (2700, 118)  L: (2700, 118)  S: (2700, 118)
2020-02-19 15:54:03,842  INFO: ************ SVM ************
2020-02-19 15:54:03,842  INFO: FOR MATRIX: X
2020-02-19 15:54:03,864  INFO: 
Predicted Packet Type     0   1
Actual Packet Type             
0                      2675   0
1                         8  17
2020-02-19 15:54:03,865  INFO: f1_Score: 0.809524
2020-02-19 15:54:03,999  INFO: ************ SVM ************
2020-02-19 15:54:04,000  INFO: FOR MATRIX: CONCAT LS
2020-02-19 15:54:04,018  INFO: 
Predicted Packet Type     0   1
Actual Packet Type             
0                      2675   0
1                         8  17
2020-02-19 15:54:04,019  INFO: f1_Score: 0.809524
2020-02-19 15:54:04,214  INFO: ************ SVM ************
2020-02-19 15:54:04,214  INFO: FOR MATRIX: CONCAT XLS
2020-02-19 15:54:04,233  INFO: 
Predicted Packet Type     0   1
Actual Packet Type             
0                      2675   0
1                         8  17
2020-02-19 15:54:04,234  INFO: f1_Score: 0.809524
2020-02-19 15:54:04,235  INFO: Validating GOOD Lambda: 0.005
2020-02-19 15:54:04,236  DEBUG: X3 SHAPES: X: (2700, 118)  L: (2700, 118)  S: (2700, 118)
2020-02-19 15:54:04,315  INFO: ************ SVM ************
2020-02-19 15:54:04,315  INFO: FOR MATRIX: X
2020-02-19 15:54:04,333  INFO: 
Predicted Packet Type     0   1
Actual Packet Type             
0                      2678   2
1                         7  13
2020-02-19 15:54:04,334  INFO: f1_Score: 0.742857
2020-02-19 15:54:04,466  INFO: ************ SVM ************
2020-02-19 15:54:04,466  INFO: FOR MATRIX: CONCAT LS
2020-02-19 15:54:04,484  INFO: 
Predicted Packet Type     0   1
Actual Packet Type             
0                      2680   0
1                         7  13
2020-02-19 15:54:04,485  INFO: f1_Score: 0.787879
2020-02-19 15:54:04,674  INFO: ************ SVM ************
2020-02-19 15:54:04,675  INFO: FOR MATRIX: CONCAT XLS
2020-02-19 15:54:04,692  INFO: 
Predicted Packet Type     0   1
Actual Packet Type             
0                      2678   2
1                         7  13
2020-02-19 15:54:04,693  INFO: f1_Score: 0.742857
2020-02-19 15:54:04,693  INFO: Lambda: 0.006
2020-02-19 15:54:04,703  DEBUG: Max Rank: 84
2020-02-19 15:54:05,193  DEBUG: Lambda Scale: 0.3117691453623979
2020-02-19 15:54:05,589  DEBUG: criterion1 is the constraint
2020-02-19 15:54:05,589  DEBUG: criterion2 is the solution
2020-02-19 15:54:05,589  DEBUG: iteration criterion1 epsilon1 criterion2 epsilon2 rho      mu
2020-02-19 15:54:06,861  DEBUG:        10   1.51e-02 1.00e-05   1.89e-04 1.00e-04 3.08e+00 1.83e-02
2020-02-19 15:54:08,272  DEBUG:        20   1.02e-03 1.00e-05   1.09e-04 1.00e-04 3.08e+00 1.74e-01
2020-02-19 15:54:09,734  DEBUG:        30   7.42e-05 1.00e-05   1.17e-04 1.00e-04 3.08e+00 5.05e+00
2020-02-19 15:54:10,833  DEBUG:        38   9.02e-06 1.00e-05   3.82e-05 1.00e-04 3.08e+00 4.78e+01
2020-02-19 15:54:10,837  DEBUG: OG SHAPES, X: (2700, 118)  U: (2700, 84)  E: (84, 84)  VT: (84, 118)  L: (2700, 118)
2020-02-19 15:54:10,838  DEBUG: HAT SHAPES, Uhat: (2700, 4)  Ehat: (4, 4)  VThat: (4, 118)  VTta: (80, 118)
2020-02-19 15:54:10,839  DEBUG: X1 SHAPES: X: (2700, 118)  L: (2700, 118)  S: (2700, 118)
2020-02-19 15:54:10,840  DEBUG: X2 SHAPES: X: (2700, 118)  L: (2700, 118)  S: (2700, 118)
2020-02-19 15:54:10,917  INFO: ************ SVM ************
2020-02-19 15:54:10,917  INFO: FOR MATRIX: X
2020-02-19 15:54:10,936  INFO: 
Predicted Packet Type     0   1
Actual Packet Type             
0                      2675   0
1                         8  17
2020-02-19 15:54:10,937  INFO: f1_Score: 0.809524
2020-02-19 15:54:11,068  INFO: ************ SVM ************
2020-02-19 15:54:11,068  INFO: FOR MATRIX: CONCAT LS
2020-02-19 15:54:11,085  INFO: 
Predicted Packet Type     0
Actual Packet Type         
0                      2675
1                        25
2020-02-19 15:54:11,086  INFO: f1_Score: 0.000000
2020-02-19 15:54:11,267  INFO: ************ SVM ************
2020-02-19 15:54:11,267  INFO: FOR MATRIX: CONCAT XLS
2020-02-19 15:54:11,286  INFO: 
Predicted Packet Type     0   1
Actual Packet Type             
0                      2675   0
1                         8  17
2020-02-19 15:54:11,287  INFO: f1_Score: 0.809524
2020-02-19 15:54:11,287  INFO: Validating GOOD Lambda: 0.006
2020-02-19 15:54:11,288  DEBUG: X3 SHAPES: X: (2700, 118)  L: (2700, 118)  S: (2700, 118)
2020-02-19 15:54:11,366  INFO: ************ SVM ************
2020-02-19 15:54:11,367  INFO: FOR MATRIX: X
2020-02-19 15:54:11,388  INFO: 
Predicted Packet Type     0   1
Actual Packet Type             
0                      2678   2
1                         7  13
2020-02-19 15:54:11,389  INFO: f1_Score: 0.742857
2020-02-19 15:54:11,526  INFO: ************ SVM ************
2020-02-19 15:54:11,526  INFO: FOR MATRIX: CONCAT LS
2020-02-19 15:54:11,542  INFO: 
Predicted Packet Type     0
Actual Packet Type         
0                      2680
1                        20
2020-02-19 15:54:11,543  INFO: f1_Score: 0.000000
2020-02-19 15:54:11,722  INFO: ************ SVM ************
2020-02-19 15:54:11,722  INFO: FOR MATRIX: CONCAT XLS
2020-02-19 15:54:11,741  INFO: 
Predicted Packet Type     0   1
Actual Packet Type             
0                      2680   0
1                         7  13
2020-02-19 15:54:11,742  INFO: f1_Score: 0.787879
2020-02-19 15:54:11,742  INFO: Lambda: 0.007
2020-02-19 15:54:11,751  DEBUG: Max Rank: 84
2020-02-19 15:54:12,217  DEBUG: Lambda Scale: 0.36373066958946426
2020-02-19 15:54:12,601  DEBUG: criterion1 is the constraint
2020-02-19 15:54:12,601  DEBUG: criterion2 is the solution
2020-02-19 15:54:12,601  DEBUG: iteration criterion1 epsilon1 criterion2 epsilon2 rho      mu
2020-02-19 15:54:13,848  DEBUG:        10   1.42e-02 1.00e-05   2.11e-04 1.00e-04 3.08e+00 1.83e-02
2020-02-19 15:54:15,282  DEBUG:        20   1.33e-03 1.00e-05   1.60e-04 1.00e-04 3.08e+00 1.74e-01
2020-02-19 15:54:16,757  DEBUG:        30   1.34e-04 1.00e-05   1.06e-04 1.00e-04 3.08e+00 1.64e+00
2020-02-19 15:54:18,179  DEBUG:        40   1.02e-05 1.00e-05   4.14e-05 1.00e-04 3.08e+00 4.78e+01
2020-02-19 15:54:18,339  DEBUG:        41   7.36e-06 1.00e-05   3.75e-05 1.00e-04 3.08e+00 4.78e+01
2020-02-19 15:54:18,342  DEBUG: OG SHAPES, X: (2700, 118)  U: (2700, 84)  E: (84, 84)  VT: (84, 118)  L: (2700, 118)
2020-02-19 15:54:18,342  DEBUG: HAT SHAPES, Uhat: (2700, 5)  Ehat: (5, 5)  VThat: (5, 118)  VTta: (79, 118)
2020-02-19 15:54:18,343  DEBUG: X1 SHAPES: X: (2700, 118)  L: (2700, 118)  S: (2700, 118)
2020-02-19 15:54:18,345  DEBUG: X2 SHAPES: X: (2700, 118)  L: (2700, 118)  S: (2700, 118)
2020-02-19 15:54:18,422  INFO: ************ SVM ************
2020-02-19 15:54:18,423  INFO: FOR MATRIX: X
2020-02-19 15:54:18,445  INFO: 
Predicted Packet Type     0   1
Actual Packet Type             
0                      2675   0
1                         8  17
2020-02-19 15:54:18,446  INFO: f1_Score: 0.809524
2020-02-19 15:54:18,571  INFO: ************ SVM ************
2020-02-19 15:54:18,571  INFO: FOR MATRIX: CONCAT LS
2020-02-19 15:54:18,589  INFO: 
Predicted Packet Type     0   1
Actual Packet Type             
0                      2675   0
1                         8  17
2020-02-19 15:54:18,590  INFO: f1_Score: 0.809524
2020-02-19 15:54:18,773  INFO: ************ SVM ************
2020-02-19 15:54:18,774  INFO: FOR MATRIX: CONCAT XLS
2020-02-19 15:54:18,794  INFO: 
Predicted Packet Type     0   1
Actual Packet Type             
0                      2675   0
1                         8  17
2020-02-19 15:54:18,795  INFO: f1_Score: 0.809524
2020-02-19 15:54:18,795  INFO: Validating GOOD Lambda: 0.007
2020-02-19 15:54:18,797  DEBUG: X3 SHAPES: X: (2700, 118)  L: (2700, 118)  S: (2700, 118)
2020-02-19 15:54:18,879  INFO: ************ SVM ************
2020-02-19 15:54:18,879  INFO: FOR MATRIX: X
2020-02-19 15:54:18,896  INFO: 
Predicted Packet Type     0   1
Actual Packet Type             
0                      2678   2
1                         7  13
2020-02-19 15:54:18,897  INFO: f1_Score: 0.742857
2020-02-19 15:54:19,025  INFO: ************ SVM ************
2020-02-19 15:54:19,025  INFO: FOR MATRIX: CONCAT LS
2020-02-19 15:54:19,045  INFO: 
Predicted Packet Type     0   1
Actual Packet Type             
0                      2680   0
1                         7  13
2020-02-19 15:54:19,046  INFO: f1_Score: 0.787879
2020-02-19 15:54:19,226  INFO: ************ SVM ************
2020-02-19 15:54:19,226  INFO: FOR MATRIX: CONCAT XLS
2020-02-19 15:54:19,245  INFO: 
Predicted Packet Type     0   1
Actual Packet Type             
0                      2680   0
1                         7  13
2020-02-19 15:54:19,246  INFO: f1_Score: 0.787879
2020-02-19 15:54:19,246  INFO: Lambda: 0.008
2020-02-19 15:54:19,255  DEBUG: Max Rank: 84
2020-02-19 15:54:19,737  DEBUG: Lambda Scale: 0.41569219381653055
2020-02-19 15:54:20,115  DEBUG: criterion1 is the constraint
2020-02-19 15:54:20,115  DEBUG: criterion2 is the solution
2020-02-19 15:54:20,115  DEBUG: iteration criterion1 epsilon1 criterion2 epsilon2 rho      mu
