2019-12-12 13:43:49,636  INFO: Run started.
2019-12-12 13:43:49,759  DEBUG: Random seed = 80
2019-12-12 13:43:49,776  DEBUG: y_train class counts: (array([0, 1]), array([2680,   20]))
2019-12-12 13:43:49,776  DEBUG: y_test class counts: (array([0, 1]), array([2672,   28]))
2019-12-12 13:43:49,776  DEBUG: y_valid class counts: (array([0, 1]), array([2678,   22]))
2019-12-12 13:43:49,776  INFO: Randomizaiton of X and y matrices complete.
2019-12-12 13:43:49,777  INFO: Lambda: 0.01
2019-12-12 13:43:49,779  DEBUG: Max Rank: 21
2019-12-12 13:43:49,923  DEBUG: Lambda Scale: 0.5196152422706632
2019-12-12 13:43:50,077  DEBUG: criterion1 is the constraint
2019-12-12 13:43:50,077  DEBUG: criterion2 is the solution
2019-12-12 13:43:50,077  DEBUG: iteration criterion1 epsilon1 criterion2 epsilon2 rho      mu
2019-12-12 13:43:50,375  DEBUG:        10   1.02e-02 1.00e-05   1.52e-04 1.00e-04 3.08e+00 2.37e-02
2019-12-12 13:43:50,698  DEBUG:        20   4.07e-04 1.00e-05   1.84e-04 1.00e-04 3.08e+00 6.90e-01
2019-12-12 13:43:51,011  DEBUG:        29   9.25e-06 1.00e-05   6.20e-05 1.00e-04 3.08e+00 2.01e+01
2019-12-12 13:43:51,012  DEBUG: OG SHAPES, X: (2700, 30)  U: (2700, 21)  E: (21, 21)  VT: (21, 30)  L: (2700, 30)
2019-12-12 13:43:51,012  DEBUG: HAT SHAPES, Uhat: (2700, 3)  Ehat: (3, 3)  VThat: (3, 30)  VTta: (18, 30)
2019-12-12 13:43:51,013  DEBUG: X1 SHAPES: X: (2700, 30)  L: (2700, 30)  S: (2700, 30)
2019-12-12 13:43:51,013  DEBUG: X2 SHAPES: X: (2700, 30)  L: (2700, 30)  S: (2700, 30)
2019-12-12 13:43:51,035  INFO: ************ SVM ************
2019-12-12 13:43:51,035  INFO: FOR MATRIX: X
2019-12-12 13:43:51,060  INFO: 
Predicted Packet Type     0
Actual Packet Type         
0                      2672
1                        28
2019-12-12 13:43:51,061  INFO: f1_Score: 0.000000
2019-12-12 13:43:51,090  INFO: ************ SVM ************
2019-12-12 13:43:51,090  INFO: FOR MATRIX: CONCAT LS
2019-12-12 13:43:51,109  INFO: 
Predicted Packet Type     0
Actual Packet Type         
0                      2672
1                        28
2019-12-12 13:43:51,110  INFO: f1_Score: 0.000000
2019-12-12 13:43:51,149  INFO: ************ SVM ************
2019-12-12 13:43:51,149  INFO: FOR MATRIX: CONCAT XLS
2019-12-12 13:43:51,167  INFO: 
Predicted Packet Type     0
Actual Packet Type         
0                      2672
1                        28
2019-12-12 13:43:51,168  INFO: f1_Score: 0.000000
2019-12-12 13:43:51,168  INFO: Lambda: 0.02
2019-12-12 13:43:51,170  DEBUG: Max Rank: 21
2019-12-12 13:43:51,302  DEBUG: Lambda Scale: 1.0392304845413265
2019-12-12 13:43:51,410  DEBUG: criterion1 is the constraint
2019-12-12 13:43:51,411  DEBUG: criterion2 is the solution
2019-12-12 13:43:51,411  DEBUG: iteration criterion1 epsilon1 criterion2 epsilon2 rho      mu
2019-12-12 13:43:51,712  DEBUG:        10   1.45e-02 1.00e-05   1.91e-04 1.00e-04 3.08e+00 2.37e-02
2019-12-12 13:43:52,030  DEBUG:        20   9.53e-04 1.00e-05   1.74e-04 1.00e-04 3.08e+00 2.24e-01
2019-12-12 13:43:52,353  DEBUG:        30   3.86e-05 1.00e-05   9.22e-05 1.00e-04 3.08e+00 6.53e+00
2019-12-12 13:43:52,554  DEBUG:        36   8.21e-06 1.00e-05   3.42e-05 1.00e-04 3.08e+00 2.01e+01
2019-12-12 13:43:52,556  DEBUG: OG SHAPES, X: (2700, 30)  U: (2700, 21)  E: (21, 21)  VT: (21, 30)  L: (2700, 30)
2019-12-12 13:43:52,556  DEBUG: HAT SHAPES, Uhat: (2700, 4)  Ehat: (4, 4)  VThat: (4, 30)  VTta: (17, 30)
2019-12-12 13:43:52,556  DEBUG: X1 SHAPES: X: (2700, 30)  L: (2700, 30)  S: (2700, 30)
2019-12-12 13:43:52,557  DEBUG: X2 SHAPES: X: (2700, 30)  L: (2700, 30)  S: (2700, 30)
2019-12-12 13:43:52,580  INFO: ************ SVM ************
2019-12-12 13:43:52,581  INFO: FOR MATRIX: X
2019-12-12 13:43:52,598  INFO: 
Predicted Packet Type     0
Actual Packet Type         
0                      2672
1                        28
2019-12-12 13:43:52,599  INFO: f1_Score: 0.000000
2019-12-12 13:43:52,630  INFO: ************ SVM ************
2019-12-12 13:43:52,631  INFO: FOR MATRIX: CONCAT LS
2019-12-12 13:43:52,653  INFO: 
Predicted Packet Type     0
Actual Packet Type         
0                      2672
1                        28
2019-12-12 13:43:52,654  INFO: f1_Score: 0.000000
2019-12-12 13:43:52,697  INFO: ************ SVM ************
2019-12-12 13:43:52,697  INFO: FOR MATRIX: CONCAT XLS
2019-12-12 13:43:52,714  INFO: 
Predicted Packet Type     0
Actual Packet Type         
0                      2672
1                        28
2019-12-12 13:43:52,715  INFO: f1_Score: 0.000000
2019-12-12 13:43:52,716  INFO: Lambda: 0.03
2019-12-12 13:43:52,717  DEBUG: Max Rank: 21
2019-12-12 13:43:52,851  DEBUG: Lambda Scale: 1.5588457268119895
2019-12-12 13:43:52,950  DEBUG: criterion1 is the constraint
2019-12-12 13:43:52,951  DEBUG: criterion2 is the solution
2019-12-12 13:43:52,951  DEBUG: iteration criterion1 epsilon1 criterion2 epsilon2 rho      mu
2019-12-12 13:43:53,225  DEBUG:        10   2.25e-02 1.00e-05   3.57e-04 1.00e-04 3.08e+00 2.37e-02
2019-12-12 13:43:53,561  DEBUG:        20   1.65e-03 1.00e-05   2.92e-04 1.00e-04 3.08e+00 6.90e-01
2019-12-12 13:43:53,880  DEBUG:        30   2.78e-05 1.00e-05   4.47e-05 1.00e-04 3.08e+00 6.53e+00
2019-12-12 13:43:53,987  DEBUG:        33   9.24e-06 1.00e-05   3.58e-05 1.00e-04 3.08e+00 2.01e+01
2019-12-12 13:43:53,988  DEBUG: OG SHAPES, X: (2700, 30)  U: (2700, 21)  E: (21, 21)  VT: (21, 30)  L: (2700, 30)
2019-12-12 13:43:53,988  DEBUG: HAT SHAPES, Uhat: (2700, 8)  Ehat: (8, 8)  VThat: (8, 30)  VTta: (13, 30)
2019-12-12 13:43:53,989  DEBUG: X1 SHAPES: X: (2700, 30)  L: (2700, 30)  S: (2700, 30)
2019-12-12 13:43:53,989  DEBUG: X2 SHAPES: X: (2700, 30)  L: (2700, 30)  S: (2700, 30)
2019-12-12 13:43:54,014  INFO: ************ SVM ************
2019-12-12 13:43:54,014  INFO: FOR MATRIX: X
2019-12-12 13:43:54,032  INFO: 
Predicted Packet Type     0
Actual Packet Type         
0                      2672
1                        28
2019-12-12 13:43:54,033  INFO: f1_Score: 0.000000
2019-12-12 13:43:54,065  INFO: ************ SVM ************
2019-12-12 13:43:54,065  INFO: FOR MATRIX: CONCAT LS
2019-12-12 13:43:54,084  INFO: 
Predicted Packet Type     0
Actual Packet Type         
0                      2672
1                        28
2019-12-12 13:43:54,085  INFO: f1_Score: 0.000000
2019-12-12 13:43:54,126  INFO: ************ SVM ************
2019-12-12 13:43:54,126  INFO: FOR MATRIX: CONCAT XLS
2019-12-12 13:43:54,144  INFO: 
Predicted Packet Type     0
Actual Packet Type         
0                      2672
1                        28
2019-12-12 13:43:54,145  INFO: f1_Score: 0.000000
2019-12-12 13:43:54,145  INFO: Lambda: 0.04
2019-12-12 13:43:54,146  DEBUG: Max Rank: 21
2019-12-12 13:43:54,350  DEBUG: Lambda Scale: 2.078460969082653
2019-12-12 13:43:54,506  DEBUG: criterion1 is the constraint
2019-12-12 13:43:54,506  DEBUG: criterion2 is the solution
2019-12-12 13:43:54,506  DEBUG: iteration criterion1 epsilon1 criterion2 epsilon2 rho      mu
2019-12-12 13:43:54,796  DEBUG:        10   2.98e-02 1.00e-05   2.04e-04 1.00e-04 3.08e+00 2.37e-02
2019-12-12 13:43:55,117  DEBUG:        20   4.31e-04 1.00e-05   2.44e-04 1.00e-04 3.08e+00 6.90e-01
2019-12-12 13:43:55,434  DEBUG:        30   5.15e-06 1.00e-05   4.77e-05 1.00e-04 3.08e+00 2.01e+01
2019-12-12 13:43:55,434  DEBUG:        30   5.15e-06 1.00e-05   4.77e-05 1.00e-04 3.08e+00 2.01e+01
2019-12-12 13:43:55,435  DEBUG: OG SHAPES, X: (2700, 30)  U: (2700, 21)  E: (21, 21)  VT: (21, 30)  L: (2700, 30)
2019-12-12 13:43:55,435  DEBUG: HAT SHAPES, Uhat: (2700, 7)  Ehat: (7, 7)  VThat: (7, 30)  VTta: (14, 30)
2019-12-12 13:43:55,436  DEBUG: X1 SHAPES: X: (2700, 30)  L: (2700, 30)  S: (2700, 30)
2019-12-12 13:43:55,436  DEBUG: X2 SHAPES: X: (2700, 30)  L: (2700, 30)  S: (2700, 30)
2019-12-12 13:43:55,457  INFO: ************ SVM ************
2019-12-12 13:43:55,458  INFO: FOR MATRIX: X
2019-12-12 13:43:55,478  INFO: 
Predicted Packet Type     0
Actual Packet Type         
0                      2672
1                        28
2019-12-12 13:43:55,479  INFO: f1_Score: 0.000000
2019-12-12 13:43:55,510  INFO: ************ SVM ************
2019-12-12 13:43:55,510  INFO: FOR MATRIX: CONCAT LS
2019-12-12 13:43:55,528  INFO: 
Predicted Packet Type     0
Actual Packet Type         
0                      2672
1                        28
2019-12-12 13:43:55,529  INFO: f1_Score: 0.000000
2019-12-12 13:43:55,568  INFO: ************ SVM ************
2019-12-12 13:43:55,569  INFO: FOR MATRIX: CONCAT XLS
2019-12-12 13:43:55,586  INFO: 
Predicted Packet Type     0
Actual Packet Type         
0                      2672
1                        28
2019-12-12 13:43:55,587  INFO: f1_Score: 0.000000
2019-12-12 13:43:55,587  INFO: Lambda: 0.05
2019-12-12 13:43:55,590  DEBUG: Max Rank: 21
2019-12-12 13:43:55,727  DEBUG: Lambda Scale: 2.598076211353316
2019-12-12 13:43:55,824  DEBUG: criterion1 is the constraint
2019-12-12 13:43:55,824  DEBUG: criterion2 is the solution
2019-12-12 13:43:55,824  DEBUG: iteration criterion1 epsilon1 criterion2 epsilon2 rho      mu
2019-12-12 13:43:56,099  DEBUG:        10   4.15e-02 1.00e-05   1.10e-04 1.00e-04 3.08e+00 7.71e-03
2019-12-12 13:43:56,421  DEBUG:        20   2.20e-04 1.00e-05   2.09e-04 1.00e-04 3.08e+00 6.90e-01
2019-12-12 13:43:56,617  DEBUG:        26   4.49e-06 1.00e-05   3.68e-05 1.00e-04 3.08e+00 2.01e+01
2019-12-12 13:43:56,618  DEBUG: OG SHAPES, X: (2700, 30)  U: (2700, 21)  E: (21, 21)  VT: (21, 30)  L: (2700, 30)
2019-12-12 13:43:56,618  DEBUG: HAT SHAPES, Uhat: (2700, 7)  Ehat: (7, 7)  VThat: (7, 30)  VTta: (14, 30)
2019-12-12 13:43:56,619  DEBUG: X1 SHAPES: X: (2700, 30)  L: (2700, 30)  S: (2700, 30)
2019-12-12 13:43:56,619  DEBUG: X2 SHAPES: X: (2700, 30)  L: (2700, 30)  S: (2700, 30)
2019-12-12 13:43:56,640  INFO: ************ SVM ************
2019-12-12 13:43:56,641  INFO: FOR MATRIX: X
2019-12-12 13:43:56,658  INFO: 
Predicted Packet Type     0
Actual Packet Type         
0                      2672
1                        28
2019-12-12 13:43:56,659  INFO: f1_Score: 0.000000
2019-12-12 13:43:56,692  INFO: ************ SVM ************
2019-12-12 13:43:56,692  INFO: FOR MATRIX: CONCAT LS
2019-12-12 13:43:56,713  INFO: 
Predicted Packet Type     0
Actual Packet Type         
0                      2672
1                        28
2019-12-12 13:43:56,715  INFO: f1_Score: 0.000000
2019-12-12 13:43:56,755  INFO: ************ SVM ************
2019-12-12 13:43:56,755  INFO: FOR MATRIX: CONCAT XLS
2019-12-12 13:43:56,773  INFO: 
Predicted Packet Type     0
Actual Packet Type         
0                      2672
1                        28
2019-12-12 13:43:56,774  INFO: f1_Score: 0.000000
2019-12-12 13:43:56,774  INFO: Lambda: 0.060000000000000005
2019-12-12 13:43:56,776  DEBUG: Max Rank: 21
2019-12-12 13:43:56,922  DEBUG: Lambda Scale: 3.1176914536239795
2019-12-12 13:43:57,023  DEBUG: criterion1 is the constraint
2019-12-12 13:43:57,024  DEBUG: criterion2 is the solution
2019-12-12 13:43:57,024  DEBUG: iteration criterion1 epsilon1 criterion2 epsilon2 rho      mu
2019-12-12 13:43:57,307  DEBUG:        10   4.61e-02 1.00e-05   1.55e-04 1.00e-04 3.08e+00 7.71e-03
2019-12-12 13:43:57,627  DEBUG:        20   8.32e-04 1.00e-05   1.44e-04 1.00e-04 3.08e+00 2.24e-01
2019-12-12 13:43:57,847  DEBUG:        27   3.97e-06 1.00e-05   5.25e-05 1.00e-04 3.08e+00 2.01e+01
2019-12-12 13:43:57,848  DEBUG: OG SHAPES, X: (2700, 30)  U: (2700, 21)  E: (21, 21)  VT: (21, 30)  L: (2700, 30)
2019-12-12 13:43:57,848  DEBUG: HAT SHAPES, Uhat: (2700, 8)  Ehat: (8, 8)  VThat: (8, 30)  VTta: (13, 30)
2019-12-12 13:43:57,849  DEBUG: X1 SHAPES: X: (2700, 30)  L: (2700, 30)  S: (2700, 30)
2019-12-12 13:43:57,849  DEBUG: X2 SHAPES: X: (2700, 30)  L: (2700, 30)  S: (2700, 30)
2019-12-12 13:43:57,872  INFO: ************ SVM ************
2019-12-12 13:43:57,872  INFO: FOR MATRIX: X
2019-12-12 13:43:57,894  INFO: 
Predicted Packet Type     0
Actual Packet Type         
0                      2672
1                        28
2019-12-12 13:43:57,895  INFO: f1_Score: 0.000000
2019-12-12 13:43:57,929  INFO: ************ SVM ************
2019-12-12 13:43:57,929  INFO: FOR MATRIX: CONCAT LS
2019-12-12 13:43:57,946  INFO: 
Predicted Packet Type     0
Actual Packet Type         
0                      2672
1                        28
2019-12-12 13:43:57,947  INFO: f1_Score: 0.000000
2019-12-12 13:43:57,991  INFO: ************ SVM ************
2019-12-12 13:43:57,991  INFO: FOR MATRIX: CONCAT XLS
2019-12-12 13:43:58,008  INFO: 
Predicted Packet Type     0
Actual Packet Type         
0                      2672
1                        28
2019-12-12 13:43:58,009  INFO: f1_Score: 0.000000
2019-12-12 13:43:58,009  INFO: Lambda: 0.07
2019-12-12 13:43:58,011  DEBUG: Max Rank: 21
2019-12-12 13:43:58,156  DEBUG: Lambda Scale: 3.637306695894643
2019-12-12 13:43:58,255  DEBUG: criterion1 is the constraint
2019-12-12 13:43:58,256  DEBUG: criterion2 is the solution
2019-12-12 13:43:58,256  DEBUG: iteration criterion1 epsilon1 criterion2 epsilon2 rho      mu
2019-12-12 13:43:58,556  DEBUG:        10   5.13e-02 1.00e-05   2.91e-04 1.00e-04 3.08e+00 2.37e-02
2019-12-12 13:43:58,868  DEBUG:        20   1.72e-04 1.00e-05   2.12e-04 1.00e-04 3.08e+00 6.90e-01
2019-12-12 13:43:58,962  DEBUG:        23   8.06e-06 1.00e-05   6.59e-05 1.00e-04 3.08e+00 2.01e+01
2019-12-12 13:43:58,962  DEBUG: OG SHAPES, X: (2700, 30)  U: (2700, 21)  E: (21, 21)  VT: (21, 30)  L: (2700, 30)
2019-12-12 13:43:58,963  DEBUG: HAT SHAPES, Uhat: (2700, 8)  Ehat: (8, 8)  VThat: (8, 30)  VTta: (13, 30)
2019-12-12 13:43:58,963  DEBUG: X1 SHAPES: X: (2700, 30)  L: (2700, 30)  S: (2700, 30)
2019-12-12 13:43:58,964  DEBUG: X2 SHAPES: X: (2700, 30)  L: (2700, 30)  S: (2700, 30)
2019-12-12 13:43:58,984  INFO: ************ SVM ************
2019-12-12 13:43:58,984  INFO: FOR MATRIX: X
2019-12-12 13:43:59,001  INFO: 
Predicted Packet Type     0
Actual Packet Type         
0                      2672
1                        28
2019-12-12 13:43:59,002  INFO: f1_Score: 0.000000
2019-12-12 13:43:59,035  INFO: ************ SVM ************
2019-12-12 13:43:59,035  INFO: FOR MATRIX: CONCAT LS
2019-12-12 13:43:59,053  INFO: 
Predicted Packet Type     0
Actual Packet Type         
0                      2672
1                        28
2019-12-12 13:43:59,055  INFO: f1_Score: 0.000000
2019-12-12 13:43:59,099  INFO: ************ SVM ************
2019-12-12 13:43:59,099  INFO: FOR MATRIX: CONCAT XLS
2019-12-12 13:43:59,123  INFO: 
Predicted Packet Type     0
Actual Packet Type         
0                      2672
1                        28
2019-12-12 13:43:59,124  INFO: f1_Score: 0.000000
2019-12-12 13:43:59,124  INFO: Lambda: 0.08
2019-12-12 13:43:59,126  DEBUG: Max Rank: 21
2019-12-12 13:43:59,271  DEBUG: Lambda Scale: 4.156921938165306
2019-12-12 13:43:59,375  DEBUG: criterion1 is the constraint
2019-12-12 13:43:59,375  DEBUG: criterion2 is the solution
2019-12-12 13:43:59,375  DEBUG: iteration criterion1 epsilon1 criterion2 epsilon2 rho      mu
2019-12-12 13:43:59,671  DEBUG:        10   5.27e-02 1.00e-05   1.46e-04 1.00e-04 3.08e+00 7.71e-03
2019-12-12 13:43:59,999  DEBUG:        20   1.84e-03 1.00e-05   2.04e-04 1.00e-04 3.08e+00 2.24e-01
2019-12-12 13:44:00,222  DEBUG:        27   8.47e-06 1.00e-05   6.43e-05 1.00e-04 3.08e+00 2.01e+01
2019-12-12 13:44:00,223  DEBUG: OG SHAPES, X: (2700, 30)  U: (2700, 21)  E: (21, 21)  VT: (21, 30)  L: (2700, 30)
2019-12-12 13:44:00,223  DEBUG: HAT SHAPES, Uhat: (2700, 8)  Ehat: (8, 8)  VThat: (8, 30)  VTta: (13, 30)
2019-12-12 13:44:00,224  DEBUG: X1 SHAPES: X: (2700, 30)  L: (2700, 30)  S: (2700, 30)
2019-12-12 13:44:00,224  DEBUG: X2 SHAPES: X: (2700, 30)  L: (2700, 30)  S: (2700, 30)
2019-12-12 13:44:00,246  INFO: ************ SVM ************
2019-12-12 13:44:00,246  INFO: FOR MATRIX: X
2019-12-12 13:44:00,265  INFO: 
Predicted Packet Type     0
Actual Packet Type         
0                      2672
1                        28
2019-12-12 13:44:00,266  INFO: f1_Score: 0.000000
2019-12-12 13:44:00,301  INFO: ************ SVM ************
2019-12-12 13:44:00,301  INFO: FOR MATRIX: CONCAT LS
2019-12-12 13:44:00,321  INFO: 
Predicted Packet Type     0
Actual Packet Type         
0                      2672
1                        28
2019-12-12 13:44:00,322  INFO: f1_Score: 0.000000
2019-12-12 13:44:00,363  INFO: ************ SVM ************
2019-12-12 13:44:00,363  INFO: FOR MATRIX: CONCAT XLS
2019-12-12 13:44:00,381  INFO: 
Predicted Packet Type     0
Actual Packet Type         
0                      2672
1                        28
2019-12-12 13:44:00,382  INFO: f1_Score: 0.000000
2019-12-12 13:44:00,382  INFO: Lambda: 0.09
2019-12-12 13:44:00,383  DEBUG: Max Rank: 21
2019-12-12 13:44:00,525  DEBUG: Lambda Scale: 4.676537180435969
2019-12-12 13:44:00,628  DEBUG: criterion1 is the constraint
2019-12-12 13:44:00,629  DEBUG: criterion2 is the solution
2019-12-12 13:44:00,629  DEBUG: iteration criterion1 epsilon1 criterion2 epsilon2 rho      mu
2019-12-12 13:44:00,957  DEBUG:        10   2.55e-02 1.00e-05   5.39e-04 1.00e-04 3.08e+00 2.37e-02
2019-12-12 13:44:01,377  DEBUG:        20   8.73e-05 1.00e-05   1.28e-04 1.00e-04 3.08e+00 6.90e-01
2019-12-12 13:44:01,520  DEBUG:        23   9.92e-06 1.00e-05   4.56e-05 1.00e-04 3.08e+00 6.53e+00
2019-12-12 13:44:01,522  DEBUG: OG SHAPES, X: (2700, 30)  U: (2700, 21)  E: (21, 21)  VT: (21, 30)  L: (2700, 30)
2019-12-12 13:44:01,522  DEBUG: HAT SHAPES, Uhat: (2700, 8)  Ehat: (8, 8)  VThat: (8, 30)  VTta: (13, 30)
2019-12-12 13:44:01,523  DEBUG: X1 SHAPES: X: (2700, 30)  L: (2700, 30)  S: (2700, 30)
2019-12-12 13:44:01,524  DEBUG: X2 SHAPES: X: (2700, 30)  L: (2700, 30)  S: (2700, 30)
2019-12-12 13:44:01,553  INFO: ************ SVM ************
2019-12-12 13:44:01,553  INFO: FOR MATRIX: X
2019-12-12 13:44:30,381  INFO: Run started.
2019-12-12 13:44:30,508  DEBUG: Random seed = 956
2019-12-12 13:44:30,524  DEBUG: y_train class counts: (array([0, 1]), array([2677,   23]))
2019-12-12 13:44:30,524  DEBUG: y_test class counts: (array([0, 1]), array([2684,   16]))
2019-12-12 13:44:30,524  DEBUG: y_valid class counts: (array([0, 1]), array([2669,   31]))
2019-12-12 13:44:30,524  INFO: Randomizaiton of X and y matrices complete.
2019-12-12 13:44:30,525  INFO: Lambda: 0.01
2019-12-12 13:44:30,527  DEBUG: Max Rank: 22
2019-12-12 13:44:30,675  DEBUG: Lambda Scale: 0.5196152422706632
2019-12-12 13:44:30,827  DEBUG: criterion1 is the constraint
2019-12-12 13:44:30,827  DEBUG: criterion2 is the solution
2019-12-12 13:44:30,827  DEBUG: iteration criterion1 epsilon1 criterion2 epsilon2 rho      mu
2019-12-12 13:44:31,116  DEBUG:        10   7.00e-03 1.00e-05   1.64e-04 1.00e-04 3.08e+00 3.20e-02
2019-12-12 13:44:31,423  DEBUG:        20   2.87e-04 1.00e-05   2.71e-04 1.00e-04 3.08e+00 9.31e-01
2019-12-12 13:44:31,752  DEBUG:        30   9.68e-05 1.00e-05   5.63e-05 1.00e-04 3.08e+00 8.80e+00
2019-12-12 13:44:31,910  DEBUG:        35   6.99e-06 1.00e-05   2.92e-05 1.00e-04 3.08e+00 2.71e+01
2019-12-12 13:44:31,911  DEBUG: OG SHAPES, X: (2700, 30)  U: (2700, 22)  E: (22, 22)  VT: (22, 30)  L: (2700, 30)
2019-12-12 13:44:31,912  DEBUG: HAT SHAPES, Uhat: (2700, 3)  Ehat: (3, 3)  VThat: (3, 30)  VTta: (19, 30)
2019-12-12 13:44:31,912  DEBUG: X1 SHAPES: X: (2700, 30)  L: (2700, 30)  S: (2700, 30)
2019-12-12 13:44:31,912  DEBUG: X2 SHAPES: X: (2700, 30)  L: (2700, 30)  S: (2700, 30)
2019-12-12 13:44:31,935  INFO: ************ SVM ************
2019-12-12 13:44:31,936  INFO: FOR MATRIX: X
2019-12-12 13:44:31,956  INFO: 
Predicted Packet Type     0
Actual Packet Type         
0                      2684
1                        16
2019-12-12 13:44:31,957  INFO: f1_Score: 0.000000
2019-12-12 13:44:31,991  INFO: ************ SVM ************
2019-12-12 13:44:31,991  INFO: FOR MATRIX: CONCAT LS
2019-12-12 13:44:32,010  INFO: 
Predicted Packet Type     0
Actual Packet Type         
0                      2684
1                        16
2019-12-12 13:44:32,011  INFO: f1_Score: 0.000000
2019-12-12 13:44:32,059  INFO: ************ SVM ************
2019-12-12 13:44:32,059  INFO: FOR MATRIX: CONCAT XLS
2019-12-12 13:44:32,076  INFO: 
Predicted Packet Type     0
Actual Packet Type         
0                      2684
1                        16
2019-12-12 13:44:32,077  INFO: f1_Score: 0.000000
2019-12-12 13:44:32,078  INFO: Lambda: 0.02
2019-12-12 13:44:32,079  DEBUG: Max Rank: 22
2019-12-12 13:44:32,226  DEBUG: Lambda Scale: 1.0392304845413265
2019-12-12 13:44:32,325  DEBUG: criterion1 is the constraint
2019-12-12 13:44:32,325  DEBUG: criterion2 is the solution
2019-12-12 13:44:32,325  DEBUG: iteration criterion1 epsilon1 criterion2 epsilon2 rho      mu
2019-12-12 13:44:32,595  DEBUG:        10   1.35e-02 1.00e-05   2.22e-04 1.00e-04 3.08e+00 3.20e-02
2019-12-12 13:44:32,918  DEBUG:        20   8.17e-04 1.00e-05   2.08e-04 1.00e-04 3.08e+00 3.03e-01
2019-12-12 13:44:33,231  DEBUG:        30   4.23e-05 1.00e-05   5.26e-05 1.00e-04 3.08e+00 8.80e+00
2019-12-12 13:44:33,497  DEBUG:        38   9.82e-06 1.00e-05   3.91e-05 1.00e-04 3.08e+00 2.71e+01
2019-12-12 13:44:33,498  DEBUG: OG SHAPES, X: (2700, 30)  U: (2700, 22)  E: (22, 22)  VT: (22, 30)  L: (2700, 30)
2019-12-12 13:44:33,499  DEBUG: HAT SHAPES, Uhat: (2700, 4)  Ehat: (4, 4)  VThat: (4, 30)  VTta: (18, 30)
2019-12-12 13:44:33,499  DEBUG: X1 SHAPES: X: (2700, 30)  L: (2700, 30)  S: (2700, 30)
2019-12-12 13:44:33,500  DEBUG: X2 SHAPES: X: (2700, 30)  L: (2700, 30)  S: (2700, 30)
2019-12-12 13:44:33,523  INFO: ************ SVM ************
2019-12-12 13:44:33,523  INFO: FOR MATRIX: X
2019-12-12 13:44:33,542  INFO: 
Predicted Packet Type     0
Actual Packet Type         
0                      2684
1                        16
2019-12-12 13:44:33,544  INFO: f1_Score: 0.000000
2019-12-12 13:44:33,579  INFO: ************ SVM ************
2019-12-12 13:44:33,579  INFO: FOR MATRIX: CONCAT LS
2019-12-12 13:44:33,597  INFO: 
Predicted Packet Type     0
Actual Packet Type         
0                      2684
1                        16
2019-12-12 13:44:33,598  INFO: f1_Score: 0.000000
2019-12-12 13:44:33,646  INFO: ************ SVM ************
2019-12-12 13:44:33,646  INFO: FOR MATRIX: CONCAT XLS
2019-12-12 13:44:33,663  INFO: 
Predicted Packet Type     0
Actual Packet Type         
0                      2684
1                        16
2019-12-12 13:44:33,664  INFO: f1_Score: 0.000000
2019-12-12 13:44:33,664  INFO: Lambda: 0.03
2019-12-12 13:44:33,665  DEBUG: Max Rank: 22
2019-12-12 13:44:33,801  DEBUG: Lambda Scale: 1.5588457268119895
2019-12-12 13:44:33,899  DEBUG: criterion1 is the constraint
2019-12-12 13:44:33,900  DEBUG: criterion2 is the solution
2019-12-12 13:44:33,900  DEBUG: iteration criterion1 epsilon1 criterion2 epsilon2 rho      mu
2019-12-12 13:44:34,184  DEBUG:        10   2.11e-02 1.00e-05   1.83e-04 1.00e-04 3.08e+00 3.20e-02
2019-12-12 13:44:34,500  DEBUG:        20   1.71e-03 1.00e-05   1.46e-04 1.00e-04 3.08e+00 3.03e-01
2019-12-12 13:44:34,816  DEBUG:        30   7.02e-05 1.00e-05   1.40e-04 1.00e-04 3.08e+00 2.86e+00
2019-12-12 13:44:35,032  DEBUG:        37   6.70e-06 1.00e-05   3.51e-05 1.00e-04 3.08e+00 2.71e+01
2019-12-12 13:44:35,033  DEBUG: OG SHAPES, X: (2700, 30)  U: (2700, 22)  E: (22, 22)  VT: (22, 30)  L: (2700, 30)
2019-12-12 13:44:35,033  DEBUG: HAT SHAPES, Uhat: (2700, 8)  Ehat: (8, 8)  VThat: (8, 30)  VTta: (14, 30)
2019-12-12 13:44:35,033  DEBUG: X1 SHAPES: X: (2700, 30)  L: (2700, 30)  S: (2700, 30)
2019-12-12 13:44:35,034  DEBUG: X2 SHAPES: X: (2700, 30)  L: (2700, 30)  S: (2700, 30)
2019-12-12 13:44:35,057  INFO: ************ SVM ************
2019-12-12 13:44:35,058  INFO: FOR MATRIX: X
2019-12-12 13:44:35,075  INFO: 
Predicted Packet Type     0
Actual Packet Type         
0                      2684
1                        16
2019-12-12 13:44:35,076  INFO: f1_Score: 0.000000
2019-12-12 13:44:35,109  INFO: ************ SVM ************
2019-12-12 13:44:35,109  INFO: FOR MATRIX: CONCAT LS
2019-12-12 13:44:35,129  INFO: 
Predicted Packet Type     0
Actual Packet Type         
0                      2684
1                        16
2019-12-12 13:44:35,130  INFO: f1_Score: 0.000000
2019-12-12 13:44:35,176  INFO: ************ SVM ************
2019-12-12 13:44:35,176  INFO: FOR MATRIX: CONCAT XLS
2019-12-12 13:44:35,195  INFO: 
Predicted Packet Type     0
Actual Packet Type         
0                      2684
1                        16
2019-12-12 13:44:35,198  INFO: f1_Score: 0.000000
2019-12-12 13:44:35,199  INFO: Lambda: 0.04
2019-12-12 13:44:35,204  DEBUG: Max Rank: 22
2019-12-12 13:44:35,347  DEBUG: Lambda Scale: 2.078460969082653
2019-12-12 13:44:35,447  DEBUG: criterion1 is the constraint
2019-12-12 13:44:35,447  DEBUG: criterion2 is the solution
2019-12-12 13:44:35,447  DEBUG: iteration criterion1 epsilon1 criterion2 epsilon2 rho      mu
2019-12-12 13:44:35,716  DEBUG:        10   2.66e-02 1.00e-05   2.43e-04 1.00e-04 3.08e+00 3.20e-02
2019-12-12 13:44:36,060  DEBUG:        20   6.76e-05 1.00e-05   1.77e-04 1.00e-04 3.08e+00 9.31e-01
2019-12-12 13:44:36,224  DEBUG:        25   9.00e-06 1.00e-05   3.90e-05 1.00e-04 3.08e+00 2.71e+01
2019-12-12 13:44:36,225  DEBUG: OG SHAPES, X: (2700, 30)  U: (2700, 22)  E: (22, 22)  VT: (22, 30)  L: (2700, 30)
2019-12-12 13:44:36,225  DEBUG: HAT SHAPES, Uhat: (2700, 7)  Ehat: (7, 7)  VThat: (7, 30)  VTta: (15, 30)
2019-12-12 13:44:36,226  DEBUG: X1 SHAPES: X: (2700, 30)  L: (2700, 30)  S: (2700, 30)
2019-12-12 13:44:36,226  DEBUG: X2 SHAPES: X: (2700, 30)  L: (2700, 30)  S: (2700, 30)
2019-12-12 13:44:36,252  INFO: ************ SVM ************
2019-12-12 13:44:36,252  INFO: FOR MATRIX: X
2019-12-12 13:44:36,269  INFO: 
Predicted Packet Type     0
Actual Packet Type         
0                      2684
1                        16
2019-12-12 13:44:36,270  INFO: f1_Score: 0.000000
2019-12-12 13:44:36,302  INFO: ************ SVM ************
2019-12-12 13:44:36,302  INFO: FOR MATRIX: CONCAT LS
2019-12-12 13:44:36,320  INFO: 
Predicted Packet Type     0
Actual Packet Type         
0                      2684
1                        16
2019-12-12 13:44:36,321  INFO: f1_Score: 0.000000
2019-12-12 13:44:36,369  INFO: ************ SVM ************
2019-12-12 13:44:36,369  INFO: FOR MATRIX: CONCAT XLS
2019-12-12 13:44:36,390  INFO: 
Predicted Packet Type     0
Actual Packet Type         
0                      2684
1                        16
2019-12-12 13:44:36,391  INFO: f1_Score: 0.000000
2019-12-12 13:44:36,391  INFO: Lambda: 0.05
2019-12-12 13:44:36,393  DEBUG: Max Rank: 22
2019-12-12 13:44:36,519  DEBUG: Lambda Scale: 2.598076211353316
2019-12-12 13:44:36,620  DEBUG: criterion1 is the constraint
2019-12-12 13:44:36,620  DEBUG: criterion2 is the solution
2019-12-12 13:44:36,620  DEBUG: iteration criterion1 epsilon1 criterion2 epsilon2 rho      mu
2019-12-12 13:44:36,903  DEBUG:        10   1.75e-02 1.00e-05   3.01e-04 1.00e-04 3.08e+00 1.04e-02
2019-12-12 13:44:37,220  DEBUG:        20   1.74e-05 1.00e-05   6.95e-05 1.00e-04 3.08e+00 2.86e+00
2019-12-12 13:44:37,251  DEBUG:        21   9.38e-06 1.00e-05   6.73e-05 1.00e-04 3.08e+00 8.80e+00
2019-12-12 13:44:37,252  DEBUG: OG SHAPES, X: (2700, 30)  U: (2700, 22)  E: (22, 22)  VT: (22, 30)  L: (2700, 30)
2019-12-12 13:44:37,252  DEBUG: HAT SHAPES, Uhat: (2700, 7)  Ehat: (7, 7)  VThat: (7, 30)  VTta: (15, 30)
2019-12-12 13:44:37,252  DEBUG: X1 SHAPES: X: (2700, 30)  L: (2700, 30)  S: (2700, 30)
2019-12-12 13:44:37,253  DEBUG: X2 SHAPES: X: (2700, 30)  L: (2700, 30)  S: (2700, 30)
2019-12-12 13:44:37,275  INFO: ************ SVM ************
2019-12-12 13:44:37,276  INFO: FOR MATRIX: X
2019-12-12 13:44:37,295  INFO: 
Predicted Packet Type     0
Actual Packet Type         
0                      2684
1                        16
2019-12-12 13:44:37,296  INFO: f1_Score: 0.000000
2019-12-12 13:44:37,339  INFO: ************ SVM ************
2019-12-12 13:44:37,339  INFO: FOR MATRIX: CONCAT LS
2019-12-12 13:44:37,356  INFO: 
Predicted Packet Type     0
Actual Packet Type         
0                      2684
1                        16
2019-12-12 13:44:37,357  INFO: f1_Score: 0.000000
2019-12-12 13:44:37,410  INFO: ************ SVM ************
2019-12-12 13:44:37,410  INFO: FOR MATRIX: CONCAT XLS
2019-12-12 13:44:37,427  INFO: 
Predicted Packet Type     0
Actual Packet Type         
0                      2684
1                        16
2019-12-12 13:44:37,429  INFO: f1_Score: 0.000000
2019-12-12 13:44:37,429  INFO: Lambda: 0.060000000000000005
2019-12-12 13:44:37,430  DEBUG: Max Rank: 22
2019-12-12 13:44:37,571  DEBUG: Lambda Scale: 3.1176914536239795
2019-12-12 13:44:37,674  DEBUG: criterion1 is the constraint
2019-12-12 13:44:37,674  DEBUG: criterion2 is the solution
2019-12-12 13:44:37,674  DEBUG: iteration criterion1 epsilon1 criterion2 epsilon2 rho      mu
2019-12-12 13:44:37,955  DEBUG:        10   4.00e-02 1.00e-05   1.11e-04 1.00e-04 3.08e+00 1.04e-02
2019-12-12 13:44:38,279  DEBUG:        20   1.18e-04 1.00e-05   1.42e-04 1.00e-04 3.08e+00 9.31e-01
2019-12-12 13:44:38,377  DEBUG:        23   4.97e-06 1.00e-05   4.31e-05 1.00e-04 3.08e+00 2.71e+01
2019-12-12 13:44:38,378  DEBUG: OG SHAPES, X: (2700, 30)  U: (2700, 22)  E: (22, 22)  VT: (22, 30)  L: (2700, 30)
2019-12-12 13:44:38,378  DEBUG: HAT SHAPES, Uhat: (2700, 7)  Ehat: (7, 7)  VThat: (7, 30)  VTta: (15, 30)
2019-12-12 13:44:38,379  DEBUG: X1 SHAPES: X: (2700, 30)  L: (2700, 30)  S: (2700, 30)
2019-12-12 13:44:38,379  DEBUG: X2 SHAPES: X: (2700, 30)  L: (2700, 30)  S: (2700, 30)
2019-12-12 13:44:38,402  INFO: ************ SVM ************
2019-12-12 13:44:38,402  INFO: FOR MATRIX: X
2019-12-12 13:44:38,419  INFO: 
Predicted Packet Type     0
Actual Packet Type         
0                      2684
1                        16
2019-12-12 13:44:38,420  INFO: f1_Score: 0.000000
2019-12-12 13:44:38,457  INFO: ************ SVM ************
2019-12-12 13:44:38,457  INFO: FOR MATRIX: CONCAT LS
2019-12-12 13:44:38,480  INFO: 
Predicted Packet Type     0
Actual Packet Type         
0                      2684
1                        16
2019-12-12 13:44:38,481  INFO: f1_Score: 0.000000
2019-12-12 13:44:38,533  INFO: ************ SVM ************
2019-12-12 13:44:38,534  INFO: FOR MATRIX: CONCAT XLS
2019-12-12 13:44:38,550  INFO: 
Predicted Packet Type     0
Actual Packet Type         
0                      2684
1                        16
2019-12-12 13:44:38,551  INFO: f1_Score: 0.000000
2019-12-12 13:44:38,552  INFO: Lambda: 0.07
2019-12-12 13:44:38,553  DEBUG: Max Rank: 22
2019-12-12 13:44:38,682  DEBUG: Lambda Scale: 3.637306695894643
2019-12-12 13:44:38,780  DEBUG: criterion1 is the constraint
2019-12-12 13:44:38,780  DEBUG: criterion2 is the solution
2019-12-12 13:44:38,780  DEBUG: iteration criterion1 epsilon1 criterion2 epsilon2 rho      mu
2019-12-12 13:44:39,064  DEBUG:        10   3.58e-02 1.00e-05   2.57e-04 1.00e-04 3.08e+00 1.04e-02
2019-12-12 13:44:39,377  DEBUG:        20   9.05e-04 1.00e-05   3.06e-04 1.00e-04 3.08e+00 3.03e-01
2019-12-12 13:44:39,562  DEBUG:        26   4.58e-06 1.00e-05   6.83e-05 1.00e-04 3.08e+00 8.80e+00
2019-12-12 13:44:39,563  DEBUG: OG SHAPES, X: (2700, 30)  U: (2700, 22)  E: (22, 22)  VT: (22, 30)  L: (2700, 30)
2019-12-12 13:44:39,564  DEBUG: HAT SHAPES, Uhat: (2700, 8)  Ehat: (8, 8)  VThat: (8, 30)  VTta: (14, 30)
2019-12-12 13:44:39,564  DEBUG: X1 SHAPES: X: (2700, 30)  L: (2700, 30)  S: (2700, 30)
2019-12-12 13:44:39,564  DEBUG: X2 SHAPES: X: (2700, 30)  L: (2700, 30)  S: (2700, 30)
2019-12-12 13:44:39,587  INFO: ************ SVM ************
2019-12-12 13:44:39,587  INFO: FOR MATRIX: X
2019-12-12 13:44:39,607  INFO: 
Predicted Packet Type     0
Actual Packet Type         
0                      2684
1                        16
2019-12-12 13:44:39,608  INFO: f1_Score: 0.000000
2019-12-12 13:44:39,645  INFO: ************ SVM ************
2019-12-12 13:44:39,645  INFO: FOR MATRIX: CONCAT LS
2019-12-12 13:44:39,662  INFO: 
Predicted Packet Type     0
Actual Packet Type         
0                      2684
1                        16
2019-12-12 13:44:39,663  INFO: f1_Score: 0.000000
2019-12-12 13:44:39,712  INFO: ************ SVM ************
2019-12-12 13:44:39,712  INFO: FOR MATRIX: CONCAT XLS
2019-12-12 13:44:39,729  INFO: 
Predicted Packet Type     0
Actual Packet Type         
0                      2684
1                        16
2019-12-12 13:44:39,730  INFO: f1_Score: 0.000000
2019-12-12 13:44:39,731  INFO: Lambda: 0.08
2019-12-12 13:44:39,734  DEBUG: Max Rank: 22
2019-12-12 13:44:39,881  DEBUG: Lambda Scale: 4.156921938165306
2019-12-12 13:44:39,979  DEBUG: criterion1 is the constraint
2019-12-12 13:44:39,979  DEBUG: criterion2 is the solution
2019-12-12 13:44:39,979  DEBUG: iteration criterion1 epsilon1 criterion2 epsilon2 rho      mu
2019-12-12 13:44:40,259  DEBUG:        10   3.78e-02 1.00e-05   2.24e-04 1.00e-04 3.08e+00 1.04e-02
2019-12-12 13:44:40,553  DEBUG:        20   1.52e-04 1.00e-05   2.60e-04 1.00e-04 3.08e+00 9.31e-01
2019-12-12 13:44:40,647  DEBUG:        23   7.80e-06 1.00e-05   2.17e-05 1.00e-04 3.08e+00 8.80e+00
2019-12-12 13:44:40,648  DEBUG: OG SHAPES, X: (2700, 30)  U: (2700, 22)  E: (22, 22)  VT: (22, 30)  L: (2700, 30)
2019-12-12 13:44:40,649  DEBUG: HAT SHAPES, Uhat: (2700, 8)  Ehat: (8, 8)  VThat: (8, 30)  VTta: (14, 30)
2019-12-12 13:44:40,649  DEBUG: X1 SHAPES: X: (2700, 30)  L: (2700, 30)  S: (2700, 30)
2019-12-12 13:44:40,650  DEBUG: X2 SHAPES: X: (2700, 30)  L: (2700, 30)  S: (2700, 30)
2019-12-12 13:44:40,678  INFO: ************ SVM ************
2019-12-12 13:44:40,678  INFO: FOR MATRIX: X
2019-12-12 13:44:40,696  INFO: 
Predicted Packet Type     0
Actual Packet Type         
0                      2684
1                        16
2019-12-12 13:44:40,698  INFO: f1_Score: 0.000000
2019-12-12 13:44:40,730  INFO: ************ SVM ************
2019-12-12 13:44:40,730  INFO: FOR MATRIX: CONCAT LS
2019-12-12 13:44:40,747  INFO: 
Predicted Packet Type     0
Actual Packet Type         
0                      2684
1                        16
2019-12-12 13:44:40,749  INFO: f1_Score: 0.000000
2019-12-12 13:44:40,793  INFO: ************ SVM ************
2019-12-12 13:44:40,793  INFO: FOR MATRIX: CONCAT XLS
2019-12-12 13:44:40,810  INFO: 
Predicted Packet Type     0
Actual Packet Type         
0                      2684
1                        16
2019-12-12 13:44:40,811  INFO: f1_Score: 0.000000
2019-12-12 13:44:40,811  INFO: Lambda: 0.09
2019-12-12 13:44:40,813  DEBUG: Max Rank: 22
2019-12-12 13:44:40,942  DEBUG: Lambda Scale: 4.676537180435969
2019-12-12 13:44:41,044  DEBUG: criterion1 is the constraint
2019-12-12 13:44:41,044  DEBUG: criterion2 is the solution
2019-12-12 13:44:41,044  DEBUG: iteration criterion1 epsilon1 criterion2 epsilon2 rho      mu
2019-12-12 13:44:41,325  DEBUG:        10   4.04e-02 1.00e-05   1.49e-04 1.00e-04 3.08e+00 1.04e-02
2019-12-12 13:44:41,630  DEBUG:        20   3.26e-04 1.00e-05   1.45e-04 1.00e-04 3.08e+00 3.03e-01
2019-12-12 13:44:41,754  DEBUG:        24   6.49e-06 1.00e-05   3.69e-05 1.00e-04 3.08e+00 8.80e+00
2019-12-12 13:44:41,755  DEBUG: OG SHAPES, X: (2700, 30)  U: (2700, 22)  E: (22, 22)  VT: (22, 30)  L: (2700, 30)
2019-12-12 13:44:41,755  DEBUG: HAT SHAPES, Uhat: (2700, 8)  Ehat: (8, 8)  VThat: (8, 30)  VTta: (14, 30)
2019-12-12 13:44:41,756  DEBUG: X1 SHAPES: X: (2700, 30)  L: (2700, 30)  S: (2700, 30)
2019-12-12 13:44:41,757  DEBUG: X2 SHAPES: X: (2700, 30)  L: (2700, 30)  S: (2700, 30)
2019-12-12 13:44:41,782  INFO: ************ SVM ************
2019-12-12 13:44:41,782  INFO: FOR MATRIX: X
2019-12-12 13:44:41,801  INFO: 
Predicted Packet Type     0
Actual Packet Type         
0                      2684
1                        16
2019-12-12 13:44:41,802  INFO: f1_Score: 0.000000
2019-12-12 13:44:41,838  INFO: ************ SVM ************
2019-12-12 13:44:41,838  INFO: FOR MATRIX: CONCAT LS
2019-12-12 13:44:41,857  INFO: 
Predicted Packet Type     0
Actual Packet Type         
0                      2684
1                        16
2019-12-12 13:44:41,858  INFO: f1_Score: 0.000000
2019-12-12 13:44:41,903  INFO: ************ SVM ************
2019-12-12 13:44:41,903  INFO: FOR MATRIX: CONCAT XLS
2019-12-12 13:44:41,920  INFO: 
Predicted Packet Type     0
Actual Packet Type         
0                      2684
1                        16
2019-12-12 13:44:41,921  INFO: f1_Score: 0.000000
2019-12-12 13:44:41,921  INFO: Lambda: 0.09999999999999999
2019-12-12 13:44:41,922  DEBUG: Max Rank: 22
2019-12-12 13:44:42,059  DEBUG: Lambda Scale: 5.196152422706632
2019-12-12 13:44:42,158  DEBUG: criterion1 is the constraint
2019-12-12 13:44:42,158  DEBUG: criterion2 is the solution
2019-12-12 13:44:42,158  DEBUG: iteration criterion1 epsilon1 criterion2 epsilon2 rho      mu
2019-12-12 13:44:42,474  DEBUG:        10   4.25e-02 1.00e-05   1.19e-04 1.00e-04 3.08e+00 1.04e-02
2019-12-12 13:44:42,793  DEBUG:        20   1.50e-03 1.00e-05   3.00e-04 1.00e-04 3.08e+00 3.03e-01
2019-12-12 13:44:43,088  DEBUG:        30   1.26e-05 1.00e-05   3.99e-05 1.00e-04 3.08e+00 8.80e+00
2019-12-12 13:44:43,121  DEBUG:        31   4.49e-06 1.00e-05   4.60e-05 1.00e-04 3.08e+00 2.71e+01
2019-12-12 13:44:43,122  DEBUG: OG SHAPES, X: (2700, 30)  U: (2700, 22)  E: (22, 22)  VT: (22, 30)  L: (2700, 30)
2019-12-12 13:44:43,122  DEBUG: HAT SHAPES, Uhat: (2700, 9)  Ehat: (9, 9)  VThat: (9, 30)  VTta: (13, 30)
2019-12-12 13:44:43,123  DEBUG: X1 SHAPES: X: (2700, 30)  L: (2700, 30)  S: (2700, 30)
2019-12-12 13:44:43,124  DEBUG: X2 SHAPES: X: (2700, 30)  L: (2700, 30)  S: (2700, 30)
2019-12-12 13:44:43,155  INFO: ************ SVM ************
2019-12-12 13:44:43,155  INFO: FOR MATRIX: X
2019-12-12 13:44:43,171  INFO: 
Predicted Packet Type     0
Actual Packet Type         
0                      2684
1                        16
2019-12-12 13:44:43,172  INFO: f1_Score: 0.000000
2019-12-12 13:44:43,206  INFO: ************ SVM ************
2019-12-12 13:44:43,206  INFO: FOR MATRIX: CONCAT LS
2019-12-12 13:44:43,223  INFO: 
Predicted Packet Type     0
Actual Packet Type         
0                      2684
1                        16
2019-12-12 13:44:43,224  INFO: f1_Score: 0.000000
2019-12-12 13:44:43,270  INFO: ************ SVM ************
2019-12-12 13:44:43,270  INFO: FOR MATRIX: CONCAT XLS
2019-12-12 13:44:43,286  INFO: 
Predicted Packet Type     0
Actual Packet Type         
0                      2684
1                        16
2019-12-12 13:44:43,287  INFO: f1_Score: 0.000000
2019-12-27 14:09:32,256  INFO: Run started.
2019-12-27 14:10:50,375  INFO: Run started.
2019-12-27 14:11:06,483  INFO: Run started.
2019-12-27 14:11:42,993  INFO: Run started.
2019-12-27 14:12:00,981  INFO: Run started.
2019-12-27 14:12:29,149  INFO: Run started.
2019-12-27 14:12:52,430  INFO: Run started.
2019-12-27 14:13:16,616  INFO: Run started.
2019-12-27 14:25:03,421  INFO: Run started.
2019-12-27 14:26:16,049  INFO: Run started.
2019-12-27 14:26:43,596  INFO: Run started.
2019-12-27 14:30:00,095  INFO: Run started.
2019-12-27 14:32:00,725  INFO: Run started.
2019-12-27 14:43:43,002  INFO: Run started.
2019-12-27 14:44:10,206  INFO: Run started.
2019-12-27 14:45:42,897  INFO: Run started.
2019-12-27 14:47:42,130  INFO: Run started.
2019-12-27 14:48:33,358  INFO: Run started.
2019-12-27 14:49:26,623  DEBUG: Random seed = 3215
2019-12-27 14:49:27,579  DEBUG: y_train class counts: (array([0, 1]), array([2676,   24]))
2019-12-27 14:49:27,580  DEBUG: y_test class counts: (array([0, 1]), array([2680,   20]))
2019-12-27 14:49:27,580  DEBUG: y_valid class counts: (array([0, 1]), array([2674,   26]))
2019-12-27 14:49:27,581  INFO: Randomizaiton of X and y matrices complete.
2019-12-27 14:49:27,616  INFO: Lambda: 0.01
2019-12-27 14:51:38,213  INFO: Run started.
2019-12-27 14:52:19,401  DEBUG: Random seed = 2167
2019-12-27 14:52:20,596  DEBUG: y_train class counts: (array([0, 1]), array([2677,   23]))
2019-12-27 14:52:20,596  DEBUG: y_test class counts: (array([0, 1]), array([2672,   28]))
2019-12-27 14:52:20,597  DEBUG: y_valid class counts: (array([0, 1]), array([2681,   19]))
2019-12-27 14:52:20,597  INFO: Randomizaiton of X and y matrices complete.
2019-12-27 14:52:20,633  INFO: Lambda: 0.01
2019-12-27 14:53:05,472  DEBUG: Max Rank: 0
2019-12-27 14:55:27,495  INFO: Run started.
2019-12-27 14:56:03,803  INFO: Run started.
2019-12-27 15:03:35,056  INFO: Run started.
2019-12-27 15:04:31,651  INFO: Run started.
2019-12-27 15:05:20,371  INFO: Run started.
2019-12-27 15:05:50,350  INFO: Run started.
2019-12-27 15:06:08,706  DEBUG: Random seed = 6575
2019-12-27 15:06:09,111  DEBUG: y_train class counts: (array([0, 1]), array([2667,   33]))
2019-12-27 15:06:09,111  DEBUG: y_test class counts: (array([0, 1]), array([2682,   18]))
2019-12-27 15:06:09,111  DEBUG: y_valid class counts: (array([0, 1]), array([2681,   19]))
2019-12-27 15:06:09,111  INFO: Randomizaiton of X and y matrices complete.
2019-12-27 15:06:09,128  INFO: Lambda: 0.01
2019-12-27 15:06:27,428  DEBUG: Max Rank: 0
2019-12-27 15:09:35,361  INFO: Run started.
2019-12-27 15:10:11,302  INFO: Run started.
2019-12-27 15:12:05,968  INFO: Run started.
2019-12-27 15:12:23,540  DEBUG: Random seed = 304
2019-12-27 15:12:23,950  DEBUG: y_train class counts: (array([0, 1]), array([2681,   19]))
2019-12-27 15:12:23,951  DEBUG: y_test class counts: (array([0, 1]), array([2674,   26]))
2019-12-27 15:12:23,951  DEBUG: y_valid class counts: (array([0, 1]), array([2675,   25]))
2019-12-27 15:12:23,951  INFO: Randomizaiton of X and y matrices complete.
2019-12-27 15:12:23,969  INFO: Lambda: 0.01
2019-12-27 15:12:41,791  DEBUG: Max Rank: 0
2019-12-30 11:22:37,913  INFO: Run started.
2019-12-30 11:22:38,744  DEBUG: Random seed = 5143
2019-12-30 11:22:38,766  DEBUG: y_train class counts: (array([0, 1]), array([2677,   23]))
2019-12-30 11:22:38,767  DEBUG: y_test class counts: (array([0, 1]), array([2675,   25]))
2019-12-30 11:22:38,767  DEBUG: y_valid class counts: (array([0, 1]), array([2678,   22]))
2019-12-30 11:22:38,767  INFO: Randomizaiton of X and y matrices complete.
2019-12-30 11:22:38,768  INFO: Lambda: 0.01
2019-12-30 11:22:38,858  DEBUG: Max Rank: 0
2019-12-30 11:22:39,329  DEBUG: Lambda Scale: 0.5196152422706632
2019-12-30 11:23:05,045  INFO: Run started.
2019-12-30 11:23:05,874  DEBUG: Random seed = 7784
2019-12-30 11:23:05,897  DEBUG: y_train class counts: (array([0, 1]), array([2676,   24]))
2019-12-30 11:23:05,897  DEBUG: y_test class counts: (array([0, 1]), array([2672,   28]))
2019-12-30 11:23:05,898  DEBUG: y_valid class counts: (array([0, 1]), array([2682,   18]))
2019-12-30 11:23:05,898  INFO: Randomizaiton of X and y matrices complete.
2019-12-30 11:23:05,898  INFO: Lambda: 0.01
2019-12-30 11:23:05,980  DEBUG: Max Rank: 0
2019-12-30 11:23:06,468  DEBUG: Lambda Scale: 0.5196152422706632
2019-12-30 11:24:45,574  INFO: Run started.
2019-12-30 11:25:06,849  INFO: Run started.
2019-12-30 11:25:56,154  INFO: Run started.
2019-12-30 11:26:10,147  INFO: Run started.
2019-12-30 11:26:10,988  DEBUG: Random seed = 2484
2019-12-30 11:26:11,008  DEBUG: y_train class counts: (array([0, 1]), array([2683,   17]))
2019-12-30 11:26:11,008  DEBUG: y_test class counts: (array([0, 1]), array([2673,   27]))
2019-12-30 11:26:11,009  DEBUG: y_valid class counts: (array([0, 1]), array([2674,   26]))
2019-12-30 11:26:11,009  INFO: Randomizaiton of X and y matrices complete.
2019-12-30 11:26:11,010  INFO: Lambda: 0.01
2019-12-30 11:26:11,028  DEBUG: Max Rank: 77
2019-12-30 11:26:11,499  DEBUG: Lambda Scale: 0.5196152422706632
2019-12-30 11:26:12,010  DEBUG: criterion1 is the constraint
2019-12-30 11:26:12,010  DEBUG: criterion2 is the solution
2019-12-30 11:26:12,010  DEBUG: iteration criterion1 epsilon1 criterion2 epsilon2 rho      mu
2019-12-30 11:26:13,540  DEBUG:        10   2.57e-02 1.00e-05   2.55e-04 1.00e-04 3.08e+00 1.56e-02
2019-12-30 11:26:15,170  DEBUG:        20   3.82e-03 1.00e-05   2.54e-04 1.00e-04 3.08e+00 1.47e-01
2019-12-30 11:26:41,336  INFO: Run started.
2019-12-30 11:27:04,524  INFO: Run started.
2019-12-30 11:35:11,438  INFO: Run started.
2019-12-30 11:35:12,328  DEBUG: Random seed = 2302
2019-12-30 11:35:12,352  DEBUG: y_train class counts: (array([0, 1]), array([2674,   26]))
2019-12-30 11:35:12,353  DEBUG: y_test class counts: (array([0, 1]), array([2682,   18]))
2019-12-30 11:35:12,353  DEBUG: y_valid class counts: (array([0, 1]), array([2674,   26]))
2019-12-30 11:35:12,353  INFO: Randomizaiton of X and y matrices complete.
2019-12-30 11:35:12,354  INFO: Lambda: 0.01
2019-12-30 11:35:12,356  DEBUG: Max Rank: 0
2019-12-30 11:35:12,817  DEBUG: Lambda Scale: 0.5196152422706632
2019-12-30 11:35:54,508  INFO: Run started.
2019-12-30 11:35:55,488  DEBUG: Random seed = 1797
2019-12-30 11:35:55,518  DEBUG: y_train class counts: (array([0, 1]), array([2680,   20]))
2019-12-30 11:35:55,519  DEBUG: y_test class counts: (array([0, 1]), array([2680,   20]))
2019-12-30 11:35:55,519  DEBUG: y_valid class counts: (array([0, 1]), array([2670,   30]))
2019-12-30 11:35:55,520  INFO: Randomizaiton of X and y matrices complete.
2019-12-30 11:35:55,521  INFO: Lambda: 0.01
2019-12-30 11:35:55,524  DEBUG: Max Rank: 0
2019-12-30 11:35:56,017  DEBUG: Lambda Scale: 0.5196152422706632
2019-12-30 11:38:04,834  INFO: Run started.
2019-12-30 11:38:05,794  DEBUG: Random seed = 241
2019-12-30 11:38:05,831  DEBUG: y_train class counts: (array([0, 1]), array([2683,   17]))
2019-12-30 11:38:05,831  DEBUG: y_test class counts: (array([0, 1]), array([2675,   25]))
2019-12-30 11:38:05,831  DEBUG: y_valid class counts: (array([0, 1]), array([2672,   28]))
2019-12-30 11:38:05,831  INFO: Randomizaiton of X and y matrices complete.
2019-12-30 11:38:05,832  INFO: Lambda: 0.01
2019-12-30 11:38:38,666  INFO: Run started.
2019-12-30 11:38:39,486  DEBUG: Random seed = 818
2019-12-30 11:38:39,512  DEBUG: y_train class counts: (array([0, 1]), array([2671,   29]))
2019-12-30 11:38:39,513  DEBUG: y_test class counts: (array([0, 1]), array([2678,   22]))
2019-12-30 11:38:39,513  DEBUG: y_valid class counts: (array([0, 1]), array([2681,   19]))
2019-12-30 11:38:39,513  INFO: Randomizaiton of X and y matrices complete.
2019-12-30 11:38:39,514  INFO: Lambda: 0.01
2019-12-30 11:39:47,729  INFO: Run started.
2019-12-30 11:39:48,541  DEBUG: Random seed = 6258
2019-12-30 11:39:48,564  DEBUG: y_train class counts: (array([0, 1]), array([2676,   24]))
2019-12-30 11:39:48,565  DEBUG: y_test class counts: (array([0, 1]), array([2678,   22]))
2019-12-30 11:39:48,565  DEBUG: y_valid class counts: (array([0, 1]), array([2676,   24]))
2019-12-30 11:39:48,566  INFO: Randomizaiton of X and y matrices complete.
2019-12-30 11:39:48,566  INFO: Lambda: 0.01
2019-12-30 11:43:03,947  INFO: Run started.
2019-12-30 11:43:04,756  DEBUG: Random seed = 7354
2019-12-30 11:43:04,778  DEBUG: X_train size: (2700, 114)
2019-12-30 11:43:04,778  DEBUG: X_test size: (2700, 114)
2019-12-30 11:43:04,778  DEBUG: X_valid size: (2700, 114)
2019-12-30 11:43:04,779  DEBUG: y_train class counts: (array([0, 1]), array([2675,   25]))
2019-12-30 11:43:04,779  DEBUG: y_test class counts: (array([0, 1]), array([2676,   24]))
2019-12-30 11:43:04,779  DEBUG: y_valid class counts: (array([0, 1]), array([2679,   21]))
2019-12-30 11:43:04,779  INFO: Randomizaiton of X and y matrices complete.
2019-12-30 11:43:04,780  INFO: Lambda: 0.01
2019-12-30 11:44:01,740  INFO: Run started.
2019-12-30 11:44:02,840  DEBUG: Random seed = 2744
2019-12-30 11:44:02,864  DEBUG: X_train size: (2700, 114)
2019-12-30 11:44:02,864  DEBUG: X_test size: (2700, 114)
2019-12-30 11:44:02,864  DEBUG: X_valid size: (2700, 114)
2019-12-30 11:44:02,864  DEBUG: y_train class counts: (array([0, 1]), array([2676,   24]))
2019-12-30 11:44:02,865  DEBUG: y_test class counts: (array([0, 1]), array([2680,   20]))
2019-12-30 11:44:02,865  DEBUG: y_valid class counts: (array([0, 1]), array([2674,   26]))
2019-12-30 11:44:02,865  INFO: Randomizaiton of X and y matrices complete.
2019-12-30 11:44:02,866  INFO: Lambda: 0.01
2019-12-30 11:44:02,868  DEBUG: Max Rank: 0
2019-12-30 11:44:03,337  DEBUG: Lambda Scale: 0.5196152422706632
2019-12-30 11:45:33,215  INFO: Run started.
2019-12-30 11:45:34,034  DEBUG: Random seed = 6053
2019-12-30 11:45:34,063  DEBUG: X_train size: (2700, 114)
2019-12-30 11:45:34,063  DEBUG: X_test size: (2700, 114)
2019-12-30 11:45:34,063  DEBUG: X_valid size: (2700, 114)
2019-12-30 11:45:34,063  DEBUG: y_train class counts: (array([0, 1]), array([2673,   27]))
2019-12-30 11:45:34,064  DEBUG: y_test class counts: (array([0, 1]), array([2676,   24]))
2019-12-30 11:45:34,064  DEBUG: y_valid class counts: (array([0, 1]), array([2681,   19]))
2019-12-30 11:45:34,064  INFO: Randomizaiton of X and y matrices complete.
2019-12-30 11:45:34,065  INFO: Lambda: 0.01
2019-12-30 11:45:34,068  DEBUG: Max Rank: 0
2019-12-30 11:45:34,627  DEBUG: Lambda Scale: 0.5196152422706632
2019-12-30 11:46:20,913  INFO: Run started.
2019-12-30 11:46:21,733  DEBUG: Random seed = 7899
2019-12-30 11:46:21,766  DEBUG: X_train size: (2700, 114)
2019-12-30 11:46:21,766  DEBUG: X_test size: (2700, 114)
2019-12-30 11:46:21,766  DEBUG: X_valid size: (2700, 114)
2019-12-30 11:46:21,767  DEBUG: y_train class counts: (array([0, 1]), array([2671,   29]))
2019-12-30 11:46:21,767  DEBUG: y_test class counts: (array([0, 1]), array([2682,   18]))
2019-12-30 11:46:21,767  DEBUG: y_valid class counts: (array([0, 1]), array([2677,   23]))
2019-12-30 11:46:21,767  INFO: Randomizaiton of X and y matrices complete.
2019-12-30 11:46:21,769  INFO: Lambda: 0.01
2019-12-30 11:46:21,773  DEBUG: Max Rank: 0
2019-12-30 11:46:22,238  DEBUG: Lambda Scale: 0.5196152422706632
2019-12-30 11:46:35,112  INFO: Run started.
2019-12-30 11:46:35,935  DEBUG: Random seed = 2049
2019-12-30 11:46:35,957  DEBUG: X_train size: (2700, 114)
2019-12-30 11:46:35,957  DEBUG: X_test size: (2700, 114)
2019-12-30 11:46:35,957  DEBUG: X_valid size: (2700, 114)
2019-12-30 11:46:35,957  DEBUG: y_train class counts: (array([0, 1]), array([2682,   18]))
2019-12-30 11:46:35,958  DEBUG: y_test class counts: (array([0, 1]), array([2670,   30]))
2019-12-30 11:46:35,958  DEBUG: y_valid class counts: (array([0, 1]), array([2678,   22]))
2019-12-30 11:46:35,958  INFO: Randomizaiton of X and y matrices complete.
2019-12-30 11:46:35,959  INFO: Lambda: 0.01
2019-12-30 11:46:35,962  DEBUG: Max Rank: 0
2019-12-30 11:46:36,410  DEBUG: Lambda Scale: 0.5196152422706632
